{
  "stats": {
    "suites": 1,
    "tests": 1,
    "passes": 1,
    "pending": 0,
    "failures": 0,
    "start": "2023-12-29T13:43:57.849Z",
    "end": "2023-12-29T13:44:38.827Z",
    "duration": 40978,
    "testsRegistered": 1,
    "passPercent": 100,
    "pendingPercent": 0,
    "other": 0,
    "hasOther": false,
    "skipped": 0,
    "hasSkipped": false
  },
  "results": [
    {
      "uuid": "bb5c75e6-80a3-4c6c-8f97-f2b0eeac1256",
      "title": "",
      "fullFile": "cypress/e2e/MessageLibrary/Create_Text_Message.cy.js",
      "file": "cypress/e2e/MessageLibrary/Create_Text_Message.cy.js",
      "beforeHooks": [],
      "afterHooks": [],
      "tests": [],
      "suites": [
        {
          "uuid": "c6a96f98-5f9d-4b95-9b07-8c968df054ba",
          "title": "Message Library",
          "fullFile": "",
          "file": "",
          "beforeHooks": [],
          "afterHooks": [],
          "tests": [
            {
              "title": "C168: Create Text Message",
              "fullTitle": "Message Library C168: Create Text Message",
              "timedOut": null,
              "duration": 40002,
              "state": "passed",
              "speed": "slow",
              "pass": true,
              "fail": false,
              "pending": false,
              "context": null,
              "code": "Login.ValidLogin();\nTextMessage.OpenMessageLibrary();\nTextMessage.CreateTextMessage();",
              "err": {},
              "uuid": "829ec5ed-59a4-4b14-9fe7-e069e8fca3ad",
              "parentUUID": "c6a96f98-5f9d-4b95-9b07-8c968df054ba",
              "isHook": false,
              "skipped": false
            }
          ],
          "suites": [],
          "passes": [
            "829ec5ed-59a4-4b14-9fe7-e069e8fca3ad"
          ],
          "failures": [],
          "pending": [],
          "skipped": [],
          "duration": 40002,
          "root": false,
          "rootEmpty": false,
          "_timeout": 2000
        }
      ],
      "passes": [],
      "failures": [],
      "pending": [],
      "skipped": [],
      "duration": 0,
      "root": true,
      "rootEmpty": true,
      "_timeout": 2000
    }
  ],
  "meta": {
    "mocha": {
      "version": "7.0.1"
    },
    "mochawesome": {
      "options": {
        "quiet": false,
        "reportFilename": "mochawesome",
        "saveHtml": false,
        "saveJson": true,
        "consoleReporter": "spec",
        "useInlineDiffs": false,
        "code": true
      },
      "version": "7.1.3"
    },
    "marge": {
      "options": {
        "overwrite": false,
        "html": false,
        "json": true,
        "reportDir": "cypress/reports/html/.jsons"
      },
      "version": "6.2.0"
    }
  }
}