{
  "stats": {
    "suites": 1,
    "tests": 1,
    "passes": 1,
    "pending": 0,
    "failures": 0,
    "start": "2023-12-29T20:34:54.450Z",
    "end": "2023-12-29T20:35:03.221Z",
    "duration": 8771,
    "testsRegistered": 1,
    "passPercent": 100,
    "pendingPercent": 0,
    "other": 0,
    "hasOther": false,
    "skipped": 0,
    "hasSkipped": false
  },
  "results": [
    {
      "uuid": "544ba48c-6b7c-4dd5-bb0c-f2eda473b975",
      "title": "",
      "fullFile": "cypress/e2e/ForgotUserId/Forgot_User_Id.cy.js",
      "file": "cypress/e2e/ForgotUserId/Forgot_User_Id.cy.js",
      "beforeHooks": [],
      "afterHooks": [],
      "tests": [],
      "suites": [
        {
          "uuid": "e2506f5a-aa6f-4092-906f-faadfbbc2a97",
          "title": "Login",
          "fullFile": "",
          "file": "",
          "beforeHooks": [],
          "afterHooks": [],
          "tests": [
            {
              "title": "C163: Forgot UserId",
              "fullTitle": "Login C163: Forgot UserId",
              "timedOut": null,
              "duration": 8711,
              "state": "passed",
              "speed": "medium",
              "pass": true,
              "fail": false,
              "pending": false,
              "context": null,
              "code": "Login.ForgotUserId();",
              "err": {},
              "uuid": "94cf7a68-9707-4258-9c5f-afe0b4b188cb",
              "parentUUID": "e2506f5a-aa6f-4092-906f-faadfbbc2a97",
              "isHook": false,
              "skipped": false
            }
          ],
          "suites": [],
          "passes": [
            "94cf7a68-9707-4258-9c5f-afe0b4b188cb"
          ],
          "failures": [],
          "pending": [],
          "skipped": [],
          "duration": 8711,
          "root": false,
          "rootEmpty": false,
          "_timeout": 2000
        }
      ],
      "passes": [],
      "failures": [],
      "pending": [],
      "skipped": [],
      "duration": 0,
      "root": true,
      "rootEmpty": true,
      "_timeout": 2000
    }
  ],
  "meta": {
    "mocha": {
      "version": "7.0.1"
    },
    "mochawesome": {
      "options": {
        "quiet": false,
        "reportFilename": "mochawesome",
        "saveHtml": false,
        "saveJson": true,
        "consoleReporter": "spec",
        "useInlineDiffs": false,
        "code": true
      },
      "version": "7.1.3"
    },
    "marge": {
      "options": {
        "overwrite": false,
        "html": false,
        "json": true,
        "reportDir": "cypress/reports/html/.jsons"
      },
      "version": "6.2.0"
    }
  }
}