{
  "stats": {
    "suites": 1,
    "tests": 1,
    "passes": 1,
    "pending": 0,
    "failures": 0,
    "start": "2023-12-29T21:54:24.158Z",
    "end": "2023-12-29T21:54:32.869Z",
    "duration": 8711,
    "testsRegistered": 1,
    "passPercent": 100,
    "pendingPercent": 0,
    "other": 0,
    "hasOther": false,
    "skipped": 0,
    "hasSkipped": false
  },
  "results": [
    {
      "uuid": "ec759923-908b-486e-bbf7-4f059c0b7f50",
      "title": "",
      "fullFile": "cypress/e2e/ForgotUserId/Forgot_User_Id.cy.js",
      "file": "cypress/e2e/ForgotUserId/Forgot_User_Id.cy.js",
      "beforeHooks": [],
      "afterHooks": [],
      "tests": [],
      "suites": [
        {
          "uuid": "ff6affac-ac68-4b37-af82-24d8c3fc3811",
          "title": "Login",
          "fullFile": "",
          "file": "",
          "beforeHooks": [],
          "afterHooks": [],
          "tests": [
            {
              "title": "C163: Forgot UserId",
              "fullTitle": "Login C163: Forgot UserId",
              "timedOut": null,
              "duration": 8662,
              "state": "passed",
              "speed": "medium",
              "pass": true,
              "fail": false,
              "pending": false,
              "context": null,
              "code": "Login.ForgotUserId();",
              "err": {},
              "uuid": "99d32cd8-54a9-418f-9688-230dd98eedbd",
              "parentUUID": "ff6affac-ac68-4b37-af82-24d8c3fc3811",
              "isHook": false,
              "skipped": false
            }
          ],
          "suites": [],
          "passes": [
            "99d32cd8-54a9-418f-9688-230dd98eedbd"
          ],
          "failures": [],
          "pending": [],
          "skipped": [],
          "duration": 8662,
          "root": false,
          "rootEmpty": false,
          "_timeout": 2000
        }
      ],
      "passes": [],
      "failures": [],
      "pending": [],
      "skipped": [],
      "duration": 0,
      "root": true,
      "rootEmpty": true,
      "_timeout": 2000
    }
  ],
  "meta": {
    "mocha": {
      "version": "7.0.1"
    },
    "mochawesome": {
      "options": {
        "quiet": false,
        "reportFilename": "mochawesome",
        "saveHtml": false,
        "saveJson": true,
        "consoleReporter": "spec",
        "useInlineDiffs": false,
        "code": true
      },
      "version": "7.1.3"
    },
    "marge": {
      "options": {
        "overwrite": false,
        "html": false,
        "json": true,
        "reportDir": "cypress/reports/html/.jsons"
      },
      "version": "6.2.0"
    }
  }
}