{
  "stats": {
    "suites": 1,
    "tests": 4,
    "passes": 0,
    "pending": 0,
    "failures": 4,
    "start": "2024-01-31T15:33:12.955Z",
    "end": "2024-01-31T15:34:55.288Z",
    "duration": 102333,
    "testsRegistered": 4,
    "passPercent": 0,
    "pendingPercent": 0,
    "other": 0,
    "hasOther": false,
    "skipped": 0,
    "hasSkipped": false
  },
  "results": [
    {
      "uuid": "9178aeaa-cbe6-4dd4-946f-b1b75b4ea02e",
      "title": "",
      "fullFile": "cypress\\e2e\\AccountOverview\\AccountOverview.cy.js",
      "file": "cypress\\e2e\\AccountOverview\\AccountOverview.cy.js",
      "beforeHooks": [],
      "afterHooks": [],
      "tests": [],
      "suites": [
        {
          "uuid": "8e8e6fd5-972f-48cb-94bc-6abe44b2c0eb",
          "title": "Account Overview",
          "fullFile": "",
          "file": "",
          "beforeHooks": [],
          "afterHooks": [],
          "tests": [
            {
              "title": "Open Premium Plan",
              "fullTitle": "Account Overview Open Premium Plan",
              "timedOut": null,
              "duration": 42903,
              "state": "failed",
              "speed": null,
              "pass": false,
              "fail": true,
              "pending": false,
              "context": "{\n  \"title\": \"cypress-mochawesome-reporter-screenshots\",\n  \"value\": [\n    [\n      \"\\\\AccountOverview\\\\AccountOverview.cy.js\\\\Account Overview -- Open Premium Plan (failed).png\"\n    ]\n  ]\n}",
              "code": "Login.ValidLogin();\nOverview.OpenPremiumPlan();",
              "err": {
                "message": "AssertionError: Timed out retrying after 4000ms: Expected to find element: `a[href=\"/billing/details\"]`, but never found it.",
                "estack": "AssertionError: Timed out retrying after 4000ms: Expected to find element: `a[href=\"/billing/details\"]`, but never found it.\n    at AccountOverview.OpenPremiumPlan (webpack://calling-post-automation/./cypress/ClassFiles/AccountOverview/AccountOverview.js:8:7)\n    at Context.eval (webpack://calling-post-automation/./cypress/e2e/AccountOverview/AccountOverview.cy.js:25:15)",
                "diff": null
              },
              "uuid": "dc63a757-8aba-4ba2-90d3-549f43082ef8",
              "parentUUID": "8e8e6fd5-972f-48cb-94bc-6abe44b2c0eb",
              "isHook": false,
              "skipped": false
            },
            {
              "title": "Open My Profile",
              "fullTitle": "Account Overview Open My Profile",
              "timedOut": null,
              "duration": 18066,
              "state": "failed",
              "speed": null,
              "pass": false,
              "fail": true,
              "pending": false,
              "context": "{\n  \"title\": \"cypress-mochawesome-reporter-screenshots\",\n  \"value\": [\n    [\n      \"\\\\AccountOverview\\\\AccountOverview.cy.js\\\\Account Overview -- Open My Profile (failed).png\"\n    ]\n  ]\n}",
              "code": "Login.ValidLogin();\nLogin.OpenDashboard();\nOverview.OpenMyProfile();",
              "err": {
                "message": "AssertionError: Timed out retrying after 4000ms: Expected to find element: `.link`, but never found it.",
                "estack": "AssertionError: Timed out retrying after 4000ms: Expected to find element: `.link`, but never found it.\n    at AccountOverview.OpenMyProfile (webpack://calling-post-automation/./cypress/ClassFiles/AccountOverview/AccountOverview.js:15:7)\n    at Context.eval (webpack://calling-post-automation/./cypress/e2e/AccountOverview/AccountOverview.cy.js:40:15)",
                "diff": null
              },
              "uuid": "f742e8b4-0116-452a-bed1-d9015964e7f1",
              "parentUUID": "8e8e6fd5-972f-48cb-94bc-6abe44b2c0eb",
              "isHook": false,
              "skipped": false
            },
            {
              "title": "Open My Setting",
              "fullTitle": "Account Overview Open My Setting",
              "timedOut": null,
              "duration": 13780,
              "state": "failed",
              "speed": null,
              "pass": false,
              "fail": true,
              "pending": false,
              "context": "{\n  \"title\": \"cypress-mochawesome-reporter-screenshots\",\n  \"value\": [\n    [\n      \"\\\\AccountOverview\\\\AccountOverview.cy.js\\\\Account Overview -- Open My Setting (failed).png\"\n    ]\n  ]\n}",
              "code": "Login.ValidLogin();\nLogin.OpenDashboard();\nOverview.OpenMySettings();",
              "err": {
                "message": "AssertionError: Timed out retrying after 4000ms: Expected to find element: `.link`, but never found it.",
                "estack": "AssertionError: Timed out retrying after 4000ms: Expected to find element: `.link`, but never found it.\n    at AccountOverview.OpenMySettings (webpack://calling-post-automation/./cypress/ClassFiles/AccountOverview/AccountOverview.js:22:7)\n    at Context.eval (webpack://calling-post-automation/./cypress/e2e/AccountOverview/AccountOverview.cy.js:55:15)",
                "diff": null
              },
              "uuid": "328c5a12-bfa1-4861-a2c2-b830e92ce799",
              "parentUUID": "8e8e6fd5-972f-48cb-94bc-6abe44b2c0eb",
              "isHook": false,
              "skipped": false
            },
            {
              "title": "Open My Billing",
              "fullTitle": "Account Overview Open My Billing",
              "timedOut": null,
              "duration": 13176,
              "state": "failed",
              "speed": null,
              "pass": false,
              "fail": true,
              "pending": false,
              "context": "{\n  \"title\": \"cypress-mochawesome-reporter-screenshots\",\n  \"value\": [\n    [\n      \"\\\\AccountOverview\\\\AccountOverview.cy.js\\\\Account Overview -- Open My Billing (failed).png\"\n    ]\n  ]\n}",
              "code": "Login.ValidLogin();\nLogin.OpenDashboard();\nOverview.OpenMyBilling();",
              "err": {
                "message": "AssertionError: Timed out retrying after 4000ms: Expected to find element: `.link`, but never found it.",
                "estack": "AssertionError: Timed out retrying after 4000ms: Expected to find element: `.link`, but never found it.\n    at AccountOverview.OpenMyBilling (webpack://calling-post-automation/./cypress/ClassFiles/AccountOverview/AccountOverview.js:29:7)\n    at Context.eval (webpack://calling-post-automation/./cypress/e2e/AccountOverview/AccountOverview.cy.js:70:15)",
                "diff": null
              },
              "uuid": "a9c5831d-9682-4fb6-83b4-f2928d5667dd",
              "parentUUID": "8e8e6fd5-972f-48cb-94bc-6abe44b2c0eb",
              "isHook": false,
              "skipped": false
            }
          ],
          "suites": [],
          "passes": [],
          "failures": [
            "dc63a757-8aba-4ba2-90d3-549f43082ef8",
            "f742e8b4-0116-452a-bed1-d9015964e7f1",
            "328c5a12-bfa1-4861-a2c2-b830e92ce799",
            "a9c5831d-9682-4fb6-83b4-f2928d5667dd"
          ],
          "pending": [],
          "skipped": [],
          "duration": 87925,
          "root": false,
          "rootEmpty": false,
          "_timeout": 2000
        }
      ],
      "passes": [],
      "failures": [],
      "pending": [],
      "skipped": [],
      "duration": 0,
      "root": true,
      "rootEmpty": true,
      "_timeout": 2000
    }
  ],
  "meta": {
    "mocha": {
      "version": "7.0.1"
    },
    "mochawesome": {
      "options": {
        "quiet": false,
        "reportFilename": "mochawesome",
        "saveHtml": false,
        "saveJson": true,
        "consoleReporter": "spec",
        "useInlineDiffs": false,
        "code": true
      },
      "version": "7.1.3"
    },
    "marge": {
      "options": {
        "overwrite": false,
        "html": false,
        "json": true,
        "reportDir": "cypress\\reports\\html\\.jsons"
      },
      "version": "6.2.0"
    }
  }
}