{
  "stats": {
    "suites": 1,
    "tests": 1,
    "passes": 1,
    "pending": 0,
    "failures": 0,
    "start": "2024-01-31T09:31:32.325Z",
    "end": "2024-01-31T09:32:28.156Z",
    "duration": 55831,
    "testsRegistered": 1,
    "passPercent": 100,
    "pendingPercent": 0,
    "other": 0,
    "hasOther": false,
    "skipped": 0,
    "hasSkipped": false
  },
  "results": [
    {
      "uuid": "636f5995-edfd-4e55-9aa1-13e916e2f970",
      "title": "",
      "fullFile": "cypress\\e2e\\MessageLibrary\\Create_Voice_Message.cy.js",
      "file": "cypress\\e2e\\MessageLibrary\\Create_Voice_Message.cy.js",
      "beforeHooks": [],
      "afterHooks": [],
      "tests": [],
      "suites": [
        {
          "uuid": "b8801e6f-93b9-4a36-8861-c3471833e0a1",
          "title": "Message Library",
          "fullFile": "",
          "file": "",
          "beforeHooks": [],
          "afterHooks": [],
          "tests": [
            {
              "title": "C169: Create Voice Message",
              "fullTitle": "Message Library C169: Create Voice Message",
              "timedOut": null,
              "duration": 54994,
              "state": "passed",
              "speed": "slow",
              "pass": true,
              "fail": false,
              "pending": false,
              "context": null,
              "code": "Login.ValidLogin();\nVoiceMessage.OpenMessageLibrary();\nVoiceMessage.CreateVoiceMsg();",
              "err": {},
              "uuid": "ecf975c7-b352-40fb-ab36-378bb922ef10",
              "parentUUID": "b8801e6f-93b9-4a36-8861-c3471833e0a1",
              "isHook": false,
              "skipped": false
            }
          ],
          "suites": [],
          "passes": [
            "ecf975c7-b352-40fb-ab36-378bb922ef10"
          ],
          "failures": [],
          "pending": [],
          "skipped": [],
          "duration": 54994,
          "root": false,
          "rootEmpty": false,
          "_timeout": 2000
        }
      ],
      "passes": [],
      "failures": [],
      "pending": [],
      "skipped": [],
      "duration": 0,
      "root": true,
      "rootEmpty": true,
      "_timeout": 2000
    }
  ],
  "meta": {
    "mocha": {
      "version": "7.0.1"
    },
    "mochawesome": {
      "options": {
        "quiet": false,
        "reportFilename": "mochawesome",
        "saveHtml": false,
        "saveJson": true,
        "consoleReporter": "spec",
        "useInlineDiffs": false,
        "code": true
      },
      "version": "7.1.3"
    },
    "marge": {
      "options": {
        "overwrite": false,
        "html": false,
        "json": true,
        "reportDir": "cypress\\reports\\html\\.jsons"
      },
      "version": "6.2.0"
    }
  }
}