{
  "stats": {
    "suites": 1,
    "tests": 1,
    "passes": 0,
    "pending": 0,
    "failures": 1,
    "start": "2024-01-31T15:22:39.172Z",
    "end": "2024-01-31T15:23:09.672Z",
    "duration": 30500,
    "testsRegistered": 1,
    "passPercent": 0,
    "pendingPercent": 0,
    "other": 0,
    "hasOther": false,
    "skipped": 0,
    "hasSkipped": false
  },
  "results": [
    {
      "uuid": "e19d2960-97fb-4410-934c-12178801c494",
      "title": "",
      "fullFile": "cypress\\e2e\\CustomPhoneNumber\\CustomPhoneNumber.cy.js",
      "file": "cypress\\e2e\\CustomPhoneNumber\\CustomPhoneNumber.cy.js",
      "beforeHooks": [],
      "afterHooks": [],
      "tests": [],
      "suites": [
        {
          "uuid": "a3460242-1f9d-4472-b33e-b3eb70bd4a3e",
          "title": "Custom Phone Number",
          "fullFile": "",
          "file": "",
          "beforeHooks": [],
          "afterHooks": [],
          "tests": [
            {
              "title": "Custom Phone Number",
              "fullTitle": "Custom Phone Number Custom Phone Number",
              "timedOut": null,
              "duration": 25278,
              "state": "failed",
              "speed": null,
              "pass": false,
              "fail": true,
              "pending": false,
              "context": "{\n  \"title\": \"cypress-mochawesome-reporter-screenshots\",\n  \"value\": [\n    [\n      \"\\\\CustomPhoneNumber\\\\CustomPhoneNumber.cy.js\\\\Custom Phone Number -- Custom Phone Number (failed).png\"\n    ]\n  ]\n}",
              "code": "Login.ValidLogin();\nCustomNumber.OpenCustomNumbers();\nCustomNumber.AddNewPhoneNumber();\nCustomNumber.CreateVanityNumber();\nCustomNumber.SearchVanity();\nCustomNumber.HideVanityNumber();\nCustomNumber.ViewMoreOptions();\nCustomNumber.SelectPreferredNumber();\nCustomNumber.SelectDiscount();\nCustomNumber.SelectPayment();\nCustomNumber.CompletePurchase();\nCustomNumber.DeleteTestNumber();",
              "err": {
                "message": "AssertionError: Timed out retrying after 4000ms: Expected to find element: `.warning`, but never found it.",
                "estack": "AssertionError: Timed out retrying after 4000ms: Expected to find element: `.warning`, but never found it.\n    at CustomNumbers.DeleteTestNumber (webpack://calling-post-automation/./cypress/ClassFiles/CustomPhoneNumber/CustomPhoneNumber.js:98:7)\n    at Context.eval (webpack://calling-post-automation/./cypress/e2e/CustomPhoneNumber/CustomPhoneNumber.cy.js:34:19)",
                "diff": null
              },
              "uuid": "850f6917-d1de-42c6-a6e5-f61719279cd2",
              "parentUUID": "a3460242-1f9d-4472-b33e-b3eb70bd4a3e",
              "isHook": false,
              "skipped": false
            }
          ],
          "suites": [],
          "passes": [],
          "failures": [
            "850f6917-d1de-42c6-a6e5-f61719279cd2"
          ],
          "pending": [],
          "skipped": [],
          "duration": 25278,
          "root": false,
          "rootEmpty": false,
          "_timeout": 2000
        }
      ],
      "passes": [],
      "failures": [],
      "pending": [],
      "skipped": [],
      "duration": 0,
      "root": true,
      "rootEmpty": true,
      "_timeout": 2000
    }
  ],
  "meta": {
    "mocha": {
      "version": "7.0.1"
    },
    "mochawesome": {
      "options": {
        "quiet": false,
        "reportFilename": "mochawesome",
        "saveHtml": false,
        "saveJson": true,
        "consoleReporter": "spec",
        "useInlineDiffs": false,
        "code": true
      },
      "version": "7.1.3"
    },
    "marge": {
      "options": {
        "overwrite": false,
        "html": false,
        "json": true,
        "reportDir": "cypress\\reports\\html\\.jsons"
      },
      "version": "6.2.0"
    }
  }
}