{
  "stats": {
    "suites": 1,
    "tests": 1,
    "passes": 1,
    "pending": 0,
    "failures": 0,
    "start": "2023-12-29T14:18:08.291Z",
    "end": "2023-12-29T14:18:48.421Z",
    "duration": 40130,
    "testsRegistered": 1,
    "passPercent": 100,
    "pendingPercent": 0,
    "other": 0,
    "hasOther": false,
    "skipped": 0,
    "hasSkipped": false
  },
  "results": [
    {
      "uuid": "7ffdffda-8622-464c-b228-5959f856300a",
      "title": "",
      "fullFile": "cypress/e2e/MessageLibrary/Create_Text_Message.cy.js",
      "file": "cypress/e2e/MessageLibrary/Create_Text_Message.cy.js",
      "beforeHooks": [],
      "afterHooks": [],
      "tests": [],
      "suites": [
        {
          "uuid": "f1d23a74-039d-4811-b8b4-4586757620f4",
          "title": "Message Library",
          "fullFile": "",
          "file": "",
          "beforeHooks": [],
          "afterHooks": [],
          "tests": [
            {
              "title": "C168: Create Text Message",
              "fullTitle": "Message Library C168: Create Text Message",
              "timedOut": null,
              "duration": 40047,
              "state": "passed",
              "speed": "slow",
              "pass": true,
              "fail": false,
              "pending": false,
              "context": null,
              "code": "Login.ValidLogin();\nTextMessage.OpenMessageLibrary();\nTextMessage.CreateTextMessage();",
              "err": {},
              "uuid": "665d2246-d4e2-4b0d-9437-5e6089177412",
              "parentUUID": "f1d23a74-039d-4811-b8b4-4586757620f4",
              "isHook": false,
              "skipped": false
            }
          ],
          "suites": [],
          "passes": [
            "665d2246-d4e2-4b0d-9437-5e6089177412"
          ],
          "failures": [],
          "pending": [],
          "skipped": [],
          "duration": 40047,
          "root": false,
          "rootEmpty": false,
          "_timeout": 2000
        }
      ],
      "passes": [],
      "failures": [],
      "pending": [],
      "skipped": [],
      "duration": 0,
      "root": true,
      "rootEmpty": true,
      "_timeout": 2000
    }
  ],
  "meta": {
    "mocha": {
      "version": "7.0.1"
    },
    "mochawesome": {
      "options": {
        "quiet": false,
        "reportFilename": "mochawesome",
        "saveHtml": false,
        "saveJson": true,
        "consoleReporter": "spec",
        "useInlineDiffs": false,
        "code": true
      },
      "version": "7.1.3"
    },
    "marge": {
      "options": {
        "overwrite": false,
        "html": false,
        "json": true,
        "reportDir": "cypress/reports/html/.jsons"
      },
      "version": "6.2.0"
    }
  }
}