{
  "stats": {
    "suites": 1,
    "tests": 1,
    "passes": 1,
    "pending": 0,
    "failures": 0,
    "start": "2024-01-31T09:24:58.176Z",
    "end": "2024-01-31T09:25:12.698Z",
    "duration": 14522,
    "testsRegistered": 1,
    "passPercent": 100,
    "pendingPercent": 0,
    "other": 0,
    "hasOther": false,
    "skipped": 0,
    "hasSkipped": false
  },
  "results": [
    {
      "uuid": "608f6b20-f772-4f13-be02-e339eb0e01e2",
      "title": "",
      "fullFile": "cypress\\e2e\\Login\\Login_with_valid_userId_&_password.cy.js",
      "file": "cypress\\e2e\\Login\\Login_with_valid_userId_&_password.cy.js",
      "beforeHooks": [],
      "afterHooks": [],
      "tests": [],
      "suites": [
        {
          "uuid": "ff9e644c-b9c1-4c32-9855-6f8683f6ebfb",
          "title": "Login",
          "fullFile": "",
          "file": "",
          "beforeHooks": [],
          "afterHooks": [],
          "tests": [
            {
              "title": "C166: Login With Valid UserId & Password",
              "fullTitle": "Login C166: Login With Valid UserId & Password",
              "timedOut": null,
              "duration": 14325,
              "state": "passed",
              "speed": "slow",
              "pass": true,
              "fail": false,
              "pending": false,
              "context": null,
              "code": "Login.ValidLogin();",
              "err": {},
              "uuid": "0cca9fb2-db3a-4b9c-853c-74c1a3b67527",
              "parentUUID": "ff9e644c-b9c1-4c32-9855-6f8683f6ebfb",
              "isHook": false,
              "skipped": false
            }
          ],
          "suites": [],
          "passes": [
            "0cca9fb2-db3a-4b9c-853c-74c1a3b67527"
          ],
          "failures": [],
          "pending": [],
          "skipped": [],
          "duration": 14325,
          "root": false,
          "rootEmpty": false,
          "_timeout": 2000
        }
      ],
      "passes": [],
      "failures": [],
      "pending": [],
      "skipped": [],
      "duration": 0,
      "root": true,
      "rootEmpty": true,
      "_timeout": 2000
    }
  ],
  "meta": {
    "mocha": {
      "version": "7.0.1"
    },
    "mochawesome": {
      "options": {
        "quiet": false,
        "reportFilename": "mochawesome",
        "saveHtml": false,
        "saveJson": true,
        "consoleReporter": "spec",
        "useInlineDiffs": false,
        "code": true
      },
      "version": "7.1.3"
    },
    "marge": {
      "options": {
        "overwrite": false,
        "html": false,
        "json": true,
        "reportDir": "cypress\\reports\\html\\.jsons"
      },
      "version": "6.2.0"
    }
  }
}