{
  "stats": {
    "suites": 1,
    "tests": 1,
    "passes": 1,
    "pending": 0,
    "failures": 0,
    "start": "2023-12-29T13:02:25.705Z",
    "end": "2023-12-29T13:02:35.032Z",
    "duration": 9327,
    "testsRegistered": 1,
    "passPercent": 100,
    "pendingPercent": 0,
    "other": 0,
    "hasOther": false,
    "skipped": 0,
    "hasSkipped": false
  },
  "results": [
    {
      "uuid": "7ff84d8f-c3b6-489e-855e-82694d83cfb9",
      "title": "",
      "fullFile": "cypress/e2e/ForgotPassword/ForgotPassword.cy.js",
      "file": "cypress/e2e/ForgotPassword/ForgotPassword.cy.js",
      "beforeHooks": [],
      "afterHooks": [],
      "tests": [],
      "suites": [
        {
          "uuid": "a574f4da-fdf2-4c9f-a535-3e2b1e91772e",
          "title": "Login",
          "fullFile": "",
          "file": "",
          "beforeHooks": [],
          "afterHooks": [],
          "tests": [
            {
              "title": "Forgot Password",
              "fullTitle": "Login Forgot Password",
              "timedOut": null,
              "duration": 8385,
              "state": "passed",
              "speed": "medium",
              "pass": true,
              "fail": false,
              "pending": false,
              "context": "{\n  \"title\": \"cypress-mochawesome-reporter-videos-passed\",\n  \"value\": \"cypress/e2e/ForgotPassword/ForgotPassword.cy.js\"\n}",
              "code": "Login.ForgotPassword();",
              "err": {},
              "uuid": "d51e3f48-1425-4e23-b187-24128b3ebac7",
              "parentUUID": "a574f4da-fdf2-4c9f-a535-3e2b1e91772e",
              "isHook": false,
              "skipped": false
            }
          ],
          "suites": [],
          "passes": [
            "d51e3f48-1425-4e23-b187-24128b3ebac7"
          ],
          "failures": [],
          "pending": [],
          "skipped": [],
          "duration": 8385,
          "root": false,
          "rootEmpty": false,
          "_timeout": 2000
        }
      ],
      "passes": [],
      "failures": [],
      "pending": [],
      "skipped": [],
      "duration": 0,
      "root": true,
      "rootEmpty": true,
      "_timeout": 2000
    }
  ],
  "meta": {
    "mocha": {
      "version": "7.0.1"
    },
    "mochawesome": {
      "options": {
        "quiet": false,
        "reportFilename": "mochawesome",
        "saveHtml": false,
        "saveJson": true,
        "consoleReporter": "spec",
        "useInlineDiffs": false,
        "code": true
      },
      "version": "7.1.3"
    },
    "marge": {
      "options": {
        "overwrite": false,
        "html": false,
        "json": true,
        "reportDir": "cypress/reports/html/.jsons"
      },
      "version": "6.2.0"
    }
  }
}