{
  "stats": {
    "suites": 1,
    "tests": 1,
    "passes": 1,
    "pending": 0,
    "failures": 0,
    "start": "2023-12-29T13:51:44.242Z",
    "end": "2023-12-29T13:52:10.475Z",
    "duration": 26233,
    "testsRegistered": 1,
    "passPercent": 100,
    "pendingPercent": 0,
    "other": 0,
    "hasOther": false,
    "skipped": 0,
    "hasSkipped": false
  },
  "results": [
    {
      "uuid": "8c7f45d8-9bf0-44ea-898d-2bda7491076e",
      "title": "",
      "fullFile": "cypress/e2e/StatusAndResults/SearchMessage.cy.js",
      "file": "cypress/e2e/StatusAndResults/SearchMessage.cy.js",
      "beforeHooks": [],
      "afterHooks": [],
      "tests": [],
      "suites": [
        {
          "uuid": "0f2f771e-8642-4f13-abcb-69c300c5db2c",
          "title": "Status And Result",
          "fullFile": "",
          "file": "",
          "beforeHooks": [],
          "afterHooks": [],
          "tests": [
            {
              "title": "C175: Search Message",
              "fullTitle": "Status And Result C175: Search Message",
              "timedOut": null,
              "duration": 25298,
              "state": "passed",
              "speed": "slow",
              "pass": true,
              "fail": false,
              "pending": false,
              "context": null,
              "code": "Login.ValidLogin();\nStatusAndResult.OpenStatusAndResult();\nStatusAndResult.SearchMessage();",
              "err": {},
              "uuid": "a4a729c3-ad2e-4270-9fae-4fedccfd7b19",
              "parentUUID": "0f2f771e-8642-4f13-abcb-69c300c5db2c",
              "isHook": false,
              "skipped": false
            }
          ],
          "suites": [],
          "passes": [
            "a4a729c3-ad2e-4270-9fae-4fedccfd7b19"
          ],
          "failures": [],
          "pending": [],
          "skipped": [],
          "duration": 25298,
          "root": false,
          "rootEmpty": false,
          "_timeout": 2000
        }
      ],
      "passes": [],
      "failures": [],
      "pending": [],
      "skipped": [],
      "duration": 0,
      "root": true,
      "rootEmpty": true,
      "_timeout": 2000
    }
  ],
  "meta": {
    "mocha": {
      "version": "7.0.1"
    },
    "mochawesome": {
      "options": {
        "quiet": false,
        "reportFilename": "mochawesome",
        "saveHtml": false,
        "saveJson": true,
        "consoleReporter": "spec",
        "useInlineDiffs": false,
        "code": true
      },
      "version": "7.1.3"
    },
    "marge": {
      "options": {
        "overwrite": false,
        "html": false,
        "json": true,
        "reportDir": "cypress/reports/html/.jsons"
      },
      "version": "6.2.0"
    }
  }
}