{
  "stats": {
    "suites": 1,
    "tests": 1,
    "passes": 1,
    "pending": 0,
    "failures": 0,
    "start": "2024-01-31T09:30:19.904Z",
    "end": "2024-01-31T09:30:55.181Z",
    "duration": 35277,
    "testsRegistered": 1,
    "passPercent": 100,
    "pendingPercent": 0,
    "other": 0,
    "hasOther": false,
    "skipped": 0,
    "hasSkipped": false
  },
  "results": [
    {
      "uuid": "ad692824-b5c9-482d-83a9-1868153b7244",
      "title": "",
      "fullFile": "cypress\\e2e\\MessageLibrary\\Create_Email_Message.cy.js",
      "file": "cypress\\e2e\\MessageLibrary\\Create_Email_Message.cy.js",
      "beforeHooks": [],
      "afterHooks": [],
      "tests": [],
      "suites": [
        {
          "uuid": "3e241adb-f33d-412e-b5ba-a62678ca9c90",
          "title": "Message Library",
          "fullFile": "",
          "file": "",
          "beforeHooks": [],
          "afterHooks": [],
          "tests": [
            {
              "title": "C167: Create Email Message",
              "fullTitle": "Message Library C167: Create Email Message",
              "timedOut": null,
              "duration": 33927,
              "state": "passed",
              "speed": "slow",
              "pass": true,
              "fail": false,
              "pending": false,
              "context": null,
              "code": "Login.ValidLogin();\nEmailMessage.OpenMessageLibrary();\nEmailMessage.CreateEmailMessage();",
              "err": {},
              "uuid": "227bdcee-89cf-4354-bbd9-76b91ea638f0",
              "parentUUID": "3e241adb-f33d-412e-b5ba-a62678ca9c90",
              "isHook": false,
              "skipped": false
            }
          ],
          "suites": [],
          "passes": [
            "227bdcee-89cf-4354-bbd9-76b91ea638f0"
          ],
          "failures": [],
          "pending": [],
          "skipped": [],
          "duration": 33927,
          "root": false,
          "rootEmpty": false,
          "_timeout": 2000
        }
      ],
      "passes": [],
      "failures": [],
      "pending": [],
      "skipped": [],
      "duration": 0,
      "root": true,
      "rootEmpty": true,
      "_timeout": 2000
    }
  ],
  "meta": {
    "mocha": {
      "version": "7.0.1"
    },
    "mochawesome": {
      "options": {
        "quiet": false,
        "reportFilename": "mochawesome",
        "saveHtml": false,
        "saveJson": true,
        "consoleReporter": "spec",
        "useInlineDiffs": false,
        "code": true
      },
      "version": "7.1.3"
    },
    "marge": {
      "options": {
        "overwrite": false,
        "html": false,
        "json": true,
        "reportDir": "cypress\\reports\\html\\.jsons"
      },
      "version": "6.2.0"
    }
  }
}