{
  "stats": {
    "suites": 1,
    "tests": 1,
    "passes": 1,
    "pending": 0,
    "failures": 0,
    "start": "2023-12-29T22:04:00.147Z",
    "end": "2023-12-29T22:04:24.230Z",
    "duration": 24083,
    "testsRegistered": 1,
    "passPercent": 100,
    "pendingPercent": 0,
    "other": 0,
    "hasOther": false,
    "skipped": 0,
    "hasSkipped": false
  },
  "results": [
    {
      "uuid": "347b9dc5-aa5d-4e8d-a191-609d613cca87",
      "title": "",
      "fullFile": "cypress/e2e/StatusAndResults/RefreshMessage.cy.js",
      "file": "cypress/e2e/StatusAndResults/RefreshMessage.cy.js",
      "beforeHooks": [],
      "afterHooks": [],
      "tests": [],
      "suites": [
        {
          "uuid": "abe0affb-a8a1-4764-8cf2-1eed0a31c304",
          "title": "Status And Result",
          "fullFile": "",
          "file": "",
          "beforeHooks": [],
          "afterHooks": [],
          "tests": [
            {
              "title": "C174: Refresh Message",
              "fullTitle": "Status And Result C174: Refresh Message",
              "timedOut": null,
              "duration": 24044,
              "state": "passed",
              "speed": "slow",
              "pass": true,
              "fail": false,
              "pending": false,
              "context": null,
              "code": "Login.ValidLogin();\nStatusAndResult.OpenStatusAndResult();\nStatusAndResult.RefreshMessage();",
              "err": {},
              "uuid": "65e3e882-9cca-4eca-b717-7c1d6c3822aa",
              "parentUUID": "abe0affb-a8a1-4764-8cf2-1eed0a31c304",
              "isHook": false,
              "skipped": false
            }
          ],
          "suites": [],
          "passes": [
            "65e3e882-9cca-4eca-b717-7c1d6c3822aa"
          ],
          "failures": [],
          "pending": [],
          "skipped": [],
          "duration": 24044,
          "root": false,
          "rootEmpty": false,
          "_timeout": 2000
        }
      ],
      "passes": [],
      "failures": [],
      "pending": [],
      "skipped": [],
      "duration": 0,
      "root": true,
      "rootEmpty": true,
      "_timeout": 2000
    }
  ],
  "meta": {
    "mocha": {
      "version": "7.0.1"
    },
    "mochawesome": {
      "options": {
        "quiet": false,
        "reportFilename": "mochawesome",
        "saveHtml": false,
        "saveJson": true,
        "consoleReporter": "spec",
        "useInlineDiffs": false,
        "code": true
      },
      "version": "7.1.3"
    },
    "marge": {
      "options": {
        "overwrite": false,
        "html": false,
        "json": true,
        "reportDir": "cypress/reports/html/.jsons"
      },
      "version": "6.2.0"
    }
  }
}