{
  "stats": {
    "suites": 1,
    "tests": 1,
    "passes": 1,
    "pending": 0,
    "failures": 0,
    "start": "2023-12-29T13:45:48.708Z",
    "end": "2023-12-29T13:46:43.860Z",
    "duration": 55152,
    "testsRegistered": 1,
    "passPercent": 100,
    "pendingPercent": 0,
    "other": 0,
    "hasOther": false,
    "skipped": 0,
    "hasSkipped": false
  },
  "results": [
    {
      "uuid": "40bd4d3d-9746-45e7-89b9-ff754078e77a",
      "title": "",
      "fullFile": "cypress/e2e/NewCommunication/Create_Email_Message.cy.js",
      "file": "cypress/e2e/NewCommunication/Create_Email_Message.cy.js",
      "beforeHooks": [],
      "afterHooks": [],
      "tests": [],
      "suites": [
        {
          "uuid": "b146647c-ec9a-41b8-9420-ad55bc05913f",
          "title": "New Communication",
          "fullFile": "",
          "file": "",
          "beforeHooks": [],
          "afterHooks": [],
          "tests": [
            {
              "title": "C170: Create Email Message",
              "fullTitle": "New Communication C170: Create Email Message",
              "timedOut": null,
              "duration": 54120,
              "state": "passed",
              "speed": "slow",
              "pass": true,
              "fail": false,
              "pending": false,
              "context": null,
              "code": "Login.ValidLogin();\nEmailMessage.OpenNewCommunication();\nEmailMessage.SelectGroup();\nEmailMessage.CreateEmailMessage();",
              "err": {},
              "uuid": "adf83361-7eae-421a-b12d-80ea9c72158c",
              "parentUUID": "b146647c-ec9a-41b8-9420-ad55bc05913f",
              "isHook": false,
              "skipped": false
            }
          ],
          "suites": [],
          "passes": [
            "adf83361-7eae-421a-b12d-80ea9c72158c"
          ],
          "failures": [],
          "pending": [],
          "skipped": [],
          "duration": 54120,
          "root": false,
          "rootEmpty": false,
          "_timeout": 2000
        }
      ],
      "passes": [],
      "failures": [],
      "pending": [],
      "skipped": [],
      "duration": 0,
      "root": true,
      "rootEmpty": true,
      "_timeout": 2000
    }
  ],
  "meta": {
    "mocha": {
      "version": "7.0.1"
    },
    "mochawesome": {
      "options": {
        "quiet": false,
        "reportFilename": "mochawesome",
        "saveHtml": false,
        "saveJson": true,
        "consoleReporter": "spec",
        "useInlineDiffs": false,
        "code": true
      },
      "version": "7.1.3"
    },
    "marge": {
      "options": {
        "overwrite": false,
        "html": false,
        "json": true,
        "reportDir": "cypress/reports/html/.jsons"
      },
      "version": "6.2.0"
    }
  }
}