{
  "stats": {
    "suites": 1,
    "tests": 1,
    "passes": 1,
    "pending": 0,
    "failures": 0,
    "start": "2023-12-29T13:47:35.154Z",
    "end": "2023-12-29T13:48:44.026Z",
    "duration": 68872,
    "testsRegistered": 1,
    "passPercent": 100,
    "pendingPercent": 0,
    "other": 0,
    "hasOther": false,
    "skipped": 0,
    "hasSkipped": false
  },
  "results": [
    {
      "uuid": "132217f3-dea3-4de5-accb-d8d8bced2013",
      "title": "",
      "fullFile": "cypress/e2e/NewCommunication/Create_Voice_Message.cy.js",
      "file": "cypress/e2e/NewCommunication/Create_Voice_Message.cy.js",
      "beforeHooks": [],
      "afterHooks": [],
      "tests": [],
      "suites": [
        {
          "uuid": "58896b81-db0f-46f4-aa07-cacb95b2bdd7",
          "title": "New Communication",
          "fullFile": "",
          "file": "",
          "beforeHooks": [],
          "afterHooks": [],
          "tests": [
            {
              "title": "C172: Create Voice Message",
              "fullTitle": "New Communication C172: Create Voice Message",
              "timedOut": null,
              "duration": 67867,
              "state": "passed",
              "speed": "slow",
              "pass": true,
              "fail": false,
              "pending": false,
              "context": null,
              "code": "Login.ValidLogin();\nVoiceMessage.OpenNewCommunication();\nVoiceMessage.SelectGroup();\nVoiceMessage.CreateVoiceMsg();",
              "err": {},
              "uuid": "8e8a76d5-7acb-4fd2-aa54-33799998de0a",
              "parentUUID": "58896b81-db0f-46f4-aa07-cacb95b2bdd7",
              "isHook": false,
              "skipped": false
            }
          ],
          "suites": [],
          "passes": [
            "8e8a76d5-7acb-4fd2-aa54-33799998de0a"
          ],
          "failures": [],
          "pending": [],
          "skipped": [],
          "duration": 67867,
          "root": false,
          "rootEmpty": false,
          "_timeout": 2000
        }
      ],
      "passes": [],
      "failures": [],
      "pending": [],
      "skipped": [],
      "duration": 0,
      "root": true,
      "rootEmpty": true,
      "_timeout": 2000
    }
  ],
  "meta": {
    "mocha": {
      "version": "7.0.1"
    },
    "mochawesome": {
      "options": {
        "quiet": false,
        "reportFilename": "mochawesome",
        "saveHtml": false,
        "saveJson": true,
        "consoleReporter": "spec",
        "useInlineDiffs": false,
        "code": true
      },
      "version": "7.1.3"
    },
    "marge": {
      "options": {
        "overwrite": false,
        "html": false,
        "json": true,
        "reportDir": "cypress/reports/html/.jsons"
      },
      "version": "6.2.0"
    }
  }
}