{
  "stats": {
    "suites": 1,
    "tests": 1,
    "passes": 1,
    "pending": 0,
    "failures": 0,
    "start": "2023-12-29T22:00:23.369Z",
    "end": "2023-12-29T22:01:32.068Z",
    "duration": 68699,
    "testsRegistered": 1,
    "passPercent": 100,
    "pendingPercent": 0,
    "other": 0,
    "hasOther": false,
    "skipped": 0,
    "hasSkipped": false
  },
  "results": [
    {
      "uuid": "e7d989c5-88b6-4961-ad36-20106aa6a822",
      "title": "",
      "fullFile": "cypress/e2e/NewCommunication/Create_Voice_Message.cy.js",
      "file": "cypress/e2e/NewCommunication/Create_Voice_Message.cy.js",
      "beforeHooks": [],
      "afterHooks": [],
      "tests": [],
      "suites": [
        {
          "uuid": "de2f9c9e-6452-49fe-943e-2f06da59871a",
          "title": "New Communication",
          "fullFile": "",
          "file": "",
          "beforeHooks": [],
          "afterHooks": [],
          "tests": [
            {
              "title": "C172: Create Voice Message",
              "fullTitle": "New Communication C172: Create Voice Message",
              "timedOut": null,
              "duration": 68627,
              "state": "passed",
              "speed": "slow",
              "pass": true,
              "fail": false,
              "pending": false,
              "context": null,
              "code": "Login.ValidLogin();\nVoiceMessage.OpenNewCommunication();\nVoiceMessage.SelectGroup();\nVoiceMessage.CreateVoiceMsg();",
              "err": {},
              "uuid": "fe30deab-0737-4bca-8e22-2d37fb86471d",
              "parentUUID": "de2f9c9e-6452-49fe-943e-2f06da59871a",
              "isHook": false,
              "skipped": false
            }
          ],
          "suites": [],
          "passes": [
            "fe30deab-0737-4bca-8e22-2d37fb86471d"
          ],
          "failures": [],
          "pending": [],
          "skipped": [],
          "duration": 68627,
          "root": false,
          "rootEmpty": false,
          "_timeout": 2000
        }
      ],
      "passes": [],
      "failures": [],
      "pending": [],
      "skipped": [],
      "duration": 0,
      "root": true,
      "rootEmpty": true,
      "_timeout": 2000
    }
  ],
  "meta": {
    "mocha": {
      "version": "7.0.1"
    },
    "mochawesome": {
      "options": {
        "quiet": false,
        "reportFilename": "mochawesome",
        "saveHtml": false,
        "saveJson": true,
        "consoleReporter": "spec",
        "useInlineDiffs": false,
        "code": true
      },
      "version": "7.1.3"
    },
    "marge": {
      "options": {
        "overwrite": false,
        "html": false,
        "json": true,
        "reportDir": "cypress/reports/html/.jsons"
      },
      "version": "6.2.0"
    }
  }
}