{
  "stats": {
    "suites": 1,
    "tests": 1,
    "passes": 1,
    "pending": 0,
    "failures": 0,
    "start": "2024-01-31T08:55:19.483Z",
    "end": "2024-01-31T08:55:30.051Z",
    "duration": 10568,
    "testsRegistered": 1,
    "passPercent": 100,
    "pendingPercent": 0,
    "other": 0,
    "hasOther": false,
    "skipped": 0,
    "hasSkipped": false
  },
  "results": [
    {
      "uuid": "90e5ef6e-feab-4ae6-b92a-13277f48101b",
      "title": "",
      "fullFile": "cypress\\e2e\\Footer\\PrivacyPolicy.cy.js",
      "file": "cypress\\e2e\\Footer\\PrivacyPolicy.cy.js",
      "beforeHooks": [],
      "afterHooks": [],
      "tests": [],
      "suites": [
        {
          "uuid": "7dba1a04-1b70-499b-8f09-636c408f10b2",
          "title": "Footer",
          "fullFile": "",
          "file": "",
          "beforeHooks": [],
          "afterHooks": [],
          "tests": [
            {
              "title": "Privacy Policy",
              "fullTitle": "Footer Privacy Policy",
              "timedOut": null,
              "duration": 10463,
              "state": "passed",
              "speed": "slow",
              "pass": true,
              "fail": false,
              "pending": false,
              "context": null,
              "code": "Login.ValidLogin();\nFooter.OpenPrivacyPolicy();",
              "err": {},
              "uuid": "e1c936a3-d2d0-434a-8fef-7f7926ca7e5a",
              "parentUUID": "7dba1a04-1b70-499b-8f09-636c408f10b2",
              "isHook": false,
              "skipped": false
            }
          ],
          "suites": [],
          "passes": [
            "e1c936a3-d2d0-434a-8fef-7f7926ca7e5a"
          ],
          "failures": [],
          "pending": [],
          "skipped": [],
          "duration": 10463,
          "root": false,
          "rootEmpty": false,
          "_timeout": 2000
        }
      ],
      "passes": [],
      "failures": [],
      "pending": [],
      "skipped": [],
      "duration": 0,
      "root": true,
      "rootEmpty": true,
      "_timeout": 2000
    }
  ],
  "meta": {
    "mocha": {
      "version": "7.0.1"
    },
    "mochawesome": {
      "options": {
        "quiet": false,
        "reportFilename": "mochawesome",
        "saveHtml": false,
        "saveJson": true,
        "consoleReporter": "spec",
        "useInlineDiffs": false,
        "code": true
      },
      "version": "7.1.3"
    },
    "marge": {
      "options": {
        "overwrite": false,
        "html": false,
        "json": true,
        "reportDir": "cypress\\reports\\html\\.jsons"
      },
      "version": "6.2.0"
    }
  }
}