{
  "stats": {
    "suites": 1,
    "tests": 1,
    "passes": 1,
    "pending": 0,
    "failures": 0,
    "start": "2023-12-29T21:55:37.681Z",
    "end": "2023-12-29T21:55:56.461Z",
    "duration": 18780,
    "testsRegistered": 1,
    "passPercent": 100,
    "pendingPercent": 0,
    "other": 0,
    "hasOther": false,
    "skipped": 0,
    "hasSkipped": false
  },
  "results": [
    {
      "uuid": "31b72ef7-f485-482b-857d-a2007f66c480",
      "title": "",
      "fullFile": "cypress/e2e/Login/Login_with_valid_userId_&_password.cy.js",
      "file": "cypress/e2e/Login/Login_with_valid_userId_&_password.cy.js",
      "beforeHooks": [],
      "afterHooks": [],
      "tests": [],
      "suites": [
        {
          "uuid": "8cc262d2-ad69-48d0-854c-73645dd41fc7",
          "title": "Login",
          "fullFile": "",
          "file": "",
          "beforeHooks": [],
          "afterHooks": [],
          "tests": [
            {
              "title": "C166: Login With Valid UserId & Password",
              "fullTitle": "Login C166: Login With Valid UserId & Password",
              "timedOut": null,
              "duration": 18730,
              "state": "passed",
              "speed": "slow",
              "pass": true,
              "fail": false,
              "pending": false,
              "context": null,
              "code": "Login.ValidLogin();",
              "err": {},
              "uuid": "c11fa328-d5ff-4d7b-ad15-778d3ab2c126",
              "parentUUID": "8cc262d2-ad69-48d0-854c-73645dd41fc7",
              "isHook": false,
              "skipped": false
            }
          ],
          "suites": [],
          "passes": [
            "c11fa328-d5ff-4d7b-ad15-778d3ab2c126"
          ],
          "failures": [],
          "pending": [],
          "skipped": [],
          "duration": 18730,
          "root": false,
          "rootEmpty": false,
          "_timeout": 2000
        }
      ],
      "passes": [],
      "failures": [],
      "pending": [],
      "skipped": [],
      "duration": 0,
      "root": true,
      "rootEmpty": true,
      "_timeout": 2000
    }
  ],
  "meta": {
    "mocha": {
      "version": "7.0.1"
    },
    "mochawesome": {
      "options": {
        "quiet": false,
        "reportFilename": "mochawesome",
        "saveHtml": false,
        "saveJson": true,
        "consoleReporter": "spec",
        "useInlineDiffs": false,
        "code": true
      },
      "version": "7.1.3"
    },
    "marge": {
      "options": {
        "overwrite": false,
        "html": false,
        "json": true,
        "reportDir": "cypress/reports/html/.jsons"
      },
      "version": "6.2.0"
    }
  }
}