{
  "stats": {
    "suites": 1,
    "tests": 3,
    "passes": 1,
    "pending": 0,
    "failures": 2,
    "start": "2024-01-31T14:02:47.280Z",
    "end": "2024-01-31T14:03:40.329Z",
    "duration": 53049,
    "testsRegistered": 3,
    "passPercent": 33.33333333333333,
    "pendingPercent": 0,
    "other": 0,
    "hasOther": false,
    "skipped": 0,
    "hasSkipped": false
  },
  "results": [
    {
      "uuid": "d7bb1b93-d373-446e-a138-5719a01ef041",
      "title": "",
      "fullFile": "cypress\\e2e\\GroupsAndContacts\\Create_Edit_Delete_Group.cy.js",
      "file": "cypress\\e2e\\GroupsAndContacts\\Create_Edit_Delete_Group.cy.js",
      "beforeHooks": [],
      "afterHooks": [],
      "tests": [],
      "suites": [
        {
          "uuid": "119843e0-1dd7-4bff-9e98-0a35ff39baad",
          "title": "Groups And Contacts",
          "fullFile": "",
          "file": "",
          "beforeHooks": [],
          "afterHooks": [],
          "tests": [
            {
              "title": "Create New Group",
              "fullTitle": "Groups And Contacts Create New Group",
              "timedOut": null,
              "duration": 19388,
              "state": "passed",
              "speed": "slow",
              "pass": true,
              "fail": false,
              "pending": false,
              "context": null,
              "code": "Login.ValidLogin();\nGroupsAndContact.OpenGroups();\nGroupsAndContact.CreateGroup(name);",
              "err": {},
              "uuid": "68da30d9-847e-46f7-bc1c-341e0c5ec1c9",
              "parentUUID": "119843e0-1dd7-4bff-9e98-0a35ff39baad",
              "isHook": false,
              "skipped": false
            },
            {
              "title": "Edit Group",
              "fullTitle": "Groups And Contacts Edit Group",
              "timedOut": null,
              "duration": 13315,
              "state": "failed",
              "speed": null,
              "pass": false,
              "fail": true,
              "pending": false,
              "context": "{\n  \"title\": \"cypress-mochawesome-reporter-screenshots\",\n  \"value\": [\n    [\n      \"\\\\GroupsAndContacts\\\\Create_Edit_Delete_Group.cy.js\\\\Groups And Contacts -- Edit Group (failed).png\"\n    ]\n  ]\n}",
              "code": "Login.OpenDashboard();\nGroupsAndContact.OpenGroups();\nGroupsAndContact.EditGroup();",
              "err": {
                "message": "AssertionError: Timed out retrying after 4000ms: Expected to find element: `.sidenav-wrapper > :nth-child(1) > :nth-child(4) > .mat-focus-indicator`, but never found it.",
                "estack": "AssertionError: Timed out retrying after 4000ms: Expected to find element: `.sidenav-wrapper > :nth-child(1) > :nth-child(4) > .mat-focus-indicator`, but never found it.\n    at GroupsAndContacts.OpenGroups (webpack://calling-post-automation/./cypress/ClassFiles/GroupsAndContacts/Add_New_group.js:7:7)\n    at Context.eval (webpack://calling-post-automation/./cypress/e2e/GroupsAndContacts/Create_Edit_Delete_Group.cy.js:52:23)",
                "diff": null
              },
              "uuid": "2b797a4e-2348-4443-9e3a-1e88c4b21f19",
              "parentUUID": "119843e0-1dd7-4bff-9e98-0a35ff39baad",
              "isHook": false,
              "skipped": false
            },
            {
              "title": "Delete Group",
              "fullTitle": "Groups And Contacts Delete Group",
              "timedOut": null,
              "duration": 19460,
              "state": "failed",
              "speed": null,
              "pass": false,
              "fail": true,
              "pending": false,
              "context": "{\n  \"title\": \"cypress-mochawesome-reporter-screenshots\",\n  \"value\": [\n    [\n      \"\\\\GroupsAndContacts\\\\Create_Edit_Delete_Group.cy.js\\\\Groups And Contacts -- Delete Group (failed).png\"\n    ]\n  ]\n}",
              "code": "Login.OpenDashboard();\nGroupsAndContact.OpenGroups();\nGroupsAndContact.DeleteGroup();",
              "err": {
                "message": "AssertionError: Timed out retrying after 4000ms: Expected to find element: `.sidenav-wrapper > :nth-child(1) > :nth-child(4) > .mat-focus-indicator`, but never found it.",
                "estack": "AssertionError: Timed out retrying after 4000ms: Expected to find element: `.sidenav-wrapper > :nth-child(1) > :nth-child(4) > .mat-focus-indicator`, but never found it.\n    at GroupsAndContacts.OpenGroups (webpack://calling-post-automation/./cypress/ClassFiles/GroupsAndContacts/Add_New_group.js:7:7)\n    at Context.eval (webpack://calling-post-automation/./cypress/e2e/GroupsAndContacts/Create_Edit_Delete_Group.cy.js:67:23)",
                "diff": null
              },
              "uuid": "fcb1b192-183c-4f5e-be98-5779107c993e",
              "parentUUID": "119843e0-1dd7-4bff-9e98-0a35ff39baad",
              "isHook": false,
              "skipped": false
            }
          ],
          "suites": [],
          "passes": [
            "68da30d9-847e-46f7-bc1c-341e0c5ec1c9"
          ],
          "failures": [
            "2b797a4e-2348-4443-9e3a-1e88c4b21f19",
            "fcb1b192-183c-4f5e-be98-5779107c993e"
          ],
          "pending": [],
          "skipped": [],
          "duration": 52163,
          "root": false,
          "rootEmpty": false,
          "_timeout": 2000
        }
      ],
      "passes": [],
      "failures": [],
      "pending": [],
      "skipped": [],
      "duration": 0,
      "root": true,
      "rootEmpty": true,
      "_timeout": 2000
    }
  ],
  "meta": {
    "mocha": {
      "version": "7.0.1"
    },
    "mochawesome": {
      "options": {
        "quiet": false,
        "reportFilename": "mochawesome",
        "saveHtml": false,
        "saveJson": true,
        "consoleReporter": "spec",
        "useInlineDiffs": false,
        "code": true
      },
      "version": "7.1.3"
    },
    "marge": {
      "options": {
        "overwrite": false,
        "html": false,
        "json": true,
        "reportDir": "cypress\\reports\\html\\.jsons"
      },
      "version": "6.2.0"
    }
  }
}