{
  "stats": {
    "suites": 1,
    "tests": 1,
    "passes": 1,
    "pending": 0,
    "failures": 0,
    "start": "2023-12-29T13:51:16.809Z",
    "end": "2023-12-29T13:51:41.674Z",
    "duration": 24865,
    "testsRegistered": 1,
    "passPercent": 100,
    "pendingPercent": 0,
    "other": 0,
    "hasOther": false,
    "skipped": 0,
    "hasSkipped": false
  },
  "results": [
    {
      "uuid": "b65e69b0-2f8b-4f66-8c84-10ce13258739",
      "title": "",
      "fullFile": "cypress/e2e/StatusAndResults/RefreshMessage.cy.js",
      "file": "cypress/e2e/StatusAndResults/RefreshMessage.cy.js",
      "beforeHooks": [],
      "afterHooks": [],
      "tests": [],
      "suites": [
        {
          "uuid": "7bcf1572-b1ea-42b9-af09-efcec84569a0",
          "title": "Status And Result",
          "fullFile": "",
          "file": "",
          "beforeHooks": [],
          "afterHooks": [],
          "tests": [
            {
              "title": "C174: Refresh Message",
              "fullTitle": "Status And Result C174: Refresh Message",
              "timedOut": null,
              "duration": 23926,
              "state": "passed",
              "speed": "slow",
              "pass": true,
              "fail": false,
              "pending": false,
              "context": null,
              "code": "Login.ValidLogin();\nStatusAndResult.OpenStatusAndResult();\nStatusAndResult.RefreshMessage();",
              "err": {},
              "uuid": "fd355b5a-c1bf-4b86-9315-75454a6b27de",
              "parentUUID": "7bcf1572-b1ea-42b9-af09-efcec84569a0",
              "isHook": false,
              "skipped": false
            }
          ],
          "suites": [],
          "passes": [
            "fd355b5a-c1bf-4b86-9315-75454a6b27de"
          ],
          "failures": [],
          "pending": [],
          "skipped": [],
          "duration": 23926,
          "root": false,
          "rootEmpty": false,
          "_timeout": 2000
        }
      ],
      "passes": [],
      "failures": [],
      "pending": [],
      "skipped": [],
      "duration": 0,
      "root": true,
      "rootEmpty": true,
      "_timeout": 2000
    }
  ],
  "meta": {
    "mocha": {
      "version": "7.0.1"
    },
    "mochawesome": {
      "options": {
        "quiet": false,
        "reportFilename": "mochawesome",
        "saveHtml": false,
        "saveJson": true,
        "consoleReporter": "spec",
        "useInlineDiffs": false,
        "code": true
      },
      "version": "7.1.3"
    },
    "marge": {
      "options": {
        "overwrite": false,
        "html": false,
        "json": true,
        "reportDir": "cypress/reports/html/.jsons"
      },
      "version": "6.2.0"
    }
  }
}