{
  "stats": {
    "suites": 1,
    "tests": 5,
    "passes": 5,
    "pending": 0,
    "failures": 0,
    "start": "2023-12-29T13:40:39.268Z",
    "end": "2023-12-29T13:41:52.339Z",
    "duration": 73071,
    "testsRegistered": 5,
    "passPercent": 100,
    "pendingPercent": 0,
    "other": 0,
    "hasOther": false,
    "skipped": 0,
    "hasSkipped": false
  },
  "results": [
    {
      "uuid": "33ceca53-099f-4bac-97e6-ef45d6a75630",
      "title": "",
      "fullFile": "cypress/e2e/Dashboard/Dashboard.cy.js",
      "file": "cypress/e2e/Dashboard/Dashboard.cy.js",
      "beforeHooks": [],
      "afterHooks": [],
      "tests": [],
      "suites": [
        {
          "uuid": "876177fe-940c-4d7c-8738-0c224c1181f1",
          "title": "Dashboard",
          "fullFile": "",
          "file": "",
          "beforeHooks": [],
          "afterHooks": [],
          "tests": [
            {
              "title": "C157: Left Menu",
              "fullTitle": "Dashboard C157: Left Menu",
              "timedOut": null,
              "duration": 33226,
              "state": "passed",
              "speed": "slow",
              "pass": true,
              "fail": false,
              "pending": false,
              "context": null,
              "code": "Login.ValidLogin();\nDashboard.MenuBtn();\nDashboard.MenuBtn();",
              "err": {},
              "uuid": "b37d5168-6b59-40b1-84f0-6c470b0012a8",
              "parentUUID": "876177fe-940c-4d7c-8738-0c224c1181f1",
              "isHook": false,
              "skipped": false
            },
            {
              "title": "C158: Notifications",
              "fullTitle": "Dashboard C158: Notifications",
              "timedOut": null,
              "duration": 8892,
              "state": "passed",
              "speed": "medium",
              "pass": true,
              "fail": false,
              "pending": false,
              "context": null,
              "code": "Login.OpenDashboard();\nDashboard.OpenNotifications();",
              "err": {},
              "uuid": "421742c6-60a0-432a-a29b-e3d6de7d624d",
              "parentUUID": "876177fe-940c-4d7c-8738-0c224c1181f1",
              "isHook": false,
              "skipped": false
            },
            {
              "title": "C159: Profile Menu & Profile Settings",
              "fullTitle": "Dashboard C159: Profile Menu & Profile Settings",
              "timedOut": null,
              "duration": 9970,
              "state": "passed",
              "speed": "medium",
              "pass": true,
              "fail": false,
              "pending": false,
              "context": null,
              "code": "Login.OpenDashboard();\nDashboard.OpenProfileSettings();",
              "err": {},
              "uuid": "bb2d479d-7bbf-4c37-abc4-310262a27c41",
              "parentUUID": "876177fe-940c-4d7c-8738-0c224c1181f1",
              "isHook": false,
              "skipped": false
            },
            {
              "title": "C160: System Settings",
              "fullTitle": "Dashboard C160: System Settings",
              "timedOut": null,
              "duration": 9893,
              "state": "passed",
              "speed": "medium",
              "pass": true,
              "fail": false,
              "pending": false,
              "context": null,
              "code": "Login.OpenDashboard();\nDashboard.OpenSystemSettings();",
              "err": {},
              "uuid": "ff250003-8e7b-43d2-af02-8b5a239a4af7",
              "parentUUID": "876177fe-940c-4d7c-8738-0c224c1181f1",
              "isHook": false,
              "skipped": false
            },
            {
              "title": "C161: Account Managers",
              "fullTitle": "Dashboard C161: Account Managers",
              "timedOut": null,
              "duration": 9977,
              "state": "passed",
              "speed": "medium",
              "pass": true,
              "fail": false,
              "pending": false,
              "context": null,
              "code": "Login.OpenDashboard();\nDashboard.OpenAccountManagers();",
              "err": {},
              "uuid": "6d85453a-6c71-40ab-82df-e033582d46dd",
              "parentUUID": "876177fe-940c-4d7c-8738-0c224c1181f1",
              "isHook": false,
              "skipped": false
            }
          ],
          "suites": [],
          "passes": [
            "b37d5168-6b59-40b1-84f0-6c470b0012a8",
            "421742c6-60a0-432a-a29b-e3d6de7d624d",
            "bb2d479d-7bbf-4c37-abc4-310262a27c41",
            "ff250003-8e7b-43d2-af02-8b5a239a4af7",
            "6d85453a-6c71-40ab-82df-e033582d46dd"
          ],
          "failures": [],
          "pending": [],
          "skipped": [],
          "duration": 71958,
          "root": false,
          "rootEmpty": false,
          "_timeout": 2000
        }
      ],
      "passes": [],
      "failures": [],
      "pending": [],
      "skipped": [],
      "duration": 0,
      "root": true,
      "rootEmpty": true,
      "_timeout": 2000
    }
  ],
  "meta": {
    "mocha": {
      "version": "7.0.1"
    },
    "mochawesome": {
      "options": {
        "quiet": false,
        "reportFilename": "mochawesome",
        "saveHtml": false,
        "saveJson": true,
        "consoleReporter": "spec",
        "useInlineDiffs": false,
        "code": true
      },
      "version": "7.1.3"
    },
    "marge": {
      "options": {
        "overwrite": false,
        "html": false,
        "json": true,
        "reportDir": "cypress/reports/html/.jsons"
      },
      "version": "6.2.0"
    }
  }
}