{
  "stats": {
    "suites": 1,
    "tests": 4,
    "passes": 4,
    "pending": 0,
    "failures": 0,
    "start": "2024-01-31T09:32:35.316Z",
    "end": "2024-01-31T09:33:47.518Z",
    "duration": 72202,
    "testsRegistered": 4,
    "passPercent": 100,
    "pendingPercent": 0,
    "other": 0,
    "hasOther": false,
    "skipped": 0,
    "hasSkipped": false
  },
  "results": [
    {
      "uuid": "4b562ded-0b05-4afa-97e3-e2eebd2247a7",
      "title": "",
      "fullFile": "cypress\\e2e\\MessageLibrary\\FilterMessage.cy.js",
      "file": "cypress\\e2e\\MessageLibrary\\FilterMessage.cy.js",
      "beforeHooks": [],
      "afterHooks": [],
      "tests": [],
      "suites": [
        {
          "uuid": "8f23fa2a-65cf-4eb0-8f4f-13bde2cbcbf2",
          "title": "Message Library",
          "fullFile": "",
          "file": "",
          "beforeHooks": [],
          "afterHooks": [],
          "tests": [
            {
              "title": "Sort Filter Message",
              "fullTitle": "Message Library Sort Filter Message",
              "timedOut": null,
              "duration": 18417,
              "state": "passed",
              "speed": "slow",
              "pass": true,
              "fail": false,
              "pending": false,
              "context": null,
              "code": "Login.ValidLogin();\nTextMessage.OpenMessageLibrary();\nTextMessage.SortFilterMessage();",
              "err": {},
              "uuid": "c1e77883-8b4a-4bc8-b9f4-4d9864dceb20",
              "parentUUID": "8f23fa2a-65cf-4eb0-8f4f-13bde2cbcbf2",
              "isHook": false,
              "skipped": false
            },
            {
              "title": "Filter Voice Message",
              "fullTitle": "Message Library Filter Voice Message",
              "timedOut": null,
              "duration": 21942,
              "state": "passed",
              "speed": "slow",
              "pass": true,
              "fail": false,
              "pending": false,
              "context": null,
              "code": "Login.OpenDashboard();\nTextMessage.OpenMessageLibrary();\nTextMessage.FilterVoiceMessage();",
              "err": {},
              "uuid": "1146dd5f-bb9c-4bd7-bb52-375dae3c2fc6",
              "parentUUID": "8f23fa2a-65cf-4eb0-8f4f-13bde2cbcbf2",
              "isHook": false,
              "skipped": false
            },
            {
              "title": "Filter Text Message",
              "fullTitle": "Message Library Filter Text Message",
              "timedOut": null,
              "duration": 15485,
              "state": "passed",
              "speed": "slow",
              "pass": true,
              "fail": false,
              "pending": false,
              "context": null,
              "code": "Login.OpenDashboard();\nTextMessage.OpenMessageLibrary();\nTextMessage.FilterTextMessage();",
              "err": {},
              "uuid": "9be9c206-e8b3-4663-b415-0110b64185f5",
              "parentUUID": "8f23fa2a-65cf-4eb0-8f4f-13bde2cbcbf2",
              "isHook": false,
              "skipped": false
            },
            {
              "title": "Filter Email Message",
              "fullTitle": "Message Library Filter Email Message",
              "timedOut": null,
              "duration": 14829,
              "state": "passed",
              "speed": "slow",
              "pass": true,
              "fail": false,
              "pending": false,
              "context": null,
              "code": "Login.OpenDashboard();\nTextMessage.OpenMessageLibrary();\nTextMessage.FilterEmailMessage();",
              "err": {},
              "uuid": "aaf04096-d011-48e1-bc1a-28b6b6a0dc72",
              "parentUUID": "8f23fa2a-65cf-4eb0-8f4f-13bde2cbcbf2",
              "isHook": false,
              "skipped": false
            }
          ],
          "suites": [],
          "passes": [
            "c1e77883-8b4a-4bc8-b9f4-4d9864dceb20",
            "1146dd5f-bb9c-4bd7-bb52-375dae3c2fc6",
            "9be9c206-e8b3-4663-b415-0110b64185f5",
            "aaf04096-d011-48e1-bc1a-28b6b6a0dc72"
          ],
          "failures": [],
          "pending": [],
          "skipped": [],
          "duration": 70673,
          "root": false,
          "rootEmpty": false,
          "_timeout": 2000
        }
      ],
      "passes": [],
      "failures": [],
      "pending": [],
      "skipped": [],
      "duration": 0,
      "root": true,
      "rootEmpty": true,
      "_timeout": 2000
    }
  ],
  "meta": {
    "mocha": {
      "version": "7.0.1"
    },
    "mochawesome": {
      "options": {
        "quiet": false,
        "reportFilename": "mochawesome",
        "saveHtml": false,
        "saveJson": true,
        "consoleReporter": "spec",
        "useInlineDiffs": false,
        "code": true
      },
      "version": "7.1.3"
    },
    "marge": {
      "options": {
        "overwrite": false,
        "html": false,
        "json": true,
        "reportDir": "cypress\\reports\\html\\.jsons"
      },
      "version": "6.2.0"
    }
  }
}