{
  "stats": {
    "suites": 1,
    "tests": 1,
    "passes": 1,
    "pending": 0,
    "failures": 0,
    "start": "2024-01-31T08:54:13.438Z",
    "end": "2024-01-31T08:54:29.183Z",
    "duration": 15745,
    "testsRegistered": 1,
    "passPercent": 100,
    "pendingPercent": 0,
    "other": 0,
    "hasOther": false,
    "skipped": 0,
    "hasSkipped": false
  },
  "results": [
    {
      "uuid": "295ece4b-3c33-47e3-b290-e364f4871cf3",
      "title": "",
      "fullFile": "cypress\\e2e\\ForgotPassword\\Cancel_Request_Password.cy.js",
      "file": "cypress\\e2e\\ForgotPassword\\Cancel_Request_Password.cy.js",
      "beforeHooks": [],
      "afterHooks": [],
      "tests": [],
      "suites": [
        {
          "uuid": "89d7e298-aaca-445e-bfef-c765004e5fa2",
          "title": "Login",
          "fullFile": "",
          "file": "",
          "beforeHooks": [],
          "afterHooks": [],
          "tests": [
            {
              "title": "Cancel Request Password",
              "fullTitle": "Login Cancel Request Password",
              "timedOut": null,
              "duration": 15657,
              "state": "passed",
              "speed": "slow",
              "pass": true,
              "fail": false,
              "pending": false,
              "context": null,
              "code": "Login.CancelRequest();",
              "err": {},
              "uuid": "6166a102-8729-4591-9c57-e082884e1ba4",
              "parentUUID": "89d7e298-aaca-445e-bfef-c765004e5fa2",
              "isHook": false,
              "skipped": false
            }
          ],
          "suites": [],
          "passes": [
            "6166a102-8729-4591-9c57-e082884e1ba4"
          ],
          "failures": [],
          "pending": [],
          "skipped": [],
          "duration": 15657,
          "root": false,
          "rootEmpty": false,
          "_timeout": 2000
        }
      ],
      "passes": [],
      "failures": [],
      "pending": [],
      "skipped": [],
      "duration": 0,
      "root": true,
      "rootEmpty": true,
      "_timeout": 2000
    }
  ],
  "meta": {
    "mocha": {
      "version": "7.0.1"
    },
    "mochawesome": {
      "options": {
        "quiet": false,
        "reportFilename": "mochawesome",
        "saveHtml": false,
        "saveJson": true,
        "consoleReporter": "spec",
        "useInlineDiffs": false,
        "code": true
      },
      "version": "7.1.3"
    },
    "marge": {
      "options": {
        "overwrite": false,
        "html": false,
        "json": true,
        "reportDir": "cypress\\reports\\html\\.jsons"
      },
      "version": "6.2.0"
    }
  }
}