{
  "stats": {
    "suites": 1,
    "tests": 1,
    "passes": 1,
    "pending": 0,
    "failures": 0,
    "start": "2023-12-29T13:57:30.163Z",
    "end": "2023-12-29T13:57:56.109Z",
    "duration": 25946,
    "testsRegistered": 1,
    "passPercent": 100,
    "pendingPercent": 0,
    "other": 0,
    "hasOther": false,
    "skipped": 0,
    "hasSkipped": false
  },
  "results": [
    {
      "uuid": "e695fb00-e6fe-4645-8ddb-f55de2cd524c",
      "title": "",
      "fullFile": "cypress/e2e/GroupsAndContacts/All_Contacts.cy.js",
      "file": "cypress/e2e/GroupsAndContacts/All_Contacts.cy.js",
      "beforeHooks": [],
      "afterHooks": [],
      "tests": [],
      "suites": [
        {
          "uuid": "a737df9b-01e0-4f00-8428-d720e4d30ad2",
          "title": "Groups And Contacts",
          "fullFile": "",
          "file": "",
          "beforeHooks": [],
          "afterHooks": [],
          "tests": [
            {
              "title": "C165: All Contacts",
              "fullTitle": "Groups And Contacts C165: All Contacts",
              "timedOut": null,
              "duration": 24995,
              "state": "passed",
              "speed": "slow",
              "pass": true,
              "fail": false,
              "pending": false,
              "context": null,
              "code": "Login.ValidLogin();\nGroupsAndContact.OpenGroups();\nGroupsAndContact.OpenAllContacts();",
              "err": {},
              "uuid": "f88197c5-3757-43ed-946f-c97ea55364c3",
              "parentUUID": "a737df9b-01e0-4f00-8428-d720e4d30ad2",
              "isHook": false,
              "skipped": false
            }
          ],
          "suites": [],
          "passes": [
            "f88197c5-3757-43ed-946f-c97ea55364c3"
          ],
          "failures": [],
          "pending": [],
          "skipped": [],
          "duration": 24995,
          "root": false,
          "rootEmpty": false,
          "_timeout": 2000
        }
      ],
      "passes": [],
      "failures": [],
      "pending": [],
      "skipped": [],
      "duration": 0,
      "root": true,
      "rootEmpty": true,
      "_timeout": 2000
    }
  ],
  "meta": {
    "mocha": {
      "version": "7.0.1"
    },
    "mochawesome": {
      "options": {
        "quiet": false,
        "reportFilename": "mochawesome",
        "saveHtml": false,
        "saveJson": true,
        "consoleReporter": "spec",
        "useInlineDiffs": false,
        "code": true
      },
      "version": "7.1.3"
    },
    "marge": {
      "options": {
        "overwrite": false,
        "html": false,
        "json": true,
        "reportDir": "cypress/reports/html/.jsons"
      },
      "version": "6.2.0"
    }
  }
}