{
  "stats": {
    "suites": 1,
    "tests": 1,
    "passes": 1,
    "pending": 0,
    "failures": 0,
    "start": "2023-12-29T21:54:12.539Z",
    "end": "2023-12-29T21:54:21.742Z",
    "duration": 9203,
    "testsRegistered": 1,
    "passPercent": 100,
    "pendingPercent": 0,
    "other": 0,
    "hasOther": false,
    "skipped": 0,
    "hasSkipped": false
  },
  "results": [
    {
      "uuid": "01a8204c-899f-4fe7-8a7d-0fa483c277f5",
      "title": "",
      "fullFile": "cypress/e2e/ForgotPassword/ForgotPassword.cy.js",
      "file": "cypress/e2e/ForgotPassword/ForgotPassword.cy.js",
      "beforeHooks": [],
      "afterHooks": [],
      "tests": [],
      "suites": [
        {
          "uuid": "06ae79d2-49b5-4a2f-bb18-4f4c88aee6e1",
          "title": "Login",
          "fullFile": "",
          "file": "",
          "beforeHooks": [],
          "afterHooks": [],
          "tests": [
            {
              "title": "C162: Forgot Password",
              "fullTitle": "Login C162: Forgot Password",
              "timedOut": null,
              "duration": 9166,
              "state": "passed",
              "speed": "medium",
              "pass": true,
              "fail": false,
              "pending": false,
              "context": null,
              "code": "Login.ForgotPassword();",
              "err": {},
              "uuid": "87fabf32-418a-438b-bab0-3cc58a22c634",
              "parentUUID": "06ae79d2-49b5-4a2f-bb18-4f4c88aee6e1",
              "isHook": false,
              "skipped": false
            }
          ],
          "suites": [],
          "passes": [
            "87fabf32-418a-438b-bab0-3cc58a22c634"
          ],
          "failures": [],
          "pending": [],
          "skipped": [],
          "duration": 9166,
          "root": false,
          "rootEmpty": false,
          "_timeout": 2000
        }
      ],
      "passes": [],
      "failures": [],
      "pending": [],
      "skipped": [],
      "duration": 0,
      "root": true,
      "rootEmpty": true,
      "_timeout": 2000
    }
  ],
  "meta": {
    "mocha": {
      "version": "7.0.1"
    },
    "mochawesome": {
      "options": {
        "quiet": false,
        "reportFilename": "mochawesome",
        "saveHtml": false,
        "saveJson": true,
        "consoleReporter": "spec",
        "useInlineDiffs": false,
        "code": true
      },
      "version": "7.1.3"
    },
    "marge": {
      "options": {
        "overwrite": false,
        "html": false,
        "json": true,
        "reportDir": "cypress/reports/html/.jsons"
      },
      "version": "6.2.0"
    }
  }
}