{
  "stats": {
    "suites": 1,
    "tests": 1,
    "passes": 1,
    "pending": 0,
    "failures": 0,
    "start": "2023-12-29T14:02:10.235Z",
    "end": "2023-12-29T14:03:04.991Z",
    "duration": 54756,
    "testsRegistered": 1,
    "passPercent": 100,
    "pendingPercent": 0,
    "other": 0,
    "hasOther": false,
    "skipped": 0,
    "hasSkipped": false
  },
  "results": [
    {
      "uuid": "55b6f964-1c29-4de9-88b7-64efbb479a1e",
      "title": "",
      "fullFile": "cypress/e2e/NewCommunication/Create_Email_Message.cy.js",
      "file": "cypress/e2e/NewCommunication/Create_Email_Message.cy.js",
      "beforeHooks": [],
      "afterHooks": [],
      "tests": [],
      "suites": [
        {
          "uuid": "69c25c46-fac8-4f2f-8885-e3cddc43f093",
          "title": "New Communication",
          "fullFile": "",
          "file": "",
          "beforeHooks": [],
          "afterHooks": [],
          "tests": [
            {
              "title": "C170: Create Email Message",
              "fullTitle": "New Communication C170: Create Email Message",
              "timedOut": null,
              "duration": 53750,
              "state": "passed",
              "speed": "slow",
              "pass": true,
              "fail": false,
              "pending": false,
              "context": null,
              "code": "Login.ValidLogin();\nEmailMessage.OpenNewCommunication();\nEmailMessage.SelectGroup();\nEmailMessage.CreateEmailMessage();",
              "err": {},
              "uuid": "4e59500a-e5fa-427c-924d-1d140d28df45",
              "parentUUID": "69c25c46-fac8-4f2f-8885-e3cddc43f093",
              "isHook": false,
              "skipped": false
            }
          ],
          "suites": [],
          "passes": [
            "4e59500a-e5fa-427c-924d-1d140d28df45"
          ],
          "failures": [],
          "pending": [],
          "skipped": [],
          "duration": 53750,
          "root": false,
          "rootEmpty": false,
          "_timeout": 2000
        }
      ],
      "passes": [],
      "failures": [],
      "pending": [],
      "skipped": [],
      "duration": 0,
      "root": true,
      "rootEmpty": true,
      "_timeout": 2000
    }
  ],
  "meta": {
    "mocha": {
      "version": "7.0.1"
    },
    "mochawesome": {
      "options": {
        "quiet": false,
        "reportFilename": "mochawesome",
        "saveHtml": false,
        "saveJson": true,
        "consoleReporter": "spec",
        "useInlineDiffs": false,
        "code": true
      },
      "version": "7.1.3"
    },
    "marge": {
      "options": {
        "overwrite": false,
        "html": false,
        "json": true,
        "reportDir": "cypress/reports/html/.jsons"
      },
      "version": "6.2.0"
    }
  }
}