{
  "stats": {
    "suites": 1,
    "tests": 1,
    "passes": 1,
    "pending": 0,
    "failures": 0,
    "start": "2023-12-29T13:05:29.820Z",
    "end": "2023-12-29T13:06:10.306Z",
    "duration": 40486,
    "testsRegistered": 1,
    "passPercent": 100,
    "pendingPercent": 0,
    "other": 0,
    "hasOther": false,
    "skipped": 0,
    "hasSkipped": false
  },
  "results": [
    {
      "uuid": "61ae71ff-4c6f-473f-ac9b-013ea6ade645",
      "title": "",
      "fullFile": "cypress/e2e/MessageLibrary/Create_Text_Message.cy.js",
      "file": "cypress/e2e/MessageLibrary/Create_Text_Message.cy.js",
      "beforeHooks": [],
      "afterHooks": [],
      "tests": [],
      "suites": [
        {
          "uuid": "af1593c5-6cc5-43da-88ca-29b06943f079",
          "title": "Message Library",
          "fullFile": "",
          "file": "",
          "beforeHooks": [],
          "afterHooks": [],
          "tests": [
            {
              "title": "Create Text Message",
              "fullTitle": "Message Library Create Text Message",
              "timedOut": null,
              "duration": 39524,
              "state": "passed",
              "speed": "slow",
              "pass": true,
              "fail": false,
              "pending": false,
              "context": "{\n  \"title\": \"cypress-mochawesome-reporter-videos-passed\",\n  \"value\": \"cypress/e2e/MessageLibrary/Create_Text_Message.cy.js\"\n}",
              "code": "Login.ValidLogin();\nTextMessage.OpenMessageLibrary();\nTextMessage.CreateTextMessage();",
              "err": {},
              "uuid": "2b0377aa-b196-4b31-a4a7-e87fc39cb726",
              "parentUUID": "af1593c5-6cc5-43da-88ca-29b06943f079",
              "isHook": false,
              "skipped": false
            }
          ],
          "suites": [],
          "passes": [
            "2b0377aa-b196-4b31-a4a7-e87fc39cb726"
          ],
          "failures": [],
          "pending": [],
          "skipped": [],
          "duration": 39524,
          "root": false,
          "rootEmpty": false,
          "_timeout": 2000
        }
      ],
      "passes": [],
      "failures": [],
      "pending": [],
      "skipped": [],
      "duration": 0,
      "root": true,
      "rootEmpty": true,
      "_timeout": 2000
    }
  ],
  "meta": {
    "mocha": {
      "version": "7.0.1"
    },
    "mochawesome": {
      "options": {
        "quiet": false,
        "reportFilename": "mochawesome",
        "saveHtml": false,
        "saveJson": true,
        "consoleReporter": "spec",
        "useInlineDiffs": false,
        "code": true
      },
      "version": "7.1.3"
    },
    "marge": {
      "options": {
        "overwrite": false,
        "html": false,
        "json": true,
        "reportDir": "cypress/reports/html/.jsons"
      },
      "version": "6.2.0"
    }
  }
}