{
  "stats": {
    "suites": 1,
    "tests": 1,
    "passes": 1,
    "pending": 0,
    "failures": 0,
    "start": "2023-12-29T20:36:17.888Z",
    "end": "2023-12-29T20:36:36.830Z",
    "duration": 18942,
    "testsRegistered": 1,
    "passPercent": 100,
    "pendingPercent": 0,
    "other": 0,
    "hasOther": false,
    "skipped": 0,
    "hasSkipped": false
  },
  "results": [
    {
      "uuid": "a045f8fa-701f-4966-a6e5-34129f117669",
      "title": "",
      "fullFile": "cypress/e2e/Login/Login_with_valid_userId_&_password.cy.js",
      "file": "cypress/e2e/Login/Login_with_valid_userId_&_password.cy.js",
      "beforeHooks": [],
      "afterHooks": [],
      "tests": [],
      "suites": [
        {
          "uuid": "1c980b41-153c-4a7e-9a2d-b0a9c40186bc",
          "title": "Login",
          "fullFile": "",
          "file": "",
          "beforeHooks": [],
          "afterHooks": [],
          "tests": [
            {
              "title": "C166: Login With Valid UserId & Password",
              "fullTitle": "Login C166: Login With Valid UserId & Password",
              "timedOut": null,
              "duration": 18885,
              "state": "passed",
              "speed": "slow",
              "pass": true,
              "fail": false,
              "pending": false,
              "context": null,
              "code": "Login.ValidLogin();",
              "err": {},
              "uuid": "9b9b1399-e382-4c13-bb30-64de1f132ec1",
              "parentUUID": "1c980b41-153c-4a7e-9a2d-b0a9c40186bc",
              "isHook": false,
              "skipped": false
            }
          ],
          "suites": [],
          "passes": [
            "9b9b1399-e382-4c13-bb30-64de1f132ec1"
          ],
          "failures": [],
          "pending": [],
          "skipped": [],
          "duration": 18885,
          "root": false,
          "rootEmpty": false,
          "_timeout": 2000
        }
      ],
      "passes": [],
      "failures": [],
      "pending": [],
      "skipped": [],
      "duration": 0,
      "root": true,
      "rootEmpty": true,
      "_timeout": 2000
    }
  ],
  "meta": {
    "mocha": {
      "version": "7.0.1"
    },
    "mochawesome": {
      "options": {
        "quiet": false,
        "reportFilename": "mochawesome",
        "saveHtml": false,
        "saveJson": true,
        "consoleReporter": "spec",
        "useInlineDiffs": false,
        "code": true
      },
      "version": "7.1.3"
    },
    "marge": {
      "options": {
        "overwrite": false,
        "html": false,
        "json": true,
        "reportDir": "cypress/reports/html/.jsons"
      },
      "version": "6.2.0"
    }
  }
}