{
  "stats": {
    "suites": 1,
    "tests": 6,
    "passes": 1,
    "pending": 1,
    "failures": 4,
    "start": "2024-01-31T15:21:22.673Z",
    "end": "2024-01-31T15:22:23.423Z",
    "duration": 60750,
    "testsRegistered": 6,
    "passPercent": 20,
    "pendingPercent": 16.666666666666664,
    "other": 0,
    "hasOther": false,
    "skipped": 0,
    "hasSkipped": false
  },
  "results": [
    {
      "uuid": "9a4044ba-36a8-49d7-9c9a-d7a7648721ce",
      "title": "",
      "fullFile": "cypress\\e2e\\BillingAndPayments\\BillingAndPayments.cy.js",
      "file": "cypress\\e2e\\BillingAndPayments\\BillingAndPayments.cy.js",
      "beforeHooks": [],
      "afterHooks": [],
      "tests": [],
      "suites": [
        {
          "uuid": "f6ef1981-994a-42a0-839a-d872f453f2f0",
          "title": "Billing And Payments",
          "fullFile": "",
          "file": "",
          "beforeHooks": [],
          "afterHooks": [],
          "tests": [
            {
              "title": "Add Bank Account",
              "fullTitle": "Billing And Payments Add Bank Account",
              "timedOut": null,
              "duration": 19221,
              "state": "passed",
              "speed": "slow",
              "pass": true,
              "fail": false,
              "pending": false,
              "context": null,
              "code": "Login.ValidLogin();\nBilling.OpenBilling();\nBilling.AddBankAccount();",
              "err": {},
              "uuid": "5a0495c6-3d87-45eb-9a1c-8a0d5d084f47",
              "parentUUID": "f6ef1981-994a-42a0-839a-d872f453f2f0",
              "isHook": false,
              "skipped": false
            },
            {
              "title": "Add New Payment Method",
              "fullTitle": "Billing And Payments Add New Payment Method",
              "timedOut": null,
              "duration": 11811,
              "state": "failed",
              "speed": null,
              "pass": false,
              "fail": true,
              "pending": false,
              "context": "{\n  \"title\": \"cypress-mochawesome-reporter-screenshots\",\n  \"value\": [\n    [\n      \"\\\\BillingAndPayments\\\\BillingAndPayments.cy.js\\\\Billing And Payments -- Add New Payment Method (failed).png\"\n    ]\n  ]\n}",
              "code": "Login.OpenDashboard();\nBilling.OpenBilling();\nBilling.AddNewPaymentMethod();",
              "err": {
                "message": "AssertionError: Timed out retrying after 4000ms: Expected to find element: `button.mat-focus-indicator.mat-icon-button.mat-button-base`, but never found it.",
                "estack": "AssertionError: Timed out retrying after 4000ms: Expected to find element: `button.mat-focus-indicator.mat-icon-button.mat-button-base`, but never found it.\n    at Call_In.OpenBilling (webpack://calling-post-automation/./cypress/ClassFiles/BillingAndPayments/BillingAndPayments.js:8:7)\n    at Context.eval (webpack://calling-post-automation/./cypress/e2e/BillingAndPayments/BillingAndPayments.cy.js:39:14)",
                "diff": null
              },
              "uuid": "91be6c4b-9be0-46d0-bd4b-45ce5831b2b5",
              "parentUUID": "f6ef1981-994a-42a0-839a-d872f453f2f0",
              "isHook": false,
              "skipped": false
            },
            {
              "title": "Edit Billing And Payments",
              "fullTitle": "Billing And Payments Edit Billing And Payments",
              "timedOut": null,
              "duration": 7814,
              "state": "failed",
              "speed": null,
              "pass": false,
              "fail": true,
              "pending": false,
              "context": "{\n  \"title\": \"cypress-mochawesome-reporter-screenshots\",\n  \"value\": [\n    [\n      \"\\\\BillingAndPayments\\\\BillingAndPayments.cy.js\\\\Billing And Payments -- Edit Billing And Payments (failed).png\"\n    ]\n  ]\n}",
              "code": "Login.OpenDashboard();\nBilling.OpenBilling();\nBilling.UpdatePaymentMethod();",
              "err": {
                "message": "AssertionError: Timed out retrying after 4000ms: Expected to find element: `button.mat-focus-indicator.mat-icon-button.mat-button-base`, but never found it.",
                "estack": "AssertionError: Timed out retrying after 4000ms: Expected to find element: `button.mat-focus-indicator.mat-icon-button.mat-button-base`, but never found it.\n    at Call_In.OpenBilling (webpack://calling-post-automation/./cypress/ClassFiles/BillingAndPayments/BillingAndPayments.js:8:7)\n    at Context.eval (webpack://calling-post-automation/./cypress/e2e/BillingAndPayments/BillingAndPayments.cy.js:54:14)",
                "diff": null
              },
              "uuid": "85fb64bd-a53b-475c-8bb5-f56bc65aa7cc",
              "parentUUID": "f6ef1981-994a-42a0-839a-d872f453f2f0",
              "isHook": false,
              "skipped": false
            },
            {
              "title": "Delete Billing And Payments",
              "fullTitle": "Billing And Payments Delete Billing And Payments",
              "timedOut": null,
              "duration": 8078,
              "state": "failed",
              "speed": null,
              "pass": false,
              "fail": true,
              "pending": false,
              "context": "{\n  \"title\": \"cypress-mochawesome-reporter-screenshots\",\n  \"value\": [\n    [\n      \"\\\\BillingAndPayments\\\\BillingAndPayments.cy.js\\\\Billing And Payments -- Delete Billing And Payments (failed).png\"\n    ]\n  ]\n}",
              "code": "Login.OpenDashboard();\nBilling.OpenBilling();\nBilling.DeletePaymentMethod();",
              "err": {
                "message": "AssertionError: Timed out retrying after 4000ms: Expected to find element: `button.mat-focus-indicator.mat-icon-button.mat-button-base`, but never found it.",
                "estack": "AssertionError: Timed out retrying after 4000ms: Expected to find element: `button.mat-focus-indicator.mat-icon-button.mat-button-base`, but never found it.\n    at Call_In.OpenBilling (webpack://calling-post-automation/./cypress/ClassFiles/BillingAndPayments/BillingAndPayments.js:8:7)\n    at Context.eval (webpack://calling-post-automation/./cypress/e2e/BillingAndPayments/BillingAndPayments.cy.js:69:14)",
                "diff": null
              },
              "uuid": "bce9dee8-74a6-451a-becf-bc3abdde62b9",
              "parentUUID": "f6ef1981-994a-42a0-839a-d872f453f2f0",
              "isHook": false,
              "skipped": false
            },
            {
              "title": "Billing History And Invoicing",
              "fullTitle": "Billing And Payments Billing History And Invoicing",
              "timedOut": null,
              "duration": 8018,
              "state": "failed",
              "speed": null,
              "pass": false,
              "fail": true,
              "pending": false,
              "context": "{\n  \"title\": \"cypress-mochawesome-reporter-screenshots\",\n  \"value\": [\n    [\n      \"\\\\BillingAndPayments\\\\BillingAndPayments.cy.js\\\\Billing And Payments -- Billing History And Invoicing (failed).png\"\n    ]\n  ]\n}",
              "code": "Login.OpenDashboard();\nBilling.OpenBilling();\nBilling.ViewBillingHistory();\nBilling.OpenInvoice();\nBilling.BackToBilling();",
              "err": {
                "message": "AssertionError: Timed out retrying after 4000ms: Expected to find element: `button.mat-focus-indicator.mat-icon-button.mat-button-base`, but never found it.",
                "estack": "AssertionError: Timed out retrying after 4000ms: Expected to find element: `button.mat-focus-indicator.mat-icon-button.mat-button-base`, but never found it.\n    at Call_In.OpenBilling (webpack://calling-post-automation/./cypress/ClassFiles/BillingAndPayments/BillingAndPayments.js:8:7)\n    at Context.eval (webpack://calling-post-automation/./cypress/e2e/BillingAndPayments/BillingAndPayments.cy.js:84:14)",
                "diff": null
              },
              "uuid": "a908aa0f-3fdb-4090-b094-d97b88fa8e5f",
              "parentUUID": "f6ef1981-994a-42a0-839a-d872f453f2f0",
              "isHook": false,
              "skipped": false
            },
            {
              "title": "Change Plan",
              "fullTitle": "Billing And Payments Change Plan",
              "timedOut": null,
              "duration": 0,
              "state": "pending",
              "speed": null,
              "pass": false,
              "fail": false,
              "pending": true,
              "context": null,
              "code": "Login.OpenDashboard();\nBilling.OpenBilling();\nBilling.ChangePlan();\nBilling.UpgradePlan();",
              "err": {},
              "uuid": "b3e8bc40-2e95-4157-8543-15c8f6f4f523",
              "parentUUID": "f6ef1981-994a-42a0-839a-d872f453f2f0",
              "isHook": false,
              "skipped": false
            }
          ],
          "suites": [],
          "passes": [
            "5a0495c6-3d87-45eb-9a1c-8a0d5d084f47"
          ],
          "failures": [
            "91be6c4b-9be0-46d0-bd4b-45ce5831b2b5",
            "85fb64bd-a53b-475c-8bb5-f56bc65aa7cc",
            "bce9dee8-74a6-451a-becf-bc3abdde62b9",
            "a908aa0f-3fdb-4090-b094-d97b88fa8e5f"
          ],
          "pending": [
            "b3e8bc40-2e95-4157-8543-15c8f6f4f523"
          ],
          "skipped": [],
          "duration": 54942,
          "root": false,
          "rootEmpty": false,
          "_timeout": 2000
        }
      ],
      "passes": [],
      "failures": [],
      "pending": [],
      "skipped": [],
      "duration": 0,
      "root": true,
      "rootEmpty": true,
      "_timeout": 2000
    }
  ],
  "meta": {
    "mocha": {
      "version": "7.0.1"
    },
    "mochawesome": {
      "options": {
        "quiet": false,
        "reportFilename": "mochawesome",
        "saveHtml": false,
        "saveJson": true,
        "consoleReporter": "spec",
        "useInlineDiffs": false,
        "code": true
      },
      "version": "7.1.3"
    },
    "marge": {
      "options": {
        "overwrite": false,
        "html": false,
        "json": true,
        "reportDir": "cypress\\reports\\html\\.jsons"
      },
      "version": "6.2.0"
    }
  }
}