{
  "stats": {
    "suites": 1,
    "tests": 1,
    "passes": 1,
    "pending": 0,
    "failures": 0,
    "start": "2023-12-29T20:35:10.044Z",
    "end": "2023-12-29T20:35:41.743Z",
    "duration": 31699,
    "testsRegistered": 1,
    "passPercent": 100,
    "pendingPercent": 0,
    "other": 0,
    "hasOther": false,
    "skipped": 0,
    "hasSkipped": false
  },
  "results": [
    {
      "uuid": "2bbbd115-31d4-4c2d-8008-8c8e143db193",
      "title": "",
      "fullFile": "cypress/e2e/GroupsAndContacts/Add_New_Group.cy.js",
      "file": "cypress/e2e/GroupsAndContacts/Add_New_Group.cy.js",
      "beforeHooks": [],
      "afterHooks": [],
      "tests": [],
      "suites": [
        {
          "uuid": "c2279b44-a9c8-45ad-8fc2-b5cf78bf05f8",
          "title": "Groups And Contacts",
          "fullFile": "",
          "file": "",
          "beforeHooks": [],
          "afterHooks": [],
          "tests": [
            {
              "title": "C164: Add New Group",
              "fullTitle": "Groups And Contacts C164: Add New Group",
              "timedOut": null,
              "duration": 31624,
              "state": "passed",
              "speed": "slow",
              "pass": true,
              "fail": false,
              "pending": false,
              "context": null,
              "code": "Login.ValidLogin();\nGroupsAndContact.OpenGroups();\nGroupsAndContact.CreateGroup();",
              "err": {},
              "uuid": "2383b3c0-7c05-4380-870b-d1b6f8f4f0ac",
              "parentUUID": "c2279b44-a9c8-45ad-8fc2-b5cf78bf05f8",
              "isHook": false,
              "skipped": false
            }
          ],
          "suites": [],
          "passes": [
            "2383b3c0-7c05-4380-870b-d1b6f8f4f0ac"
          ],
          "failures": [],
          "pending": [],
          "skipped": [],
          "duration": 31624,
          "root": false,
          "rootEmpty": false,
          "_timeout": 2000
        }
      ],
      "passes": [],
      "failures": [],
      "pending": [],
      "skipped": [],
      "duration": 0,
      "root": true,
      "rootEmpty": true,
      "_timeout": 2000
    }
  ],
  "meta": {
    "mocha": {
      "version": "7.0.1"
    },
    "mochawesome": {
      "options": {
        "quiet": false,
        "reportFilename": "mochawesome",
        "saveHtml": false,
        "saveJson": true,
        "consoleReporter": "spec",
        "useInlineDiffs": false,
        "code": true
      },
      "version": "7.1.3"
    },
    "marge": {
      "options": {
        "overwrite": false,
        "html": false,
        "json": true,
        "reportDir": "cypress/reports/html/.jsons"
      },
      "version": "6.2.0"
    }
  }
}