{
  "stats": {
    "suites": 1,
    "tests": 12,
    "passes": 12,
    "pending": 0,
    "failures": 0,
    "start": "2024-01-31T09:06:55.164Z",
    "end": "2024-01-31T09:22:01.815Z",
    "duration": 906651,
    "testsRegistered": 12,
    "passPercent": 100,
    "pendingPercent": 0,
    "other": 0,
    "hasOther": false,
    "skipped": 0,
    "hasSkipped": false
  },
  "results": [
    {
      "uuid": "e0ddbc76-f4de-4fe2-b6a3-8e32ff237a11",
      "title": "",
      "fullFile": "cypress\\e2e\\GroupsAndContacts\\GroupMoreOptions.cy.js",
      "file": "cypress\\e2e\\GroupsAndContacts\\GroupMoreOptions.cy.js",
      "beforeHooks": [],
      "afterHooks": [],
      "tests": [],
      "suites": [
        {
          "uuid": "26156054-ea71-401e-9284-f0635845e67d",
          "title": "Groups And Contacts More Options",
          "fullFile": "",
          "file": "",
          "beforeHooks": [],
          "afterHooks": [],
          "tests": [
            {
              "title": "Print",
              "fullTitle": "Groups And Contacts More Options Print",
              "timedOut": null,
              "duration": 82212,
              "state": "passed",
              "speed": "slow",
              "pass": true,
              "fail": false,
              "pending": false,
              "context": null,
              "code": "Login.ValidLogin();\nGroupsAndContact.OpenGroups();\nGroupsAndContact.SelectLastGroup();\nGroupsAndContact.Print();",
              "err": {},
              "uuid": "a833a253-608a-4e7b-b061-b90e728db180",
              "parentUUID": "26156054-ea71-401e-9284-f0635845e67d",
              "isHook": false,
              "skipped": false
            },
            {
              "title": "Export",
              "fullTitle": "Groups And Contacts More Options Export",
              "timedOut": null,
              "duration": 75211,
              "state": "passed",
              "speed": "slow",
              "pass": true,
              "fail": false,
              "pending": false,
              "context": null,
              "code": "Login.OpenDashboard();\nGroupsAndContact.OpenGroups();\nGroupsAndContact.SelectLastGroup();\nGroupsAndContact.Export();",
              "err": {},
              "uuid": "99ee9d03-c1d6-4952-b5c1-46f00fec89a2",
              "parentUUID": "26156054-ea71-401e-9284-f0635845e67d",
              "isHook": false,
              "skipped": false
            },
            {
              "title": "Edit Group Name",
              "fullTitle": "Groups And Contacts More Options Edit Group Name",
              "timedOut": null,
              "duration": 76908,
              "state": "passed",
              "speed": "slow",
              "pass": true,
              "fail": false,
              "pending": false,
              "context": null,
              "code": "Login.OpenDashboard();\nGroupsAndContact.OpenGroups();\nGroupsAndContact.SelectLastGroup();\nGroupsAndContact.EditGroupName();",
              "err": {},
              "uuid": "27ebb658-d58c-48b9-a0bb-aba7b3a17091",
              "parentUUID": "26156054-ea71-401e-9284-f0635845e67d",
              "isHook": false,
              "skipped": false
            },
            {
              "title": "Deactive All Contacts",
              "fullTitle": "Groups And Contacts More Options Deactive All Contacts",
              "timedOut": null,
              "duration": 73783,
              "state": "passed",
              "speed": "slow",
              "pass": true,
              "fail": false,
              "pending": false,
              "context": null,
              "code": "Login.OpenDashboard();\nGroupsAndContact.OpenGroups();\nGroupsAndContact.SelectLastGroup();\nGroupsAndContact.DeactivateContacts();",
              "err": {},
              "uuid": "0e816927-4cfc-442f-999d-f99e515a91f0",
              "parentUUID": "26156054-ea71-401e-9284-f0635845e67d",
              "isHook": false,
              "skipped": false
            },
            {
              "title": "Activate All Contacts",
              "fullTitle": "Groups And Contacts More Options Activate All Contacts",
              "timedOut": null,
              "duration": 73755,
              "state": "passed",
              "speed": "slow",
              "pass": true,
              "fail": false,
              "pending": false,
              "context": null,
              "code": "Login.OpenDashboard();\nGroupsAndContact.OpenGroups();\nGroupsAndContact.SelectLastGroup();\nGroupsAndContact.ActivateContacts();",
              "err": {},
              "uuid": "1438f5c7-ec6b-49e2-b3d0-a5bba3d864b2",
              "parentUUID": "26156054-ea71-401e-9284-f0635845e67d",
              "isHook": false,
              "skipped": false
            },
            {
              "title": "Send Sms Opt-In Email",
              "fullTitle": "Groups And Contacts More Options Send Sms Opt-In Email",
              "timedOut": null,
              "duration": 74832,
              "state": "passed",
              "speed": "slow",
              "pass": true,
              "fail": false,
              "pending": false,
              "context": null,
              "code": "Login.OpenDashboard();\nGroupsAndContact.OpenGroups();\nGroupsAndContact.SelectLastGroup();\nGroupsAndContact.SmsOptEmail();",
              "err": {},
              "uuid": "52a6052b-51bf-4fdd-84a7-2c67ad683276",
              "parentUUID": "26156054-ea71-401e-9284-f0635845e67d",
              "isHook": false,
              "skipped": false
            },
            {
              "title": "Send Sms Opt-In Text",
              "fullTitle": "Groups And Contacts More Options Send Sms Opt-In Text",
              "timedOut": null,
              "duration": 74972,
              "state": "passed",
              "speed": "slow",
              "pass": true,
              "fail": false,
              "pending": false,
              "context": null,
              "code": "Login.OpenDashboard();\nGroupsAndContact.OpenGroups();\nGroupsAndContact.SelectLastGroup();\nGroupsAndContact.SmsOptText();",
              "err": {},
              "uuid": "867d469a-ed80-4c0f-a515-533e3c8240ef",
              "parentUUID": "26156054-ea71-401e-9284-f0635845e67d",
              "isHook": false,
              "skipped": false
            },
            {
              "title": "Export Sms Not Opted-In",
              "fullTitle": "Groups And Contacts More Options Export Sms Not Opted-In",
              "timedOut": null,
              "duration": 74451,
              "state": "passed",
              "speed": "slow",
              "pass": true,
              "fail": false,
              "pending": false,
              "context": null,
              "code": "Login.OpenDashboard();\nGroupsAndContact.OpenGroups();\nGroupsAndContact.SelectLastGroup();\nGroupsAndContact.ExportSmsNonOpt();",
              "err": {},
              "uuid": "1a6cd80b-ee30-482b-a7cc-3cade87f6d8d",
              "parentUUID": "26156054-ea71-401e-9284-f0635845e67d",
              "isHook": false,
              "skipped": false
            },
            {
              "title": "Export Bad Contacts",
              "fullTitle": "Groups And Contacts More Options Export Bad Contacts",
              "timedOut": null,
              "duration": 74543,
              "state": "passed",
              "speed": "slow",
              "pass": true,
              "fail": false,
              "pending": false,
              "context": null,
              "code": "Login.OpenDashboard();\nGroupsAndContact.OpenGroups();\nGroupsAndContact.SelectLastGroup();\nGroupsAndContact.ExportBadContacts();",
              "err": {},
              "uuid": "31af35a6-8ff5-4342-a12a-18fa29fc32a9",
              "parentUUID": "26156054-ea71-401e-9284-f0635845e67d",
              "isHook": false,
              "skipped": false
            },
            {
              "title": "Remove Bad Numbers",
              "fullTitle": "Groups And Contacts More Options Remove Bad Numbers",
              "timedOut": null,
              "duration": 75667,
              "state": "passed",
              "speed": "slow",
              "pass": true,
              "fail": false,
              "pending": false,
              "context": null,
              "code": "Login.OpenDashboard();\nGroupsAndContact.OpenGroups();\nGroupsAndContact.SelectLastGroup();\nGroupsAndContact.RemoveBadNumbers();",
              "err": {},
              "uuid": "762533a5-b6e3-4db2-ba4f-d641b59215c5",
              "parentUUID": "26156054-ea71-401e-9284-f0635845e67d",
              "isHook": false,
              "skipped": false
            },
            {
              "title": "Delete All Contacts",
              "fullTitle": "Groups And Contacts More Options Delete All Contacts",
              "timedOut": null,
              "duration": 75614,
              "state": "passed",
              "speed": "slow",
              "pass": true,
              "fail": false,
              "pending": false,
              "context": null,
              "code": "Login.OpenDashboard();\nGroupsAndContact.OpenGroups();\nGroupsAndContact.SelectLastGroup();\nGroupsAndContact.DeleteAllContacts();",
              "err": {},
              "uuid": "10362e31-3666-4528-9cbf-e4a4c9879ee4",
              "parentUUID": "26156054-ea71-401e-9284-f0635845e67d",
              "isHook": false,
              "skipped": false
            },
            {
              "title": "Delete Group",
              "fullTitle": "Groups And Contacts More Options Delete Group",
              "timedOut": null,
              "duration": 71794,
              "state": "passed",
              "speed": "slow",
              "pass": true,
              "fail": false,
              "pending": false,
              "context": null,
              "code": "Login.OpenDashboard();\nGroupsAndContact.OpenGroups();\nGroupsAndContact.DeleteGroup();",
              "err": {},
              "uuid": "6efb6d40-c69b-4445-8701-909cffc0f59a",
              "parentUUID": "26156054-ea71-401e-9284-f0635845e67d",
              "isHook": false,
              "skipped": false
            }
          ],
          "suites": [],
          "passes": [
            "a833a253-608a-4e7b-b061-b90e728db180",
            "99ee9d03-c1d6-4952-b5c1-46f00fec89a2",
            "27ebb658-d58c-48b9-a0bb-aba7b3a17091",
            "0e816927-4cfc-442f-999d-f99e515a91f0",
            "1438f5c7-ec6b-49e2-b3d0-a5bba3d864b2",
            "52a6052b-51bf-4fdd-84a7-2c67ad683276",
            "867d469a-ed80-4c0f-a515-533e3c8240ef",
            "1a6cd80b-ee30-482b-a7cc-3cade87f6d8d",
            "31af35a6-8ff5-4342-a12a-18fa29fc32a9",
            "762533a5-b6e3-4db2-ba4f-d641b59215c5",
            "10362e31-3666-4528-9cbf-e4a4c9879ee4",
            "6efb6d40-c69b-4445-8701-909cffc0f59a"
          ],
          "failures": [],
          "pending": [],
          "skipped": [],
          "duration": 903742,
          "root": false,
          "rootEmpty": false,
          "_timeout": 2000
        }
      ],
      "passes": [],
      "failures": [],
      "pending": [],
      "skipped": [],
      "duration": 0,
      "root": true,
      "rootEmpty": true,
      "_timeout": 2000
    }
  ],
  "meta": {
    "mocha": {
      "version": "7.0.1"
    },
    "mochawesome": {
      "options": {
        "quiet": false,
        "reportFilename": "mochawesome",
        "saveHtml": false,
        "saveJson": true,
        "consoleReporter": "spec",
        "useInlineDiffs": false,
        "code": true
      },
      "version": "7.1.3"
    },
    "marge": {
      "options": {
        "overwrite": false,
        "html": false,
        "json": true,
        "reportDir": "cypress\\reports\\html\\.jsons"
      },
      "version": "6.2.0"
    }
  }
}