{
  "stats": {
    "suites": 1,
    "tests": 1,
    "passes": 1,
    "pending": 0,
    "failures": 0,
    "start": "2023-12-29T20:44:53.003Z",
    "end": "2023-12-29T20:45:19.264Z",
    "duration": 26261,
    "testsRegistered": 1,
    "passPercent": 100,
    "pendingPercent": 0,
    "other": 0,
    "hasOther": false,
    "skipped": 0,
    "hasSkipped": false
  },
  "results": [
    {
      "uuid": "c1c38227-e585-4a8f-80dc-48ab41aa88f2",
      "title": "",
      "fullFile": "cypress/e2e/StatusAndResults/FilterMessage.cy.js",
      "file": "cypress/e2e/StatusAndResults/FilterMessage.cy.js",
      "beforeHooks": [],
      "afterHooks": [],
      "tests": [],
      "suites": [
        {
          "uuid": "b30adba8-9812-48c5-93cb-bbc41c906f53",
          "title": "Status And Result",
          "fullFile": "",
          "file": "",
          "beforeHooks": [],
          "afterHooks": [],
          "tests": [
            {
              "title": "C173: Filter Message",
              "fullTitle": "Status And Result C173: Filter Message",
              "timedOut": null,
              "duration": 26208,
              "state": "passed",
              "speed": "slow",
              "pass": true,
              "fail": false,
              "pending": false,
              "context": null,
              "code": "Login.ValidLogin();\nStatusAndResult.OpenStatusAndResult();\nStatusAndResult.FilterMessage();",
              "err": {},
              "uuid": "8efa4c31-7d28-4b41-845b-23d678480d55",
              "parentUUID": "b30adba8-9812-48c5-93cb-bbc41c906f53",
              "isHook": false,
              "skipped": false
            }
          ],
          "suites": [],
          "passes": [
            "8efa4c31-7d28-4b41-845b-23d678480d55"
          ],
          "failures": [],
          "pending": [],
          "skipped": [],
          "duration": 26208,
          "root": false,
          "rootEmpty": false,
          "_timeout": 2000
        }
      ],
      "passes": [],
      "failures": [],
      "pending": [],
      "skipped": [],
      "duration": 0,
      "root": true,
      "rootEmpty": true,
      "_timeout": 2000
    }
  ],
  "meta": {
    "mocha": {
      "version": "7.0.1"
    },
    "mochawesome": {
      "options": {
        "quiet": false,
        "reportFilename": "mochawesome",
        "saveHtml": false,
        "saveJson": true,
        "consoleReporter": "spec",
        "useInlineDiffs": false,
        "code": true
      },
      "version": "7.1.3"
    },
    "marge": {
      "options": {
        "overwrite": false,
        "html": false,
        "json": true,
        "reportDir": "cypress/reports/html/.jsons"
      },
      "version": "6.2.0"
    }
  }
}