{
  "stats": {
    "suites": 1,
    "tests": 4,
    "passes": 0,
    "pending": 0,
    "failures": 4,
    "start": "2024-02-17T11:42:40.507Z",
    "end": "2024-02-17T11:43:35.960Z",
    "duration": 55453,
    "testsRegistered": 4,
    "passPercent": 0,
    "pendingPercent": 0,
    "other": 0,
    "hasOther": false,
    "skipped": 0,
    "hasSkipped": false
  },
  "results": [
    {
      "uuid": "d543b7f2-21c4-44b8-9fbd-5f42600da10e",
      "title": "",
      "fullFile": "cypress\\e2e\\AccountOverview\\AccountOverview.cy.js",
      "file": "cypress\\e2e\\AccountOverview\\AccountOverview.cy.js",
      "beforeHooks": [],
      "afterHooks": [],
      "tests": [],
      "suites": [
        {
          "uuid": "202af6a0-ce08-4c9e-9c02-16b450805b57",
          "title": "Account Overview",
          "fullFile": "",
          "file": "",
          "beforeHooks": [],
          "afterHooks": [],
          "tests": [
            {
              "title": "Open Premium Plan",
              "fullTitle": "Account Overview Open Premium Plan",
              "timedOut": null,
              "duration": 18741,
              "state": "failed",
              "speed": null,
              "pass": false,
              "fail": true,
              "pending": false,
              "context": "{\n  \"title\": \"cypress-mochawesome-reporter-screenshots\",\n  \"value\": [\n    [\n      \"\\\\AccountOverview\\\\AccountOverview.cy.js\\\\Account Overview -- Open Premium Plan (failed).png\"\n    ]\n  ]\n}",
              "code": "Login.ValidLogin();\nOverview.OpenPremiumPlan();",
              "err": {
                "message": "AssertionError: Timed out retrying after 4000ms: Expected to find element: `a[href=\"/billing/details\"]`, but never found it.",
                "estack": "AssertionError: Timed out retrying after 4000ms: Expected to find element: `a[href=\"/billing/details\"]`, but never found it.\n    at AccountOverview.OpenPremiumPlan (webpack://calling-post-automation/./cypress/ClassFiles/AccountOverview/AccountOverview.js:8:7)\n    at Context.eval (webpack://calling-post-automation/./cypress/e2e/AccountOverview/AccountOverview.cy.js:26:15)",
                "diff": null
              },
              "uuid": "2a54b29a-4646-47c6-a26c-c9c7b9a2f49a",
              "parentUUID": "202af6a0-ce08-4c9e-9c02-16b450805b57",
              "isHook": false,
              "skipped": false
            },
            {
              "title": "Open My Profile",
              "fullTitle": "Account Overview Open My Profile",
              "timedOut": null,
              "duration": 14977,
              "state": "failed",
              "speed": null,
              "pass": false,
              "fail": true,
              "pending": false,
              "context": "{\n  \"title\": \"cypress-mochawesome-reporter-screenshots\",\n  \"value\": [\n    [\n      \"\\\\AccountOverview\\\\AccountOverview.cy.js\\\\Account Overview -- Open My Profile (failed).png\"\n    ]\n  ]\n}",
              "code": "Login.ValidLogin();\nLogin.OpenDashboard();\nOverview.OpenMyProfile();",
              "err": {
                "message": "AssertionError: Timed out retrying after 4000ms: Expected to find element: `.link`, but never found it.",
                "estack": "AssertionError: Timed out retrying after 4000ms: Expected to find element: `.link`, but never found it.\n    at AccountOverview.OpenMyProfile (webpack://calling-post-automation/./cypress/ClassFiles/AccountOverview/AccountOverview.js:17:7)\n    at Context.eval (webpack://calling-post-automation/./cypress/e2e/AccountOverview/AccountOverview.cy.js:42:15)",
                "diff": null
              },
              "uuid": "821ad3ba-54e2-41c4-bf1a-4048f47d0564",
              "parentUUID": "202af6a0-ce08-4c9e-9c02-16b450805b57",
              "isHook": false,
              "skipped": false
            },
            {
              "title": "Open My Setting",
              "fullTitle": "Account Overview Open My Setting",
              "timedOut": null,
              "duration": 11254,
              "state": "failed",
              "speed": null,
              "pass": false,
              "fail": true,
              "pending": false,
              "context": "{\n  \"title\": \"cypress-mochawesome-reporter-screenshots\",\n  \"value\": [\n    [\n      \"\\\\AccountOverview\\\\AccountOverview.cy.js\\\\Account Overview -- Open My Setting (failed).png\"\n    ]\n  ]\n}",
              "code": "Login.ValidLogin();\nLogin.OpenDashboard();\nOverview.OpenMySettings();",
              "err": {
                "message": "AssertionError: Timed out retrying after 4000ms: Expected to find element: `.link`, but never found it.",
                "estack": "AssertionError: Timed out retrying after 4000ms: Expected to find element: `.link`, but never found it.\n    at AccountOverview.OpenMySettings (webpack://calling-post-automation/./cypress/ClassFiles/AccountOverview/AccountOverview.js:26:7)\n    at Context.eval (webpack://calling-post-automation/./cypress/e2e/AccountOverview/AccountOverview.cy.js:58:15)",
                "diff": null
              },
              "uuid": "2d99670d-0bf5-44ad-aeee-eb031e1d371b",
              "parentUUID": "202af6a0-ce08-4c9e-9c02-16b450805b57",
              "isHook": false,
              "skipped": false
            },
            {
              "title": "Open My Billing",
              "fullTitle": "Account Overview Open My Billing",
              "timedOut": null,
              "duration": 10247,
              "state": "failed",
              "speed": null,
              "pass": false,
              "fail": true,
              "pending": false,
              "context": "{\n  \"title\": \"cypress-mochawesome-reporter-screenshots\",\n  \"value\": [\n    [\n      \"\\\\AccountOverview\\\\AccountOverview.cy.js\\\\Account Overview -- Open My Billing (failed).png\"\n    ]\n  ]\n}",
              "code": "Login.ValidLogin();\nLogin.OpenDashboard();\nOverview.OpenMyBilling();",
              "err": {
                "message": "AssertionError: Timed out retrying after 4000ms: Expected to find element: `.link`, but never found it.",
                "estack": "AssertionError: Timed out retrying after 4000ms: Expected to find element: `.link`, but never found it.\n    at AccountOverview.OpenMyBilling (webpack://calling-post-automation/./cypress/ClassFiles/AccountOverview/AccountOverview.js:35:7)\n    at Context.eval (webpack://calling-post-automation/./cypress/e2e/AccountOverview/AccountOverview.cy.js:74:15)",
                "diff": null
              },
              "uuid": "3fcd3b63-be2a-4c49-b15b-a7fdaabd2670",
              "parentUUID": "202af6a0-ce08-4c9e-9c02-16b450805b57",
              "isHook": false,
              "skipped": false
            }
          ],
          "suites": [],
          "passes": [],
          "failures": [
            "2a54b29a-4646-47c6-a26c-c9c7b9a2f49a",
            "821ad3ba-54e2-41c4-bf1a-4048f47d0564",
            "2d99670d-0bf5-44ad-aeee-eb031e1d371b",
            "3fcd3b63-be2a-4c49-b15b-a7fdaabd2670"
          ],
          "pending": [],
          "skipped": [],
          "duration": 55219,
          "root": false,
          "rootEmpty": false,
          "_timeout": 2000
        }
      ],
      "passes": [],
      "failures": [],
      "pending": [],
      "skipped": [],
      "duration": 0,
      "root": true,
      "rootEmpty": true,
      "_timeout": 2000
    }
  ],
  "meta": {
    "mocha": {
      "version": "7.0.1"
    },
    "mochawesome": {
      "options": {
        "quiet": false,
        "reportFilename": "mochawesome",
        "saveHtml": false,
        "saveJson": true,
        "consoleReporter": "spec",
        "useInlineDiffs": false,
        "code": true
      },
      "version": "7.1.3"
    },
    "marge": {
      "options": {
        "overwrite": false,
        "html": false,
        "json": true,
        "reportDir": "cypress\\reports\\html\\.jsons"
      },
      "version": "6.2.0"
    }
  }
}