{
  "stats": {
    "suites": 1,
    "tests": 1,
    "passes": 1,
    "pending": 0,
    "failures": 0,
    "start": "2023-12-29T13:53:24.267Z",
    "end": "2023-12-29T13:53:44.928Z",
    "duration": 20661,
    "testsRegistered": 1,
    "passPercent": 100,
    "pendingPercent": 0,
    "other": 0,
    "hasOther": false,
    "skipped": 0,
    "hasSkipped": false
  },
  "results": [
    {
      "uuid": "0ed7c98c-a19e-4ab7-b854-557bd3588db1",
      "title": "",
      "fullFile": "cypress/e2e/TextKeywords/TextKeywords.cy.js",
      "file": "cypress/e2e/TextKeywords/TextKeywords.cy.js",
      "beforeHooks": [],
      "afterHooks": [],
      "tests": [],
      "suites": [
        {
          "uuid": "f39ad767-057e-42de-bddd-ad32694b8e22",
          "title": "Text Keywords",
          "fullFile": "",
          "file": "",
          "beforeHooks": [],
          "afterHooks": [],
          "tests": [
            {
              "title": "C154: Text Keywords",
              "fullTitle": "Text Keywords C154: Text Keywords",
              "timedOut": null,
              "duration": 19697,
              "state": "passed",
              "speed": "slow",
              "pass": true,
              "fail": false,
              "pending": false,
              "context": null,
              "code": "Login.ValidLogin();\nTextKeyword.OpenTextKeywords();",
              "err": {},
              "uuid": "5bfbe8f2-4cf6-45f2-82e1-6e9f18ee6fa6",
              "parentUUID": "f39ad767-057e-42de-bddd-ad32694b8e22",
              "isHook": false,
              "skipped": false
            }
          ],
          "suites": [],
          "passes": [
            "5bfbe8f2-4cf6-45f2-82e1-6e9f18ee6fa6"
          ],
          "failures": [],
          "pending": [],
          "skipped": [],
          "duration": 19697,
          "root": false,
          "rootEmpty": false,
          "_timeout": 2000
        }
      ],
      "passes": [],
      "failures": [],
      "pending": [],
      "skipped": [],
      "duration": 0,
      "root": true,
      "rootEmpty": true,
      "_timeout": 2000
    }
  ],
  "meta": {
    "mocha": {
      "version": "7.0.1"
    },
    "mochawesome": {
      "options": {
        "quiet": false,
        "reportFilename": "mochawesome",
        "saveHtml": false,
        "saveJson": true,
        "consoleReporter": "spec",
        "useInlineDiffs": false,
        "code": true
      },
      "version": "7.1.3"
    },
    "marge": {
      "options": {
        "overwrite": false,
        "html": false,
        "json": true,
        "reportDir": "cypress/reports/html/.jsons"
      },
      "version": "6.2.0"
    }
  }
}