{
  "stats": {
    "suites": 1,
    "tests": 1,
    "passes": 1,
    "pending": 0,
    "failures": 0,
    "start": "2023-12-29T14:08:08.450Z",
    "end": "2023-12-29T14:08:34.706Z",
    "duration": 26256,
    "testsRegistered": 1,
    "passPercent": 100,
    "pendingPercent": 0,
    "other": 0,
    "hasOther": false,
    "skipped": 0,
    "hasSkipped": false
  },
  "results": [
    {
      "uuid": "682702ce-ec88-485a-85fb-8b0534fc4654",
      "title": "",
      "fullFile": "cypress/e2e/StatusAndResults/SearchMessage.cy.js",
      "file": "cypress/e2e/StatusAndResults/SearchMessage.cy.js",
      "beforeHooks": [],
      "afterHooks": [],
      "tests": [],
      "suites": [
        {
          "uuid": "de567ee7-5674-4bfe-bc09-d345a115ea7a",
          "title": "Status And Result",
          "fullFile": "",
          "file": "",
          "beforeHooks": [],
          "afterHooks": [],
          "tests": [
            {
              "title": "C175: Search Message",
              "fullTitle": "Status And Result C175: Search Message",
              "timedOut": null,
              "duration": 25340,
              "state": "passed",
              "speed": "slow",
              "pass": true,
              "fail": false,
              "pending": false,
              "context": null,
              "code": "Login.ValidLogin();\nStatusAndResult.OpenStatusAndResult();\nStatusAndResult.SearchMessage();",
              "err": {},
              "uuid": "5b9623d4-febe-4939-9a08-ee32ecdbb85b",
              "parentUUID": "de567ee7-5674-4bfe-bc09-d345a115ea7a",
              "isHook": false,
              "skipped": false
            }
          ],
          "suites": [],
          "passes": [
            "5b9623d4-febe-4939-9a08-ee32ecdbb85b"
          ],
          "failures": [],
          "pending": [],
          "skipped": [],
          "duration": 25340,
          "root": false,
          "rootEmpty": false,
          "_timeout": 2000
        }
      ],
      "passes": [],
      "failures": [],
      "pending": [],
      "skipped": [],
      "duration": 0,
      "root": true,
      "rootEmpty": true,
      "_timeout": 2000
    }
  ],
  "meta": {
    "mocha": {
      "version": "7.0.1"
    },
    "mochawesome": {
      "options": {
        "quiet": false,
        "reportFilename": "mochawesome",
        "saveHtml": false,
        "saveJson": true,
        "consoleReporter": "spec",
        "useInlineDiffs": false,
        "code": true
      },
      "version": "7.1.3"
    },
    "marge": {
      "options": {
        "overwrite": false,
        "html": false,
        "json": true,
        "reportDir": "cypress/reports/html/.jsons"
      },
      "version": "6.2.0"
    }
  }
}