{
  "stats": {
    "suites": 1,
    "tests": 1,
    "passes": 1,
    "pending": 0,
    "failures": 0,
    "start": "2024-01-31T15:25:41.416Z",
    "end": "2024-01-31T15:26:06.345Z",
    "duration": 24929,
    "testsRegistered": 1,
    "passPercent": 100,
    "pendingPercent": 0,
    "other": 0,
    "hasOther": false,
    "skipped": 0,
    "hasSkipped": false
  },
  "results": [
    {
      "uuid": "92a0899f-1536-4652-9315-756af9c9dc5f",
      "title": "",
      "fullFile": "cypress\\e2e\\Footer\\HelpCenter.cy.js",
      "file": "cypress\\e2e\\Footer\\HelpCenter.cy.js",
      "beforeHooks": [],
      "afterHooks": [],
      "tests": [],
      "suites": [
        {
          "uuid": "bea98079-1cc2-49c0-b1e0-996bab018008",
          "title": "Footer",
          "fullFile": "",
          "file": "",
          "beforeHooks": [],
          "afterHooks": [],
          "tests": [
            {
              "title": "Help Center",
              "fullTitle": "Footer Help Center",
              "timedOut": null,
              "duration": 19725,
              "state": "passed",
              "speed": "slow",
              "pass": true,
              "fail": false,
              "pending": false,
              "context": null,
              "code": "Login.ValidLogin();\nFooter.OpenHelpCenter();",
              "err": {},
              "uuid": "07ad077e-8d20-4368-9109-5a58cbda83c7",
              "parentUUID": "bea98079-1cc2-49c0-b1e0-996bab018008",
              "isHook": false,
              "skipped": false
            }
          ],
          "suites": [],
          "passes": [
            "07ad077e-8d20-4368-9109-5a58cbda83c7"
          ],
          "failures": [],
          "pending": [],
          "skipped": [],
          "duration": 19725,
          "root": false,
          "rootEmpty": false,
          "_timeout": 2000
        }
      ],
      "passes": [],
      "failures": [],
      "pending": [],
      "skipped": [],
      "duration": 0,
      "root": true,
      "rootEmpty": true,
      "_timeout": 2000
    }
  ],
  "meta": {
    "mocha": {
      "version": "7.0.1"
    },
    "mochawesome": {
      "options": {
        "quiet": false,
        "reportFilename": "mochawesome",
        "saveHtml": false,
        "saveJson": true,
        "consoleReporter": "spec",
        "useInlineDiffs": false,
        "code": true
      },
      "version": "7.1.3"
    },
    "marge": {
      "options": {
        "overwrite": false,
        "html": false,
        "json": true,
        "reportDir": "cypress\\reports\\html\\.jsons"
      },
      "version": "6.2.0"
    }
  }
}