{
  "stats": {
    "suites": 1,
    "tests": 1,
    "passes": 1,
    "pending": 0,
    "failures": 0,
    "start": "2023-12-29T20:43:14.139Z",
    "end": "2023-12-29T20:43:41.643Z",
    "duration": 27504,
    "testsRegistered": 1,
    "passPercent": 100,
    "pendingPercent": 0,
    "other": 0,
    "hasOther": false,
    "skipped": 0,
    "hasSkipped": false
  },
  "results": [
    {
      "uuid": "d7a04893-30aa-425e-8cfd-b29fcc6c9558",
      "title": "",
      "fullFile": "cypress/e2e/RewardCenter/UpgradeUnlimited.cy.js",
      "file": "cypress/e2e/RewardCenter/UpgradeUnlimited.cy.js",
      "beforeHooks": [],
      "afterHooks": [],
      "tests": [],
      "suites": [
        {
          "uuid": "169fc23c-9a16-4084-bd29-6f1e30951ff0",
          "title": "Reward Center",
          "fullFile": "",
          "file": "",
          "beforeHooks": [],
          "afterHooks": [],
          "tests": [
            {
              "title": "C150: Upgrade Unlimited",
              "fullTitle": "Reward Center C150: Upgrade Unlimited",
              "timedOut": null,
              "duration": 27449,
              "state": "passed",
              "speed": "slow",
              "pass": true,
              "fail": false,
              "pending": false,
              "context": null,
              "code": "Login.ValidLogin();\nRewards.OpenRewardCenter();\nRewards.OpenUpgradeUnlimited();\nRewards.SelectContacts();\nRewards.CreditPricing();\n// Rewards.UpgradePremium();",
              "err": {},
              "uuid": "2d875bc2-eea4-4e04-8cf4-fdc5261da1af",
              "parentUUID": "169fc23c-9a16-4084-bd29-6f1e30951ff0",
              "isHook": false,
              "skipped": false
            }
          ],
          "suites": [],
          "passes": [
            "2d875bc2-eea4-4e04-8cf4-fdc5261da1af"
          ],
          "failures": [],
          "pending": [],
          "skipped": [],
          "duration": 27449,
          "root": false,
          "rootEmpty": false,
          "_timeout": 2000
        }
      ],
      "passes": [],
      "failures": [],
      "pending": [],
      "skipped": [],
      "duration": 0,
      "root": true,
      "rootEmpty": true,
      "_timeout": 2000
    }
  ],
  "meta": {
    "mocha": {
      "version": "7.0.1"
    },
    "mochawesome": {
      "options": {
        "quiet": false,
        "reportFilename": "mochawesome",
        "saveHtml": false,
        "saveJson": true,
        "consoleReporter": "spec",
        "useInlineDiffs": false,
        "code": true
      },
      "version": "7.1.3"
    },
    "marge": {
      "options": {
        "overwrite": false,
        "html": false,
        "json": true,
        "reportDir": "cypress/reports/html/.jsons"
      },
      "version": "6.2.0"
    }
  }
}