{
  "stats": {
    "suites": 1,
    "tests": 1,
    "passes": 1,
    "pending": 0,
    "failures": 0,
    "start": "2023-12-29T13:52:13.225Z",
    "end": "2023-12-29T13:52:37.028Z",
    "duration": 23803,
    "testsRegistered": 1,
    "passPercent": 100,
    "pendingPercent": 0,
    "other": 0,
    "hasOther": false,
    "skipped": 0,
    "hasSkipped": false
  },
  "results": [
    {
      "uuid": "5a6c6c66-9117-4f22-af3e-6182be5e1618",
      "title": "",
      "fullFile": "cypress/e2e/StatusAndResults/StatusAndResults.cy.js",
      "file": "cypress/e2e/StatusAndResults/StatusAndResults.cy.js",
      "beforeHooks": [],
      "afterHooks": [],
      "tests": [],
      "suites": [
        {
          "uuid": "37a8ab13-1edf-4c8e-8488-ae21c1d2ec4f",
          "title": "Status And Result",
          "fullFile": "",
          "file": "",
          "beforeHooks": [],
          "afterHooks": [],
          "tests": [
            {
              "title": "C176: Status And Result",
              "fullTitle": "Status And Result C176: Status And Result",
              "timedOut": null,
              "duration": 22793,
              "state": "passed",
              "speed": "slow",
              "pass": true,
              "fail": false,
              "pending": false,
              "context": null,
              "code": "Login.ValidLogin();\nStatusAndResult.OpenStatusAndResult();",
              "err": {},
              "uuid": "e5e00711-c0db-4b9d-b979-94281f031fda",
              "parentUUID": "37a8ab13-1edf-4c8e-8488-ae21c1d2ec4f",
              "isHook": false,
              "skipped": false
            }
          ],
          "suites": [],
          "passes": [
            "e5e00711-c0db-4b9d-b979-94281f031fda"
          ],
          "failures": [],
          "pending": [],
          "skipped": [],
          "duration": 22793,
          "root": false,
          "rootEmpty": false,
          "_timeout": 2000
        }
      ],
      "passes": [],
      "failures": [],
      "pending": [],
      "skipped": [],
      "duration": 0,
      "root": true,
      "rootEmpty": true,
      "_timeout": 2000
    }
  ],
  "meta": {
    "mocha": {
      "version": "7.0.1"
    },
    "mochawesome": {
      "options": {
        "quiet": false,
        "reportFilename": "mochawesome",
        "saveHtml": false,
        "saveJson": true,
        "consoleReporter": "spec",
        "useInlineDiffs": false,
        "code": true
      },
      "version": "7.1.3"
    },
    "marge": {
      "options": {
        "overwrite": false,
        "html": false,
        "json": true,
        "reportDir": "cypress/reports/html/.jsons"
      },
      "version": "6.2.0"
    }
  }
}