{
  "stats": {
    "suites": 1,
    "tests": 1,
    "passes": 1,
    "pending": 0,
    "failures": 0,
    "start": "2023-12-29T22:04:26.831Z",
    "end": "2023-12-29T22:04:52.327Z",
    "duration": 25496,
    "testsRegistered": 1,
    "passPercent": 100,
    "pendingPercent": 0,
    "other": 0,
    "hasOther": false,
    "skipped": 0,
    "hasSkipped": false
  },
  "results": [
    {
      "uuid": "e2a471e3-209b-4ea1-89cd-0b1b3de1823e",
      "title": "",
      "fullFile": "cypress/e2e/StatusAndResults/SearchMessage.cy.js",
      "file": "cypress/e2e/StatusAndResults/SearchMessage.cy.js",
      "beforeHooks": [],
      "afterHooks": [],
      "tests": [],
      "suites": [
        {
          "uuid": "5ff086e7-a57a-42fd-93f5-840865a4130a",
          "title": "Status And Result",
          "fullFile": "",
          "file": "",
          "beforeHooks": [],
          "afterHooks": [],
          "tests": [
            {
              "title": "C175: Search Message",
              "fullTitle": "Status And Result C175: Search Message",
              "timedOut": null,
              "duration": 25436,
              "state": "passed",
              "speed": "slow",
              "pass": true,
              "fail": false,
              "pending": false,
              "context": null,
              "code": "Login.ValidLogin();\nStatusAndResult.OpenStatusAndResult();\nStatusAndResult.SearchMessage();",
              "err": {},
              "uuid": "0cd7f368-cae2-4f10-bb54-d14c741ecc90",
              "parentUUID": "5ff086e7-a57a-42fd-93f5-840865a4130a",
              "isHook": false,
              "skipped": false
            }
          ],
          "suites": [],
          "passes": [
            "0cd7f368-cae2-4f10-bb54-d14c741ecc90"
          ],
          "failures": [],
          "pending": [],
          "skipped": [],
          "duration": 25436,
          "root": false,
          "rootEmpty": false,
          "_timeout": 2000
        }
      ],
      "passes": [],
      "failures": [],
      "pending": [],
      "skipped": [],
      "duration": 0,
      "root": true,
      "rootEmpty": true,
      "_timeout": 2000
    }
  ],
  "meta": {
    "mocha": {
      "version": "7.0.1"
    },
    "mochawesome": {
      "options": {
        "quiet": false,
        "reportFilename": "mochawesome",
        "saveHtml": false,
        "saveJson": true,
        "consoleReporter": "spec",
        "useInlineDiffs": false,
        "code": true
      },
      "version": "7.1.3"
    },
    "marge": {
      "options": {
        "overwrite": false,
        "html": false,
        "json": true,
        "reportDir": "cypress/reports/html/.jsons"
      },
      "version": "6.2.0"
    }
  }
}