{
  "stats": {
    "suites": 1,
    "tests": 1,
    "passes": 0,
    "pending": 0,
    "failures": 1,
    "start": "2024-01-31T09:06:15.666Z",
    "end": "2024-01-31T09:06:30.972Z",
    "duration": 15306,
    "testsRegistered": 1,
    "passPercent": 0,
    "pendingPercent": 0,
    "other": 0,
    "hasOther": false,
    "skipped": 0,
    "hasSkipped": false
  },
  "results": [
    {
      "uuid": "ee6a45ee-9f80-4c15-8a9a-f6bc8c2ff7fa",
      "title": "",
      "fullFile": "cypress\\e2e\\GroupsAndContacts\\FilterContacts.cy.js",
      "file": "cypress\\e2e\\GroupsAndContacts\\FilterContacts.cy.js",
      "beforeHooks": [],
      "afterHooks": [],
      "tests": [],
      "suites": [
        {
          "uuid": "175dcbf5-12b4-4f16-96f6-d6ccd9fa3286",
          "title": "Groups And Contacts",
          "fullFile": "",
          "file": "",
          "beforeHooks": [],
          "afterHooks": [],
          "tests": [
            {
              "title": "Filter Contacts",
              "fullTitle": "Groups And Contacts Filter Contacts",
              "timedOut": null,
              "duration": 15098,
              "state": "failed",
              "speed": null,
              "pass": false,
              "fail": true,
              "pending": false,
              "context": "{\n  \"title\": \"cypress-mochawesome-reporter-screenshots\",\n  \"value\": [\n    [\n      \"\\\\GroupsAndContacts\\\\FilterContacts.cy.js\\\\Groups And Contacts -- Filter Contacts (failed).png\"\n    ]\n  ]\n}",
              "code": "Login.ValidLogin();\nGroupsAndContact.OpenGroups();\nGroupsAndContact.SelectGroup();\nGroupsAndContact.FilterContacts();",
              "err": {
                "message": "CypressError: Timed out retrying after 4050ms: `cy.click()` failed because this element:\n\n`<tr _ngcontent-hqt-c277=\"\" role=\"row\" mat-row=\"\" class=\"mat-row cdk-row table-row ng-star-inserted\">...</tr>`\n\nis being covered by another element:\n\n`<app-loader _ngcontent-hqt-c290=\"\" class=\"dashboard __overlay ng-star-inserted\" _nghost-hqt-c131=\"\">...</app-loader>`\n\nFix this problem, or use {force: true} to disable error checking.\n\nhttps://on.cypress.io/element-cannot-be-interacted-with",
                "estack": "CypressError: Timed out retrying after 4050ms: `cy.click()` failed because this element:\n\n`<tr _ngcontent-hqt-c277=\"\" role=\"row\" mat-row=\"\" class=\"mat-row cdk-row table-row ng-star-inserted\">...</tr>`\n\nis being covered by another element:\n\n`<app-loader _ngcontent-hqt-c290=\"\" class=\"dashboard __overlay ng-star-inserted\" _nghost-hqt-c131=\"\">...</app-loader>`\n\nFix this problem, or use {force: true} to disable error checking.\n\nhttps://on.cypress.io/element-cannot-be-interacted-with\n    at ensureIsDescendent (https://test.callingpost.com/__cypress/runner/cypress_runner.js:111926:68)\n    at ensureDescendents (https://test.callingpost.com/__cypress/runner/cypress_runner.js:111977:5)\n    at ensureDescendentsAndScroll (https://test.callingpost.com/__cypress/runner/cypress_runner.js:111983:14)\n    at ensureElIsNotCovered (https://test.callingpost.com/__cypress/runner/cypress_runner.js:112114:5)\n    at runAllChecks (https://test.callingpost.com/__cypress/runner/cypress_runner.js:112313:52)\n    at retryActionability (https://test.callingpost.com/__cypress/runner/cypress_runner.js:112350:16)\n    at tryCatcher (https://test.callingpost.com/__cypress/runner/cypress_runner.js:1807:23)\n    at Promise.attempt.Promise.try (https://test.callingpost.com/__cypress/runner/cypress_runner.js:4315:29)\n    at whenStable (https://test.callingpost.com/__cypress/runner/cypress_runner.js:143892:68)\n    at <unknown> (https://test.callingpost.com/__cypress/runner/cypress_runner.js:143833:14)\n    at tryCatcher (https://test.callingpost.com/__cypress/runner/cypress_runner.js:1807:23)\n    at Promise._settlePromiseFromHandler (https://test.callingpost.com/__cypress/runner/cypress_runner.js:1519:31)\n    at Promise._settlePromise (https://test.callingpost.com/__cypress/runner/cypress_runner.js:1576:18)\n    at Promise._settlePromise0 (https://test.callingpost.com/__cypress/runner/cypress_runner.js:1621:10)\n    at Promise._settlePromises (https://test.callingpost.com/__cypress/runner/cypress_runner.js:1701:18)\n    at Promise._fulfill (https://test.callingpost.com/__cypress/runner/cypress_runner.js:1645:18)\n    at <unknown> (https://test.callingpost.com/__cypress/runner/cypress_runner.js:5450:46)\nFrom Your Spec Code:\n    at GroupsAndContacts.SelectGroup (webpack://calling-post-automation/./cypress/ClassFiles/GroupsAndContacts/Add_New_group.js:54:38)\n    at Context.eval (webpack://calling-post-automation/./cypress/e2e/GroupsAndContacts/FilterContacts.cy.js:25:23)",
                "diff": null
              },
              "uuid": "d7ed8d81-8315-4198-8af9-7147fde5199e",
              "parentUUID": "175dcbf5-12b4-4f16-96f6-d6ccd9fa3286",
              "isHook": false,
              "skipped": false
            }
          ],
          "suites": [],
          "passes": [],
          "failures": [
            "d7ed8d81-8315-4198-8af9-7147fde5199e"
          ],
          "pending": [],
          "skipped": [],
          "duration": 15098,
          "root": false,
          "rootEmpty": false,
          "_timeout": 2000
        }
      ],
      "passes": [],
      "failures": [],
      "pending": [],
      "skipped": [],
      "duration": 0,
      "root": true,
      "rootEmpty": true,
      "_timeout": 2000
    }
  ],
  "meta": {
    "mocha": {
      "version": "7.0.1"
    },
    "mochawesome": {
      "options": {
        "quiet": false,
        "reportFilename": "mochawesome",
        "saveHtml": false,
        "saveJson": true,
        "consoleReporter": "spec",
        "useInlineDiffs": false,
        "code": true
      },
      "version": "7.1.3"
    },
    "marge": {
      "options": {
        "overwrite": false,
        "html": false,
        "json": true,
        "reportDir": "cypress\\reports\\html\\.jsons"
      },
      "version": "6.2.0"
    }
  }
}