{
  "stats": {
    "suites": 1,
    "tests": 1,
    "passes": 1,
    "pending": 0,
    "failures": 0,
    "start": "2023-12-29T21:20:04.017Z",
    "end": "2023-12-29T21:20:27.842Z",
    "duration": 23825,
    "testsRegistered": 1,
    "passPercent": 100,
    "pendingPercent": 0,
    "other": 0,
    "hasOther": false,
    "skipped": 0,
    "hasSkipped": false
  },
  "results": [
    {
      "uuid": "e24b1a26-7c47-4f54-9e95-37a81bc29cd1",
      "title": "",
      "fullFile": "cypress/e2e/CreateAccount/CreateAccount.cy.js",
      "file": "cypress/e2e/CreateAccount/CreateAccount.cy.js",
      "beforeHooks": [],
      "afterHooks": [],
      "tests": [],
      "suites": [
        {
          "uuid": "ffcfe9c6-bddf-44c0-9fc3-c834a2a6cc23",
          "title": "Registration",
          "fullFile": "",
          "file": "",
          "beforeHooks": [],
          "afterHooks": [],
          "tests": [
            {
              "title": "C156: Create Free Account",
              "fullTitle": "Registration C156: Create Free Account",
              "timedOut": null,
              "duration": 23767,
              "state": "passed",
              "speed": "slow",
              "pass": true,
              "fail": false,
              "pending": false,
              "context": null,
              "code": "Registration.OpenRegistration();\nRegistration.AddPhoneNumber();\nRegistration.AddPin();\nRegistration.AddEmail();\nRegistration.AddName();\nRegistration.SelectOrganization();\nRegistration.OpenPlans();",
              "err": {},
              "uuid": "f07811ed-8ccb-4e40-8564-b9107f5a4b2b",
              "parentUUID": "ffcfe9c6-bddf-44c0-9fc3-c834a2a6cc23",
              "isHook": false,
              "skipped": false
            }
          ],
          "suites": [],
          "passes": [
            "f07811ed-8ccb-4e40-8564-b9107f5a4b2b"
          ],
          "failures": [],
          "pending": [],
          "skipped": [],
          "duration": 23767,
          "root": false,
          "rootEmpty": false,
          "_timeout": 2000
        }
      ],
      "passes": [],
      "failures": [],
      "pending": [],
      "skipped": [],
      "duration": 0,
      "root": true,
      "rootEmpty": true,
      "_timeout": 2000
    }
  ],
  "meta": {
    "mocha": {
      "version": "7.0.1"
    },
    "mochawesome": {
      "options": {
        "quiet": false,
        "reportFilename": "mochawesome",
        "saveHtml": false,
        "saveJson": true,
        "consoleReporter": "spec",
        "useInlineDiffs": false,
        "code": true
      },
      "version": "7.1.3"
    },
    "marge": {
      "options": {
        "overwrite": false,
        "html": false,
        "json": true,
        "reportDir": "cypress/reports/html/.jsons"
      },
      "version": "6.2.0"
    }
  }
}