{
  "stats": {
    "suites": 1,
    "tests": 1,
    "passes": 1,
    "pending": 0,
    "failures": 0,
    "start": "2023-12-29T13:42:07.080Z",
    "end": "2023-12-29T13:42:21.790Z",
    "duration": 14710,
    "testsRegistered": 1,
    "passPercent": 100,
    "pendingPercent": 0,
    "other": 0,
    "hasOther": false,
    "skipped": 0,
    "hasSkipped": false
  },
  "results": [
    {
      "uuid": "f0311216-447f-434d-ad1c-68d1e808ed6f",
      "title": "",
      "fullFile": "cypress/e2e/CreateAccount/CreateAccount.cy.js",
      "file": "cypress/e2e/CreateAccount/CreateAccount.cy.js",
      "beforeHooks": [],
      "afterHooks": [],
      "tests": [],
      "suites": [
        {
          "uuid": "19daf427-4189-4382-8e44-21594f09d62f",
          "title": "Registration",
          "fullFile": "",
          "file": "",
          "beforeHooks": [],
          "afterHooks": [],
          "tests": [
            {
              "title": "C156: Create Free Account",
              "fullTitle": "Registration C156: Create Free Account",
              "timedOut": null,
              "duration": 13799,
              "state": "passed",
              "speed": "slow",
              "pass": true,
              "fail": false,
              "pending": false,
              "context": null,
              "code": "Registration.OpenRegistration();\nRegistration.AddPhoneNumber();\nRegistration.AddPin();\nRegistration.AddEmail();\nRegistration.AddName();\nRegistration.SelectOrganization();\nRegistration.OpenPlans();",
              "err": {},
              "uuid": "c6aa8369-4d87-492d-9b35-41c2c3b76696",
              "parentUUID": "19daf427-4189-4382-8e44-21594f09d62f",
              "isHook": false,
              "skipped": false
            }
          ],
          "suites": [],
          "passes": [
            "c6aa8369-4d87-492d-9b35-41c2c3b76696"
          ],
          "failures": [],
          "pending": [],
          "skipped": [],
          "duration": 13799,
          "root": false,
          "rootEmpty": false,
          "_timeout": 2000
        }
      ],
      "passes": [],
      "failures": [],
      "pending": [],
      "skipped": [],
      "duration": 0,
      "root": true,
      "rootEmpty": true,
      "_timeout": 2000
    }
  ],
  "meta": {
    "mocha": {
      "version": "7.0.1"
    },
    "mochawesome": {
      "options": {
        "quiet": false,
        "reportFilename": "mochawesome",
        "saveHtml": false,
        "saveJson": true,
        "consoleReporter": "spec",
        "useInlineDiffs": false,
        "code": true
      },
      "version": "7.1.3"
    },
    "marge": {
      "options": {
        "overwrite": false,
        "html": false,
        "json": true,
        "reportDir": "cypress/reports/html/.jsons"
      },
      "version": "6.2.0"
    }
  }
}