{
  "stats": {
    "suites": 1,
    "tests": 1,
    "passes": 1,
    "pending": 0,
    "failures": 0,
    "start": "2023-12-29T13:39:37.288Z",
    "end": "2023-12-29T13:40:08.089Z",
    "duration": 30801,
    "testsRegistered": 1,
    "passPercent": 100,
    "pendingPercent": 0,
    "other": 0,
    "hasOther": false,
    "skipped": 0,
    "hasSkipped": false
  },
  "results": [
    {
      "uuid": "1f486c8f-c64b-40c2-93c5-430e0da800a5",
      "title": "",
      "fullFile": "cypress/e2e/GroupsAndContacts/Add_New_Group.cy.js",
      "file": "cypress/e2e/GroupsAndContacts/Add_New_Group.cy.js",
      "beforeHooks": [],
      "afterHooks": [],
      "tests": [],
      "suites": [
        {
          "uuid": "e514ecec-565a-47a7-b0e5-208deca28f1a",
          "title": "Groups And Contacts",
          "fullFile": "",
          "file": "",
          "beforeHooks": [],
          "afterHooks": [],
          "tests": [
            {
              "title": "C164: Add New Group",
              "fullTitle": "Groups And Contacts C164: Add New Group",
              "timedOut": null,
              "duration": 29853,
              "state": "passed",
              "speed": "slow",
              "pass": true,
              "fail": false,
              "pending": false,
              "context": null,
              "code": "Login.ValidLogin();\nGroupsAndContact.OpenGroups();\nGroupsAndContact.CreateGroup();",
              "err": {},
              "uuid": "ee15a80f-a636-426b-8074-8d157a754113",
              "parentUUID": "e514ecec-565a-47a7-b0e5-208deca28f1a",
              "isHook": false,
              "skipped": false
            }
          ],
          "suites": [],
          "passes": [
            "ee15a80f-a636-426b-8074-8d157a754113"
          ],
          "failures": [],
          "pending": [],
          "skipped": [],
          "duration": 29853,
          "root": false,
          "rootEmpty": false,
          "_timeout": 2000
        }
      ],
      "passes": [],
      "failures": [],
      "pending": [],
      "skipped": [],
      "duration": 0,
      "root": true,
      "rootEmpty": true,
      "_timeout": 2000
    }
  ],
  "meta": {
    "mocha": {
      "version": "7.0.1"
    },
    "mochawesome": {
      "options": {
        "quiet": false,
        "reportFilename": "mochawesome",
        "saveHtml": false,
        "saveJson": true,
        "consoleReporter": "spec",
        "useInlineDiffs": false,
        "code": true
      },
      "version": "7.1.3"
    },
    "marge": {
      "options": {
        "overwrite": false,
        "html": false,
        "json": true,
        "reportDir": "cypress/reports/html/.jsons"
      },
      "version": "6.2.0"
    }
  }
}