{
  "stats": {
    "suites": 1,
    "tests": 1,
    "passes": 1,
    "pending": 0,
    "failures": 0,
    "start": "2023-12-29T18:16:22.742Z",
    "end": "2023-12-29T18:16:31.410Z",
    "duration": 8668,
    "testsRegistered": 1,
    "passPercent": 100,
    "pendingPercent": 0,
    "other": 0,
    "hasOther": false,
    "skipped": 0,
    "hasSkipped": false
  },
  "results": [
    {
      "uuid": "78b333d0-f8aa-43b2-a0a8-2a809ca5668d",
      "title": "",
      "fullFile": "cypress/e2e/ForgotPassword/ForgotPassword.cy.js",
      "file": "cypress/e2e/ForgotPassword/ForgotPassword.cy.js",
      "beforeHooks": [],
      "afterHooks": [],
      "tests": [],
      "suites": [
        {
          "uuid": "498bf630-10a3-47af-ae85-29cabdd5d984",
          "title": "Login",
          "fullFile": "",
          "file": "",
          "beforeHooks": [],
          "afterHooks": [],
          "tests": [
            {
              "title": "C162: Forgot Password",
              "fullTitle": "Login C162: Forgot Password",
              "timedOut": null,
              "duration": 8606,
              "state": "passed",
              "speed": "medium",
              "pass": true,
              "fail": false,
              "pending": false,
              "context": null,
              "code": "Login.ForgotPassword();",
              "err": {},
              "uuid": "d30572c8-94ea-4166-9c08-0e4d2ffc1b78",
              "parentUUID": "498bf630-10a3-47af-ae85-29cabdd5d984",
              "isHook": false,
              "skipped": false
            }
          ],
          "suites": [],
          "passes": [
            "d30572c8-94ea-4166-9c08-0e4d2ffc1b78"
          ],
          "failures": [],
          "pending": [],
          "skipped": [],
          "duration": 8606,
          "root": false,
          "rootEmpty": false,
          "_timeout": 2000
        }
      ],
      "passes": [],
      "failures": [],
      "pending": [],
      "skipped": [],
      "duration": 0,
      "root": true,
      "rootEmpty": true,
      "_timeout": 2000
    }
  ],
  "meta": {
    "mocha": {
      "version": "7.0.1"
    },
    "mochawesome": {
      "options": {
        "quiet": false,
        "reportFilename": "mochawesome",
        "saveHtml": false,
        "saveJson": true,
        "consoleReporter": "spec",
        "useInlineDiffs": false,
        "code": true
      },
      "version": "7.1.3"
    },
    "marge": {
      "options": {
        "overwrite": false,
        "html": false,
        "json": true,
        "reportDir": "cypress/reports/html/.jsons"
      },
      "version": "6.2.0"
    }
  }
}