{
  "stats": {
    "suites": 1,
    "tests": 1,
    "passes": 1,
    "pending": 0,
    "failures": 0,
    "start": "2023-12-29T13:46:46.274Z",
    "end": "2023-12-29T13:47:32.147Z",
    "duration": 45873,
    "testsRegistered": 1,
    "passPercent": 100,
    "pendingPercent": 0,
    "other": 0,
    "hasOther": false,
    "skipped": 0,
    "hasSkipped": false
  },
  "results": [
    {
      "uuid": "ec9093fc-7acd-41ce-a335-e25d90808af1",
      "title": "",
      "fullFile": "cypress/e2e/NewCommunication/Create_Text_Message.cy.js",
      "file": "cypress/e2e/NewCommunication/Create_Text_Message.cy.js",
      "beforeHooks": [],
      "afterHooks": [],
      "tests": [],
      "suites": [
        {
          "uuid": "8e99f95a-f038-4f91-a311-078462bfa36d",
          "title": "New Communication",
          "fullFile": "",
          "file": "",
          "beforeHooks": [],
          "afterHooks": [],
          "tests": [
            {
              "title": "C171: Create Text Message",
              "fullTitle": "New Communication C171: Create Text Message",
              "timedOut": null,
              "duration": 44883,
              "state": "passed",
              "speed": "slow",
              "pass": true,
              "fail": false,
              "pending": false,
              "context": null,
              "code": "Login.ValidLogin();\nTextMessage.OpenNewCommunication();\nTextMessage.SelectGroup();\nTextMessage.CreateTextMessage();",
              "err": {},
              "uuid": "1c9810cc-13ed-4d8c-9128-2bd46c812963",
              "parentUUID": "8e99f95a-f038-4f91-a311-078462bfa36d",
              "isHook": false,
              "skipped": false
            }
          ],
          "suites": [],
          "passes": [
            "1c9810cc-13ed-4d8c-9128-2bd46c812963"
          ],
          "failures": [],
          "pending": [],
          "skipped": [],
          "duration": 44883,
          "root": false,
          "rootEmpty": false,
          "_timeout": 2000
        }
      ],
      "passes": [],
      "failures": [],
      "pending": [],
      "skipped": [],
      "duration": 0,
      "root": true,
      "rootEmpty": true,
      "_timeout": 2000
    }
  ],
  "meta": {
    "mocha": {
      "version": "7.0.1"
    },
    "mochawesome": {
      "options": {
        "quiet": false,
        "reportFilename": "mochawesome",
        "saveHtml": false,
        "saveJson": true,
        "consoleReporter": "spec",
        "useInlineDiffs": false,
        "code": true
      },
      "version": "7.1.3"
    },
    "marge": {
      "options": {
        "overwrite": false,
        "html": false,
        "json": true,
        "reportDir": "cypress/reports/html/.jsons"
      },
      "version": "6.2.0"
    }
  }
}