{
  "stats": {
    "suites": 1,
    "tests": 1,
    "passes": 1,
    "pending": 0,
    "failures": 0,
    "start": "2023-12-29T14:03:08.232Z",
    "end": "2023-12-29T14:03:54.600Z",
    "duration": 46368,
    "testsRegistered": 1,
    "passPercent": 100,
    "pendingPercent": 0,
    "other": 0,
    "hasOther": false,
    "skipped": 0,
    "hasSkipped": false
  },
  "results": [
    {
      "uuid": "b42301d2-d3b4-414b-9438-ef23e3ed4129",
      "title": "",
      "fullFile": "cypress/e2e/NewCommunication/Create_Text_Message.cy.js",
      "file": "cypress/e2e/NewCommunication/Create_Text_Message.cy.js",
      "beforeHooks": [],
      "afterHooks": [],
      "tests": [],
      "suites": [
        {
          "uuid": "ce8a3817-1fc5-4553-b376-1d37dc208c76",
          "title": "New Communication",
          "fullFile": "",
          "file": "",
          "beforeHooks": [],
          "afterHooks": [],
          "tests": [
            {
              "title": "C171: Create Text Message",
              "fullTitle": "New Communication C171: Create Text Message",
              "timedOut": null,
              "duration": 45335,
              "state": "passed",
              "speed": "slow",
              "pass": true,
              "fail": false,
              "pending": false,
              "context": null,
              "code": "Login.ValidLogin();\nTextMessage.OpenNewCommunication();\nTextMessage.SelectGroup();\nTextMessage.CreateTextMessage();",
              "err": {},
              "uuid": "6c669a98-2766-4172-ba88-95b2000ded8c",
              "parentUUID": "ce8a3817-1fc5-4553-b376-1d37dc208c76",
              "isHook": false,
              "skipped": false
            }
          ],
          "suites": [],
          "passes": [
            "6c669a98-2766-4172-ba88-95b2000ded8c"
          ],
          "failures": [],
          "pending": [],
          "skipped": [],
          "duration": 45335,
          "root": false,
          "rootEmpty": false,
          "_timeout": 2000
        }
      ],
      "passes": [],
      "failures": [],
      "pending": [],
      "skipped": [],
      "duration": 0,
      "root": true,
      "rootEmpty": true,
      "_timeout": 2000
    }
  ],
  "meta": {
    "mocha": {
      "version": "7.0.1"
    },
    "mochawesome": {
      "options": {
        "quiet": false,
        "reportFilename": "mochawesome",
        "saveHtml": false,
        "saveJson": true,
        "consoleReporter": "spec",
        "useInlineDiffs": false,
        "code": true
      },
      "version": "7.1.3"
    },
    "marge": {
      "options": {
        "overwrite": false,
        "html": false,
        "json": true,
        "reportDir": "cypress/reports/html/.jsons"
      },
      "version": "6.2.0"
    }
  }
}