{
  "stats": {
    "suites": 1,
    "tests": 3,
    "passes": 3,
    "pending": 0,
    "failures": 0,
    "start": "2024-01-31T09:02:10.850Z",
    "end": "2024-01-31T09:05:03.608Z",
    "duration": 172758,
    "testsRegistered": 3,
    "passPercent": 100,
    "pendingPercent": 0,
    "other": 0,
    "hasOther": false,
    "skipped": 0,
    "hasSkipped": false
  },
  "results": [
    {
      "uuid": "30760563-5d04-4e6f-bcb0-110ffa5b3d18",
      "title": "",
      "fullFile": "cypress\\e2e\\GroupsAndContacts\\Create_Group_Add_Delete_Contacts.cy.js",
      "file": "cypress\\e2e\\GroupsAndContacts\\Create_Group_Add_Delete_Contacts.cy.js",
      "beforeHooks": [],
      "afterHooks": [],
      "tests": [],
      "suites": [
        {
          "uuid": "c6e9d5dd-bb8e-4c52-b806-fa1a4af8decb",
          "title": "Groups And Contacts",
          "fullFile": "",
          "file": "",
          "beforeHooks": [],
          "afterHooks": [],
          "tests": [
            {
              "title": "Create New Group",
              "fullTitle": "Groups And Contacts Create New Group",
              "timedOut": null,
              "duration": 20817,
              "state": "passed",
              "speed": "slow",
              "pass": true,
              "fail": false,
              "pending": false,
              "context": null,
              "code": "Login.ValidLogin();\nGroupsAndContact.OpenGroups();\nGroupsAndContact.CreateGroup(name);",
              "err": {},
              "uuid": "f8f9a886-e614-426e-a579-d8f0dd4ef2ea",
              "parentUUID": "c6e9d5dd-bb8e-4c52-b806-fa1a4af8decb",
              "isHook": false,
              "skipped": false
            },
            {
              "title": "Add Contacts",
              "fullTitle": "Groups And Contacts Add Contacts",
              "timedOut": null,
              "duration": 83261,
              "state": "passed",
              "speed": "slow",
              "pass": true,
              "fail": false,
              "pending": false,
              "context": null,
              "code": "Login.OpenDashboard();\nGroupsAndContact.OpenGroups();\nGroupsAndContact.AddContacts();",
              "err": {},
              "uuid": "4d000c3a-9deb-465e-bce4-9a35deff8d28",
              "parentUUID": "c6e9d5dd-bb8e-4c52-b806-fa1a4af8decb",
              "isHook": false,
              "skipped": false
            },
            {
              "title": "Delete Contacts",
              "fullTitle": "Groups And Contacts Delete Contacts",
              "timedOut": null,
              "duration": 67859,
              "state": "passed",
              "speed": "slow",
              "pass": true,
              "fail": false,
              "pending": false,
              "context": null,
              "code": "Login.OpenDashboard();\nGroupsAndContact.OpenGroups();\nGroupsAndContact.DeleteContact();",
              "err": {},
              "uuid": "16e34a21-1add-4562-be79-f39ba66c59b8",
              "parentUUID": "c6e9d5dd-bb8e-4c52-b806-fa1a4af8decb",
              "isHook": false,
              "skipped": false
            }
          ],
          "suites": [],
          "passes": [
            "f8f9a886-e614-426e-a579-d8f0dd4ef2ea",
            "4d000c3a-9deb-465e-bce4-9a35deff8d28",
            "16e34a21-1add-4562-be79-f39ba66c59b8"
          ],
          "failures": [],
          "pending": [],
          "skipped": [],
          "duration": 171937,
          "root": false,
          "rootEmpty": false,
          "_timeout": 2000
        }
      ],
      "passes": [],
      "failures": [],
      "pending": [],
      "skipped": [],
      "duration": 0,
      "root": true,
      "rootEmpty": true,
      "_timeout": 2000
    }
  ],
  "meta": {
    "mocha": {
      "version": "7.0.1"
    },
    "mochawesome": {
      "options": {
        "quiet": false,
        "reportFilename": "mochawesome",
        "saveHtml": false,
        "saveJson": true,
        "consoleReporter": "spec",
        "useInlineDiffs": false,
        "code": true
      },
      "version": "7.1.3"
    },
    "marge": {
      "options": {
        "overwrite": false,
        "html": false,
        "json": true,
        "reportDir": "cypress\\reports\\html\\.jsons"
      },
      "version": "6.2.0"
    }
  }
}