{
  "stats": {
    "suites": 1,
    "tests": 1,
    "passes": 1,
    "pending": 0,
    "failures": 0,
    "start": "2023-12-29T18:13:55.652Z",
    "end": "2023-12-29T18:14:42.905Z",
    "duration": 47253,
    "testsRegistered": 1,
    "passPercent": 100,
    "pendingPercent": 0,
    "other": 0,
    "hasOther": false,
    "skipped": 0,
    "hasSkipped": false
  },
  "results": [
    {
      "uuid": "c6780e67-b3c3-42ce-aea1-a6eccde85576",
      "title": "",
      "fullFile": "cypress/e2e/AutoReminders/Create_New_Reminder.cy.js",
      "file": "cypress/e2e/AutoReminders/Create_New_Reminder.cy.js",
      "beforeHooks": [],
      "afterHooks": [],
      "tests": [],
      "suites": [
        {
          "uuid": "59bf0882-8cd1-4d77-889c-0f0ab23370ff",
          "title": "Auto Reminders",
          "fullFile": "",
          "file": "",
          "beforeHooks": [],
          "afterHooks": [],
          "tests": [
            {
              "title": "C155: Create New Reminder",
              "fullTitle": "Auto Reminders C155: Create New Reminder",
              "timedOut": null,
              "duration": 47191,
              "state": "passed",
              "speed": "slow",
              "pass": true,
              "fail": false,
              "pending": false,
              "context": null,
              "code": "Login.ValidLogin();\nReminder.OpenAutoReminders();\nReminder.OpenCreateReminder();\nReminder.EnterReminderDetails();\nReminder.SaveReminder();",
              "err": {},
              "uuid": "7a671109-9648-49dd-82a2-d7b5f63441ec",
              "parentUUID": "59bf0882-8cd1-4d77-889c-0f0ab23370ff",
              "isHook": false,
              "skipped": false
            }
          ],
          "suites": [],
          "passes": [
            "7a671109-9648-49dd-82a2-d7b5f63441ec"
          ],
          "failures": [],
          "pending": [],
          "skipped": [],
          "duration": 47191,
          "root": false,
          "rootEmpty": false,
          "_timeout": 2000
        }
      ],
      "passes": [],
      "failures": [],
      "pending": [],
      "skipped": [],
      "duration": 0,
      "root": true,
      "rootEmpty": true,
      "_timeout": 2000
    }
  ],
  "meta": {
    "mocha": {
      "version": "7.0.1"
    },
    "mochawesome": {
      "options": {
        "quiet": false,
        "reportFilename": "mochawesome",
        "saveHtml": false,
        "saveJson": true,
        "consoleReporter": "spec",
        "useInlineDiffs": false,
        "code": true
      },
      "version": "7.1.3"
    },
    "marge": {
      "options": {
        "overwrite": false,
        "html": false,
        "json": true,
        "reportDir": "cypress/reports/html/.jsons"
      },
      "version": "6.2.0"
    }
  }
}