{
  "stats": {
    "suites": 1,
    "tests": 1,
    "passes": 0,
    "pending": 0,
    "failures": 1,
    "start": "2024-01-31T13:58:04.926Z",
    "end": "2024-01-31T13:58:15.028Z",
    "duration": 10102,
    "testsRegistered": 1,
    "passPercent": 0,
    "pendingPercent": 0,
    "other": 0,
    "hasOther": false,
    "skipped": 0,
    "hasSkipped": false
  },
  "results": [
    {
      "uuid": "95bfa4e2-a8bf-4bab-85ef-7b289a07db0e",
      "title": "",
      "fullFile": "cypress\\e2e\\ForgotUserId\\Forgot_User_Id.cy.js",
      "file": "cypress\\e2e\\ForgotUserId\\Forgot_User_Id.cy.js",
      "beforeHooks": [],
      "afterHooks": [],
      "tests": [],
      "suites": [
        {
          "uuid": "6d9b762d-efe1-4cbb-8d69-832b631f1617",
          "title": "Login",
          "fullFile": "",
          "file": "",
          "beforeHooks": [],
          "afterHooks": [],
          "tests": [
            {
              "title": "C163: Forgot UserId",
              "fullTitle": "Login C163: Forgot UserId",
              "timedOut": null,
              "duration": 9890,
              "state": "failed",
              "speed": null,
              "pass": false,
              "fail": true,
              "pending": false,
              "context": "{\n  \"title\": \"cypress-mochawesome-reporter-screenshots\",\n  \"value\": [\n    [\n      \"\\\\ForgotUserId\\\\Forgot_User_Id.cy.js\\\\Login -- C163 Forgot UserId (failed).png\"\n    ]\n  ]\n}",
              "code": "Login.ForgotUserId();",
              "err": {
                "message": "AssertionError: Timed out retrying after 4000ms: expected '<span.typography-16.typography-16--scale-mobile.message>' to have text ' An email with your username is on the way. ', but the text was ' Something went wrong. '",
                "estack": "AssertionError: Timed out retrying after 4000ms: expected '<span.typography-16.typography-16--scale-mobile.message>' to have text ' An email with your username is on the way. ', but the text was ' Something went wrong. '\n    at ForgotUserId (webpack://calling-post-automation/./cypress/ClassFiles/Login/Forgot_User_Id.js:15:31)\n    at Context.eval (webpack://calling-post-automation/./cypress/e2e/ForgotUserId/Forgot_User_Id.cy.js:17:12)",
                "diff": "- ' Something went wrong. '\n+ ' An email with your username is on the way. '\n"
              },
              "uuid": "4f607b86-5c57-44db-91cb-c8a65a685953",
              "parentUUID": "6d9b762d-efe1-4cbb-8d69-832b631f1617",
              "isHook": false,
              "skipped": false
            }
          ],
          "suites": [],
          "passes": [],
          "failures": [
            "4f607b86-5c57-44db-91cb-c8a65a685953"
          ],
          "pending": [],
          "skipped": [],
          "duration": 9890,
          "root": false,
          "rootEmpty": false,
          "_timeout": 2000
        }
      ],
      "passes": [],
      "failures": [],
      "pending": [],
      "skipped": [],
      "duration": 0,
      "root": true,
      "rootEmpty": true,
      "_timeout": 2000
    }
  ],
  "meta": {
    "mocha": {
      "version": "7.0.1"
    },
    "mochawesome": {
      "options": {
        "quiet": false,
        "reportFilename": "mochawesome",
        "saveHtml": false,
        "saveJson": true,
        "consoleReporter": "spec",
        "useInlineDiffs": false,
        "code": true
      },
      "version": "7.1.3"
    },
    "marge": {
      "options": {
        "overwrite": false,
        "html": false,
        "json": true,
        "reportDir": "cypress\\reports\\html\\.jsons"
      },
      "version": "6.2.0"
    }
  }
}