{
  "stats": {
    "suites": 1,
    "tests": 1,
    "passes": 0,
    "pending": 0,
    "failures": 1,
    "start": "2024-01-31T13:50:11.068Z",
    "end": "2024-01-31T13:50:52.515Z",
    "duration": 41447,
    "testsRegistered": 1,
    "passPercent": 0,
    "pendingPercent": 0,
    "other": 0,
    "hasOther": false,
    "skipped": 0,
    "hasSkipped": false
  },
  "results": [
    {
      "uuid": "b92a6526-8608-4b50-887f-ba5b97ff88bf",
      "title": "",
      "fullFile": "cypress\\e2e\\AccountManagers\\AccountManagers.cy.js",
      "file": "cypress\\e2e\\AccountManagers\\AccountManagers.cy.js",
      "beforeHooks": [],
      "afterHooks": [],
      "tests": [],
      "suites": [
        {
          "uuid": "f7880352-6a8b-4027-94b8-4d6ac6065e40",
          "title": "Account Managers",
          "fullFile": "",
          "file": "",
          "beforeHooks": [],
          "afterHooks": [],
          "tests": [
            {
              "title": "Edit Account Managers",
              "fullTitle": "Account Managers Edit Account Managers",
              "timedOut": null,
              "duration": 41294,
              "state": "failed",
              "speed": null,
              "pass": false,
              "fail": true,
              "pending": false,
              "context": "{\n  \"title\": \"cypress-mochawesome-reporter-screenshots\",\n  \"value\": [\n    [\n      \"\\\\AccountManagers\\\\AccountManagers.cy.js\\\\Account Managers -- Edit Account Managers (failed).png\"\n    ]\n  ]\n}",
              "code": "Login.ValidLogin();\nAccountsManager.OpenAccountManagers();\nAccountsManager.WithoutEmailInvite();\nAccountsManager.CancelSetting();\nAccountsManager.InviteAccountManager();\nAccountsManager.CancelInvite();",
              "err": {
                "message": "CypressError: Timed out retrying after 4050ms: `cy.click()` failed because this element:\n\n`<span class=\"mat-checkbox-inner-container\">...</span>`\n\nis being covered by another element:\n\n`<div class=\"cdk-overlay-backdrop cdk-overlay-dark-backdrop cdk-overlay-backdrop-showing\"></div>`\n\nFix this problem, or use {force: true} to disable error checking.\n\nhttps://on.cypress.io/element-cannot-be-interacted-with",
                "estack": "CypressError: Timed out retrying after 4050ms: `cy.click()` failed because this element:\n\n`<span class=\"mat-checkbox-inner-container\">...</span>`\n\nis being covered by another element:\n\n`<div class=\"cdk-overlay-backdrop cdk-overlay-dark-backdrop cdk-overlay-backdrop-showing\"></div>`\n\nFix this problem, or use {force: true} to disable error checking.\n\nhttps://on.cypress.io/element-cannot-be-interacted-with\n    at ensureIsDescendent (https://test.callingpost.com/__cypress/runner/cypress_runner.js:111926:68)\n    at ensureDescendents (https://test.callingpost.com/__cypress/runner/cypress_runner.js:111977:5)\n    at ensureDescendentsAndScroll (https://test.callingpost.com/__cypress/runner/cypress_runner.js:111983:14)\n    at ensureElIsNotCovered (https://test.callingpost.com/__cypress/runner/cypress_runner.js:112114:5)\n    at runAllChecks (https://test.callingpost.com/__cypress/runner/cypress_runner.js:112313:52)\n    at retryActionability (https://test.callingpost.com/__cypress/runner/cypress_runner.js:112350:16)\n    at tryCatcher (https://test.callingpost.com/__cypress/runner/cypress_runner.js:1807:23)\n    at Promise.attempt.Promise.try (https://test.callingpost.com/__cypress/runner/cypress_runner.js:4315:29)\n    at whenStable (https://test.callingpost.com/__cypress/runner/cypress_runner.js:143892:68)\n    at <unknown> (https://test.callingpost.com/__cypress/runner/cypress_runner.js:143833:14)\n    at tryCatcher (https://test.callingpost.com/__cypress/runner/cypress_runner.js:1807:23)\n    at Promise._settlePromiseFromHandler (https://test.callingpost.com/__cypress/runner/cypress_runner.js:1519:31)\n    at Promise._settlePromise (https://test.callingpost.com/__cypress/runner/cypress_runner.js:1576:18)\n    at Promise._settlePromise0 (https://test.callingpost.com/__cypress/runner/cypress_runner.js:1621:10)\n    at Promise._settlePromises (https://test.callingpost.com/__cypress/runner/cypress_runner.js:1701:18)\n    at Promise._fulfill (https://test.callingpost.com/__cypress/runner/cypress_runner.js:1645:18)\n    at <unknown> (https://test.callingpost.com/__cypress/runner/cypress_runner.js:5450:46)\nFrom Your Spec Code:\n    at AccountManager.WithoutEmailInvite (webpack://calling-post-automation/./cypress/ClassFiles/AccountManagers/AccountManagers.js:29:41)\n    at Context.eval (webpack://calling-post-automation/./cypress/e2e/AccountManagers/AccountManagers.cy.js:25:22)",
                "diff": null
              },
              "uuid": "48cec037-3e0c-4a01-9f91-6017cf7a6488",
              "parentUUID": "f7880352-6a8b-4027-94b8-4d6ac6065e40",
              "isHook": false,
              "skipped": false
            }
          ],
          "suites": [],
          "passes": [],
          "failures": [
            "48cec037-3e0c-4a01-9f91-6017cf7a6488"
          ],
          "pending": [],
          "skipped": [],
          "duration": 41294,
          "root": false,
          "rootEmpty": false,
          "_timeout": 2000
        }
      ],
      "passes": [],
      "failures": [],
      "pending": [],
      "skipped": [],
      "duration": 0,
      "root": true,
      "rootEmpty": true,
      "_timeout": 2000
    }
  ],
  "meta": {
    "mocha": {
      "version": "7.0.1"
    },
    "mochawesome": {
      "options": {
        "quiet": false,
        "reportFilename": "mochawesome",
        "saveHtml": false,
        "saveJson": true,
        "consoleReporter": "spec",
        "useInlineDiffs": false,
        "code": true
      },
      "version": "7.1.3"
    },
    "marge": {
      "options": {
        "overwrite": false,
        "html": false,
        "json": true,
        "reportDir": "cypress\\reports\\html\\.jsons"
      },
      "version": "6.2.0"
    }
  }
}