{
  "stats": {
    "suites": 1,
    "tests": 1,
    "passes": 1,
    "pending": 0,
    "failures": 0,
    "start": "2024-01-31T08:55:04.991Z",
    "end": "2024-01-31T08:55:16.246Z",
    "duration": 11255,
    "testsRegistered": 1,
    "passPercent": 100,
    "pendingPercent": 0,
    "other": 0,
    "hasOther": false,
    "skipped": 0,
    "hasSkipped": false
  },
  "results": [
    {
      "uuid": "32364ba7-8a76-4ac8-b633-2feb6d0f36d8",
      "title": "",
      "fullFile": "cypress\\e2e\\Footer\\HelpCenter.cy.js",
      "file": "cypress\\e2e\\Footer\\HelpCenter.cy.js",
      "beforeHooks": [],
      "afterHooks": [],
      "tests": [],
      "suites": [
        {
          "uuid": "074d51df-c018-4a2e-a4d0-0bc7bf93484d",
          "title": "Footer",
          "fullFile": "",
          "file": "",
          "beforeHooks": [],
          "afterHooks": [],
          "tests": [
            {
              "title": "Help Center",
              "fullTitle": "Footer Help Center",
              "timedOut": null,
              "duration": 11146,
              "state": "passed",
              "speed": "slow",
              "pass": true,
              "fail": false,
              "pending": false,
              "context": null,
              "code": "Login.ValidLogin();\nFooter.OpenHelpCenter();",
              "err": {},
              "uuid": "c0299091-fff5-46f3-9ce8-15b2584feef0",
              "parentUUID": "074d51df-c018-4a2e-a4d0-0bc7bf93484d",
              "isHook": false,
              "skipped": false
            }
          ],
          "suites": [],
          "passes": [
            "c0299091-fff5-46f3-9ce8-15b2584feef0"
          ],
          "failures": [],
          "pending": [],
          "skipped": [],
          "duration": 11146,
          "root": false,
          "rootEmpty": false,
          "_timeout": 2000
        }
      ],
      "passes": [],
      "failures": [],
      "pending": [],
      "skipped": [],
      "duration": 0,
      "root": true,
      "rootEmpty": true,
      "_timeout": 2000
    }
  ],
  "meta": {
    "mocha": {
      "version": "7.0.1"
    },
    "mochawesome": {
      "options": {
        "quiet": false,
        "reportFilename": "mochawesome",
        "saveHtml": false,
        "saveJson": true,
        "consoleReporter": "spec",
        "useInlineDiffs": false,
        "code": true
      },
      "version": "7.1.3"
    },
    "marge": {
      "options": {
        "overwrite": false,
        "html": false,
        "json": true,
        "reportDir": "cypress\\reports\\html\\.jsons"
      },
      "version": "6.2.0"
    }
  }
}