{
  "stats": {
    "suites": 1,
    "tests": 1,
    "passes": 1,
    "pending": 0,
    "failures": 0,
    "start": "2023-12-29T13:49:46.611Z",
    "end": "2023-12-29T13:50:13.539Z",
    "duration": 26928,
    "testsRegistered": 1,
    "passPercent": 100,
    "pendingPercent": 0,
    "other": 0,
    "hasOther": false,
    "skipped": 0,
    "hasSkipped": false
  },
  "results": [
    {
      "uuid": "06f2bc66-5ac4-43a1-b2f0-902cc199c1d5",
      "title": "",
      "fullFile": "cypress/e2e/RewardCenter/WeeklyCommunication.cy.js",
      "file": "cypress/e2e/RewardCenter/WeeklyCommunication.cy.js",
      "beforeHooks": [],
      "afterHooks": [],
      "tests": [],
      "suites": [
        {
          "uuid": "907a23b2-b113-470d-8fe1-46f79214b440",
          "title": "Reward Center",
          "fullFile": "",
          "file": "",
          "beforeHooks": [],
          "afterHooks": [],
          "tests": [
            {
              "title": "C151: Weekly Communications",
              "fullTitle": "Reward Center C151: Weekly Communications",
              "timedOut": null,
              "duration": 25999,
              "state": "passed",
              "speed": "slow",
              "pass": true,
              "fail": false,
              "pending": false,
              "context": null,
              "code": "Login.ValidLogin();\nRewards.OpenRewardCenter();\nRewards.OpenWeeklyCommunication();\n// Rewards.SelectPlan();\nRewards.RecentCommunications();",
              "err": {},
              "uuid": "b5e0c4a1-98ec-4760-8c3d-13ed93c3f445",
              "parentUUID": "907a23b2-b113-470d-8fe1-46f79214b440",
              "isHook": false,
              "skipped": false
            }
          ],
          "suites": [],
          "passes": [
            "b5e0c4a1-98ec-4760-8c3d-13ed93c3f445"
          ],
          "failures": [],
          "pending": [],
          "skipped": [],
          "duration": 25999,
          "root": false,
          "rootEmpty": false,
          "_timeout": 2000
        }
      ],
      "passes": [],
      "failures": [],
      "pending": [],
      "skipped": [],
      "duration": 0,
      "root": true,
      "rootEmpty": true,
      "_timeout": 2000
    }
  ],
  "meta": {
    "mocha": {
      "version": "7.0.1"
    },
    "mochawesome": {
      "options": {
        "quiet": false,
        "reportFilename": "mochawesome",
        "saveHtml": false,
        "saveJson": true,
        "consoleReporter": "spec",
        "useInlineDiffs": false,
        "code": true
      },
      "version": "7.1.3"
    },
    "marge": {
      "options": {
        "overwrite": false,
        "html": false,
        "json": true,
        "reportDir": "cypress/reports/html/.jsons"
      },
      "version": "6.2.0"
    }
  }
}