{
  "stats": {
    "suites": 1,
    "tests": 1,
    "passes": 1,
    "pending": 0,
    "failures": 0,
    "start": "2024-01-31T08:54:32.336Z",
    "end": "2024-01-31T08:54:44.810Z",
    "duration": 12474,
    "testsRegistered": 1,
    "passPercent": 100,
    "pendingPercent": 0,
    "other": 0,
    "hasOther": false,
    "skipped": 0,
    "hasSkipped": false
  },
  "results": [
    {
      "uuid": "2c8cfe5d-a586-403f-95c9-8a80920c5e70",
      "title": "",
      "fullFile": "cypress\\e2e\\ForgotPassword\\ForgotPassword.cy.js",
      "file": "cypress\\e2e\\ForgotPassword\\ForgotPassword.cy.js",
      "beforeHooks": [],
      "afterHooks": [],
      "tests": [],
      "suites": [
        {
          "uuid": "d5d07545-8088-41f3-a647-244b8960c6a5",
          "title": "Login",
          "fullFile": "",
          "file": "",
          "beforeHooks": [],
          "afterHooks": [],
          "tests": [
            {
              "title": "C162: Forgot Password",
              "fullTitle": "Login C162: Forgot Password",
              "timedOut": null,
              "duration": 12305,
              "state": "passed",
              "speed": "slow",
              "pass": true,
              "fail": false,
              "pending": false,
              "context": null,
              "code": "Login.ForgotPassword();",
              "err": {},
              "uuid": "7d7e8428-2bd1-49c6-aec7-3e2b1e8015a8",
              "parentUUID": "d5d07545-8088-41f3-a647-244b8960c6a5",
              "isHook": false,
              "skipped": false
            }
          ],
          "suites": [],
          "passes": [
            "7d7e8428-2bd1-49c6-aec7-3e2b1e8015a8"
          ],
          "failures": [],
          "pending": [],
          "skipped": [],
          "duration": 12305,
          "root": false,
          "rootEmpty": false,
          "_timeout": 2000
        }
      ],
      "passes": [],
      "failures": [],
      "pending": [],
      "skipped": [],
      "duration": 0,
      "root": true,
      "rootEmpty": true,
      "_timeout": 2000
    }
  ],
  "meta": {
    "mocha": {
      "version": "7.0.1"
    },
    "mochawesome": {
      "options": {
        "quiet": false,
        "reportFilename": "mochawesome",
        "saveHtml": false,
        "saveJson": true,
        "consoleReporter": "spec",
        "useInlineDiffs": false,
        "code": true
      },
      "version": "7.1.3"
    },
    "marge": {
      "options": {
        "overwrite": false,
        "html": false,
        "json": true,
        "reportDir": "cypress\\reports\\html\\.jsons"
      },
      "version": "6.2.0"
    }
  }
}