{
  "stats": {
    "suites": 1,
    "tests": 1,
    "passes": 1,
    "pending": 0,
    "failures": 0,
    "start": "2024-01-31T09:23:34.139Z",
    "end": "2024-01-31T09:23:56.159Z",
    "duration": 22020,
    "testsRegistered": 1,
    "passPercent": 100,
    "pendingPercent": 0,
    "other": 0,
    "hasOther": false,
    "skipped": 0,
    "hasSkipped": false
  },
  "results": [
    {
      "uuid": "903c0e5d-42a5-495d-835c-9721c8b238dd",
      "title": "",
      "fullFile": "cypress\\e2e\\Login\\Login_with_incorrect_userId_&_incorrect_password.cy.js",
      "file": "cypress\\e2e\\Login\\Login_with_incorrect_userId_&_incorrect_password.cy.js",
      "beforeHooks": [],
      "afterHooks": [],
      "tests": [],
      "suites": [
        {
          "uuid": "10085c8d-b83b-4326-b2e5-3c582fce0d5d",
          "title": "Login",
          "fullFile": "",
          "file": "",
          "beforeHooks": [],
          "afterHooks": [],
          "tests": [
            {
              "title": "Login With Incorrect UserId & Incorrect Password",
              "fullTitle": "Login Login With Incorrect UserId & Incorrect Password",
              "timedOut": null,
              "duration": 21718,
              "state": "passed",
              "speed": "slow",
              "pass": true,
              "fail": false,
              "pending": false,
              "context": null,
              "code": "Login.LoginWithIncorrectUsernameAndPassword();",
              "err": {},
              "uuid": "e92ad969-f90a-4642-aadb-4421b9688400",
              "parentUUID": "10085c8d-b83b-4326-b2e5-3c582fce0d5d",
              "isHook": false,
              "skipped": false
            }
          ],
          "suites": [],
          "passes": [
            "e92ad969-f90a-4642-aadb-4421b9688400"
          ],
          "failures": [],
          "pending": [],
          "skipped": [],
          "duration": 21718,
          "root": false,
          "rootEmpty": false,
          "_timeout": 2000
        }
      ],
      "passes": [],
      "failures": [],
      "pending": [],
      "skipped": [],
      "duration": 0,
      "root": true,
      "rootEmpty": true,
      "_timeout": 2000
    }
  ],
  "meta": {
    "mocha": {
      "version": "7.0.1"
    },
    "mochawesome": {
      "options": {
        "quiet": false,
        "reportFilename": "mochawesome",
        "saveHtml": false,
        "saveJson": true,
        "consoleReporter": "spec",
        "useInlineDiffs": false,
        "code": true
      },
      "version": "7.1.3"
    },
    "marge": {
      "options": {
        "overwrite": false,
        "html": false,
        "json": true,
        "reportDir": "cypress\\reports\\html\\.jsons"
      },
      "version": "6.2.0"
    }
  }
}