{
  "stats": {
    "suites": 1,
    "tests": 1,
    "passes": 1,
    "pending": 0,
    "failures": 0,
    "start": "2024-01-31T14:01:02.049Z",
    "end": "2024-01-31T14:02:33.289Z",
    "duration": 91240,
    "testsRegistered": 1,
    "passPercent": 100,
    "pendingPercent": 0,
    "other": 0,
    "hasOther": false,
    "skipped": 0,
    "hasSkipped": false
  },
  "results": [
    {
      "uuid": "c03a0d76-4793-42ad-8e16-bd02f8f4567c",
      "title": "",
      "fullFile": "cypress\\e2e\\GroupsAndContacts\\ContactProfile.cy.js",
      "file": "cypress\\e2e\\GroupsAndContacts\\ContactProfile.cy.js",
      "beforeHooks": [],
      "afterHooks": [],
      "tests": [],
      "suites": [
        {
          "uuid": "729b3ad1-b1ae-4d19-8c2b-69d50c564fc5",
          "title": "Groups And Contacts",
          "fullFile": "",
          "file": "",
          "beforeHooks": [],
          "afterHooks": [],
          "tests": [
            {
              "title": "Contact Profile",
              "fullTitle": "Groups And Contacts Contact Profile",
              "timedOut": null,
              "duration": 90911,
              "state": "passed",
              "speed": "slow",
              "pass": true,
              "fail": false,
              "pending": false,
              "context": null,
              "code": "Login.ValidLogin();\nGroupsAndContact.OpenGroups();\nGroupsAndContact.SelectGroup();\nGroupsAndContact.ContactProfile();\nGroupsAndContact.EditPicture();\nGroupsAndContact.EditName();\nGroupsAndContact.ToggleActive();\nGroupsAndContact.EditPhoneNumber();\nGroupsAndContact.EditEmailAddress();\nGroupsAndContact.EditAddress();\nGroupsAndContact.ContactDelete();\nGroupsAndContact.SaveContact();",
              "err": {},
              "uuid": "33978f39-231d-4cca-a841-3c29cb15e02c",
              "parentUUID": "729b3ad1-b1ae-4d19-8c2b-69d50c564fc5",
              "isHook": false,
              "skipped": false
            }
          ],
          "suites": [],
          "passes": [
            "33978f39-231d-4cca-a841-3c29cb15e02c"
          ],
          "failures": [],
          "pending": [],
          "skipped": [],
          "duration": 90911,
          "root": false,
          "rootEmpty": false,
          "_timeout": 2000
        }
      ],
      "passes": [],
      "failures": [],
      "pending": [],
      "skipped": [],
      "duration": 0,
      "root": true,
      "rootEmpty": true,
      "_timeout": 2000
    }
  ],
  "meta": {
    "mocha": {
      "version": "7.0.1"
    },
    "mochawesome": {
      "options": {
        "quiet": false,
        "reportFilename": "mochawesome",
        "saveHtml": false,
        "saveJson": true,
        "consoleReporter": "spec",
        "useInlineDiffs": false,
        "code": true
      },
      "version": "7.1.3"
    },
    "marge": {
      "options": {
        "overwrite": false,
        "html": false,
        "json": true,
        "reportDir": "cypress\\reports\\html\\.jsons"
      },
      "version": "6.2.0"
    }
  }
}