{
  "stats": {
    "suites": 1,
    "tests": 1,
    "passes": 1,
    "pending": 0,
    "failures": 0,
    "start": "2023-12-29T13:07:37.827Z",
    "end": "2023-12-29T13:08:32.709Z",
    "duration": 54882,
    "testsRegistered": 1,
    "passPercent": 100,
    "pendingPercent": 0,
    "other": 0,
    "hasOther": false,
    "skipped": 0,
    "hasSkipped": false
  },
  "results": [
    {
      "uuid": "c070c88c-4883-493d-8581-125994c9de56",
      "title": "",
      "fullFile": "cypress/e2e/NewCommunication/Create_Email_Message.cy.js",
      "file": "cypress/e2e/NewCommunication/Create_Email_Message.cy.js",
      "beforeHooks": [],
      "afterHooks": [],
      "tests": [],
      "suites": [
        {
          "uuid": "2c21a947-0032-4695-9762-e21502686bb8",
          "title": "New Communication",
          "fullFile": "",
          "file": "",
          "beforeHooks": [],
          "afterHooks": [],
          "tests": [
            {
              "title": "Create Email Message",
              "fullTitle": "New Communication Create Email Message",
              "timedOut": null,
              "duration": 53895,
              "state": "passed",
              "speed": "slow",
              "pass": true,
              "fail": false,
              "pending": false,
              "context": "{\n  \"title\": \"cypress-mochawesome-reporter-videos-passed\",\n  \"value\": \"cypress/e2e/NewCommunication/Create_Email_Message.cy.js\"\n}",
              "code": "Login.ValidLogin();\nEmailMessage.OpenNewCommunication();\nEmailMessage.SelectGroup();\nEmailMessage.CreateEmailMessage();",
              "err": {},
              "uuid": "61462886-00cb-4e8e-8c3e-64d2f9882a8e",
              "parentUUID": "2c21a947-0032-4695-9762-e21502686bb8",
              "isHook": false,
              "skipped": false
            }
          ],
          "suites": [],
          "passes": [
            "61462886-00cb-4e8e-8c3e-64d2f9882a8e"
          ],
          "failures": [],
          "pending": [],
          "skipped": [],
          "duration": 53895,
          "root": false,
          "rootEmpty": false,
          "_timeout": 2000
        }
      ],
      "passes": [],
      "failures": [],
      "pending": [],
      "skipped": [],
      "duration": 0,
      "root": true,
      "rootEmpty": true,
      "_timeout": 2000
    }
  ],
  "meta": {
    "mocha": {
      "version": "7.0.1"
    },
    "mochawesome": {
      "options": {
        "quiet": false,
        "reportFilename": "mochawesome",
        "saveHtml": false,
        "saveJson": true,
        "consoleReporter": "spec",
        "useInlineDiffs": false,
        "code": true
      },
      "version": "7.1.3"
    },
    "marge": {
      "options": {
        "overwrite": false,
        "html": false,
        "json": true,
        "reportDir": "cypress/reports/html/.jsons"
      },
      "version": "6.2.0"
    }
  }
}