{
  "stats": {
    "suites": 1,
    "tests": 1,
    "passes": 1,
    "pending": 0,
    "failures": 0,
    "start": "2024-01-31T13:55:45.818Z",
    "end": "2024-01-31T13:55:56.674Z",
    "duration": 10856,
    "testsRegistered": 1,
    "passPercent": 100,
    "pendingPercent": 0,
    "other": 0,
    "hasOther": false,
    "skipped": 0,
    "hasSkipped": false
  },
  "results": [
    {
      "uuid": "b1af9819-2070-495c-a63b-81509650c707",
      "title": "",
      "fullFile": "cypress\\e2e\\Call_InSettings\\Call_InSettings.cy.js",
      "file": "cypress\\e2e\\Call_InSettings\\Call_InSettings.cy.js",
      "beforeHooks": [],
      "afterHooks": [],
      "tests": [],
      "suites": [
        {
          "uuid": "2af31292-5082-4309-bdfa-dea4127fd9d9",
          "title": "Call-In Settings",
          "fullFile": "",
          "file": "",
          "beforeHooks": [],
          "afterHooks": [],
          "tests": [
            {
              "title": "Edit Call-In Settings",
              "fullTitle": "Call-In Settings Edit Call-In Settings",
              "timedOut": null,
              "duration": 10793,
              "state": "passed",
              "speed": "slow",
              "pass": true,
              "fail": false,
              "pending": false,
              "context": null,
              "code": "Login.ValidLogin();\nCall_In.OpenCallIn();\nCall_In.EditNumber();\nCall_In.SaveNumber();\nCall_In.CheckNotification();",
              "err": {},
              "uuid": "ea6cc5a6-c0d4-4e83-82ce-e7f2f293303f",
              "parentUUID": "2af31292-5082-4309-bdfa-dea4127fd9d9",
              "isHook": false,
              "skipped": false
            }
          ],
          "suites": [],
          "passes": [
            "ea6cc5a6-c0d4-4e83-82ce-e7f2f293303f"
          ],
          "failures": [],
          "pending": [],
          "skipped": [],
          "duration": 10793,
          "root": false,
          "rootEmpty": false,
          "_timeout": 2000
        }
      ],
      "passes": [],
      "failures": [],
      "pending": [],
      "skipped": [],
      "duration": 0,
      "root": true,
      "rootEmpty": true,
      "_timeout": 2000
    }
  ],
  "meta": {
    "mocha": {
      "version": "7.0.1"
    },
    "mochawesome": {
      "options": {
        "quiet": false,
        "reportFilename": "mochawesome",
        "saveHtml": false,
        "saveJson": true,
        "consoleReporter": "spec",
        "useInlineDiffs": false,
        "code": true
      },
      "version": "7.1.3"
    },
    "marge": {
      "options": {
        "overwrite": false,
        "html": false,
        "json": true,
        "reportDir": "cypress\\reports\\html\\.jsons"
      },
      "version": "6.2.0"
    }
  }
}