{
  "stats": {
    "suites": 1,
    "tests": 1,
    "passes": 1,
    "pending": 0,
    "failures": 0,
    "start": "2024-01-31T13:54:14.100Z",
    "end": "2024-01-31T13:54:27.434Z",
    "duration": 13334,
    "testsRegistered": 1,
    "passPercent": 100,
    "pendingPercent": 0,
    "other": 0,
    "hasOther": false,
    "skipped": 0,
    "hasSkipped": false
  },
  "results": [
    {
      "uuid": "a4d6fdb2-4c10-49a6-97f2-fa3f444b142f",
      "title": "",
      "fullFile": "cypress\\e2e\\CustomPhoneNumber\\Discount.cy.js",
      "file": "cypress\\e2e\\CustomPhoneNumber\\Discount.cy.js",
      "beforeHooks": [],
      "afterHooks": [],
      "tests": [],
      "suites": [
        {
          "uuid": "502fbb53-9659-4694-9853-36471c06a695",
          "title": "Custom Phone Number",
          "fullFile": "",
          "file": "",
          "beforeHooks": [],
          "afterHooks": [],
          "tests": [
            {
              "title": "Discounts",
              "fullTitle": "Custom Phone Number Discounts",
              "timedOut": null,
              "duration": 13266,
              "state": "passed",
              "speed": "slow",
              "pass": true,
              "fail": false,
              "pending": false,
              "context": null,
              "code": "Login.ValidLogin();\nCustomNumber.OpenCustomNumbers();\nCustomNumber.AddNewPhoneNumber();\nCustomNumber.SelectPreferredNumber();\nCustomNumber.SelectDiscounts();",
              "err": {},
              "uuid": "433d2ba3-3dc7-4bfc-ac6b-78c2dae589c4",
              "parentUUID": "502fbb53-9659-4694-9853-36471c06a695",
              "isHook": false,
              "skipped": false
            }
          ],
          "suites": [],
          "passes": [
            "433d2ba3-3dc7-4bfc-ac6b-78c2dae589c4"
          ],
          "failures": [],
          "pending": [],
          "skipped": [],
          "duration": 13266,
          "root": false,
          "rootEmpty": false,
          "_timeout": 2000
        }
      ],
      "passes": [],
      "failures": [],
      "pending": [],
      "skipped": [],
      "duration": 0,
      "root": true,
      "rootEmpty": true,
      "_timeout": 2000
    }
  ],
  "meta": {
    "mocha": {
      "version": "7.0.1"
    },
    "mochawesome": {
      "options": {
        "quiet": false,
        "reportFilename": "mochawesome",
        "saveHtml": false,
        "saveJson": true,
        "consoleReporter": "spec",
        "useInlineDiffs": false,
        "code": true
      },
      "version": "7.1.3"
    },
    "marge": {
      "options": {
        "overwrite": false,
        "html": false,
        "json": true,
        "reportDir": "cypress\\reports\\html\\.jsons"
      },
      "version": "6.2.0"
    }
  }
}