{
  "stats": {
    "suites": 1,
    "tests": 1,
    "passes": 1,
    "pending": 0,
    "failures": 0,
    "start": "2024-01-31T08:55:46.795Z",
    "end": "2024-01-31T08:55:57.188Z",
    "duration": 10393,
    "testsRegistered": 1,
    "passPercent": 100,
    "pendingPercent": 0,
    "other": 0,
    "hasOther": false,
    "skipped": 0,
    "hasSkipped": false
  },
  "results": [
    {
      "uuid": "ad177b24-6d76-4884-8a6b-0f9ba56b4428",
      "title": "",
      "fullFile": "cypress\\e2e\\ForgotUserId\\Cancel_Request_User_Id.cy.js",
      "file": "cypress\\e2e\\ForgotUserId\\Cancel_Request_User_Id.cy.js",
      "beforeHooks": [],
      "afterHooks": [],
      "tests": [],
      "suites": [
        {
          "uuid": "54ed0a6a-6750-4948-909f-37c3337bef99",
          "title": "Login",
          "fullFile": "",
          "file": "",
          "beforeHooks": [],
          "afterHooks": [],
          "tests": [
            {
              "title": "Cancel Request UserId",
              "fullTitle": "Login Cancel Request UserId",
              "timedOut": null,
              "duration": 10268,
              "state": "passed",
              "speed": "slow",
              "pass": true,
              "fail": false,
              "pending": false,
              "context": null,
              "code": "Login.CancelRequest();",
              "err": {},
              "uuid": "6a8b97b5-366f-4589-a65d-5db295727884",
              "parentUUID": "54ed0a6a-6750-4948-909f-37c3337bef99",
              "isHook": false,
              "skipped": false
            }
          ],
          "suites": [],
          "passes": [
            "6a8b97b5-366f-4589-a65d-5db295727884"
          ],
          "failures": [],
          "pending": [],
          "skipped": [],
          "duration": 10268,
          "root": false,
          "rootEmpty": false,
          "_timeout": 2000
        }
      ],
      "passes": [],
      "failures": [],
      "pending": [],
      "skipped": [],
      "duration": 0,
      "root": true,
      "rootEmpty": true,
      "_timeout": 2000
    }
  ],
  "meta": {
    "mocha": {
      "version": "7.0.1"
    },
    "mochawesome": {
      "options": {
        "quiet": false,
        "reportFilename": "mochawesome",
        "saveHtml": false,
        "saveJson": true,
        "consoleReporter": "spec",
        "useInlineDiffs": false,
        "code": true
      },
      "version": "7.1.3"
    },
    "marge": {
      "options": {
        "overwrite": false,
        "html": false,
        "json": true,
        "reportDir": "cypress\\reports\\html\\.jsons"
      },
      "version": "6.2.0"
    }
  }
}