{
  "stats": {
    "suites": 1,
    "tests": 1,
    "passes": 1,
    "pending": 0,
    "failures": 0,
    "start": "2023-12-29T13:00:32.436Z",
    "end": "2023-12-29T13:00:51.004Z",
    "duration": 18568,
    "testsRegistered": 1,
    "passPercent": 100,
    "pendingPercent": 0,
    "other": 0,
    "hasOther": false,
    "skipped": 0,
    "hasSkipped": false
  },
  "results": [
    {
      "uuid": "f9e66dae-ba5e-4be5-9084-29f6719147e9",
      "title": "",
      "fullFile": "cypress/e2e/CreateAccount/CreateAccount.cy.js",
      "file": "cypress/e2e/CreateAccount/CreateAccount.cy.js",
      "beforeHooks": [],
      "afterHooks": [],
      "tests": [],
      "suites": [
        {
          "uuid": "d936d264-6254-43d9-a2d0-5aab22fae7c2",
          "title": "Registration",
          "fullFile": "",
          "file": "",
          "beforeHooks": [],
          "afterHooks": [],
          "tests": [
            {
              "title": "Create Free Account",
              "fullTitle": "Registration Create Free Account",
              "timedOut": null,
              "duration": 17510,
              "state": "passed",
              "speed": "slow",
              "pass": true,
              "fail": false,
              "pending": false,
              "context": "{\n  \"title\": \"cypress-mochawesome-reporter-videos-passed\",\n  \"value\": \"cypress/e2e/CreateAccount/CreateAccount.cy.js\"\n}",
              "code": "Registration.OpenRegistration();\nRegistration.AddPhoneNumber();\nRegistration.AddPin();\nRegistration.AddEmail();\nRegistration.AddName();\nRegistration.SelectOrganization();\nRegistration.OpenPlans();",
              "err": {},
              "uuid": "bc45abaf-5617-4cff-aa3e-064f604193c5",
              "parentUUID": "d936d264-6254-43d9-a2d0-5aab22fae7c2",
              "isHook": false,
              "skipped": false
            }
          ],
          "suites": [],
          "passes": [
            "bc45abaf-5617-4cff-aa3e-064f604193c5"
          ],
          "failures": [],
          "pending": [],
          "skipped": [],
          "duration": 17510,
          "root": false,
          "rootEmpty": false,
          "_timeout": 2000
        }
      ],
      "passes": [],
      "failures": [],
      "pending": [],
      "skipped": [],
      "duration": 0,
      "root": true,
      "rootEmpty": true,
      "_timeout": 2000
    }
  ],
  "meta": {
    "mocha": {
      "version": "7.0.1"
    },
    "mochawesome": {
      "options": {
        "quiet": false,
        "reportFilename": "mochawesome",
        "saveHtml": false,
        "saveJson": true,
        "consoleReporter": "spec",
        "useInlineDiffs": false,
        "code": true
      },
      "version": "7.1.3"
    },
    "marge": {
      "options": {
        "overwrite": false,
        "html": false,
        "json": true,
        "reportDir": "cypress/reports/html/.jsons"
      },
      "version": "6.2.0"
    }
  }
}