{
  "stats": {
    "suites": 1,
    "tests": 1,
    "passes": 1,
    "pending": 0,
    "failures": 0,
    "start": "2023-12-29T22:03:31.480Z",
    "end": "2023-12-29T22:03:57.776Z",
    "duration": 26296,
    "testsRegistered": 1,
    "passPercent": 100,
    "pendingPercent": 0,
    "other": 0,
    "hasOther": false,
    "skipped": 0,
    "hasSkipped": false
  },
  "results": [
    {
      "uuid": "c85a77e8-e30a-44f0-a849-9e988cdc7d56",
      "title": "",
      "fullFile": "cypress/e2e/StatusAndResults/FilterMessage.cy.js",
      "file": "cypress/e2e/StatusAndResults/FilterMessage.cy.js",
      "beforeHooks": [],
      "afterHooks": [],
      "tests": [],
      "suites": [
        {
          "uuid": "e892b2c1-7af6-46b2-9485-9d236e67f0d2",
          "title": "Status And Result",
          "fullFile": "",
          "file": "",
          "beforeHooks": [],
          "afterHooks": [],
          "tests": [
            {
              "title": "C173: Filter Message",
              "fullTitle": "Status And Result C173: Filter Message",
              "timedOut": null,
              "duration": 26249,
              "state": "passed",
              "speed": "slow",
              "pass": true,
              "fail": false,
              "pending": false,
              "context": null,
              "code": "Login.ValidLogin();\nStatusAndResult.OpenStatusAndResult();\nStatusAndResult.FilterMessage();",
              "err": {},
              "uuid": "a786a8d9-31eb-45d7-82cd-a18d7cb56dea",
              "parentUUID": "e892b2c1-7af6-46b2-9485-9d236e67f0d2",
              "isHook": false,
              "skipped": false
            }
          ],
          "suites": [],
          "passes": [
            "a786a8d9-31eb-45d7-82cd-a18d7cb56dea"
          ],
          "failures": [],
          "pending": [],
          "skipped": [],
          "duration": 26249,
          "root": false,
          "rootEmpty": false,
          "_timeout": 2000
        }
      ],
      "passes": [],
      "failures": [],
      "pending": [],
      "skipped": [],
      "duration": 0,
      "root": true,
      "rootEmpty": true,
      "_timeout": 2000
    }
  ],
  "meta": {
    "mocha": {
      "version": "7.0.1"
    },
    "mochawesome": {
      "options": {
        "quiet": false,
        "reportFilename": "mochawesome",
        "saveHtml": false,
        "saveJson": true,
        "consoleReporter": "spec",
        "useInlineDiffs": false,
        "code": true
      },
      "version": "7.1.3"
    },
    "marge": {
      "options": {
        "overwrite": false,
        "html": false,
        "json": true,
        "reportDir": "cypress/reports/html/.jsons"
      },
      "version": "6.2.0"
    }
  }
}