{
  "stats": {
    "suites": 1,
    "tests": 1,
    "passes": 1,
    "pending": 0,
    "failures": 0,
    "start": "2023-12-29T18:17:47.384Z",
    "end": "2023-12-29T18:18:06.251Z",
    "duration": 18867,
    "testsRegistered": 1,
    "passPercent": 100,
    "pendingPercent": 0,
    "other": 0,
    "hasOther": false,
    "skipped": 0,
    "hasSkipped": false
  },
  "results": [
    {
      "uuid": "bcd81cef-b0aa-436d-bbd2-83dc4cf1edc2",
      "title": "",
      "fullFile": "cypress/e2e/Login/Login_with_valid_userId_&_password.cy.js",
      "file": "cypress/e2e/Login/Login_with_valid_userId_&_password.cy.js",
      "beforeHooks": [],
      "afterHooks": [],
      "tests": [],
      "suites": [
        {
          "uuid": "5abe2d52-1108-430d-8d6d-403cd31eaef4",
          "title": "Login",
          "fullFile": "",
          "file": "",
          "beforeHooks": [],
          "afterHooks": [],
          "tests": [
            {
              "title": "C166: Login With Valid UserId & Password",
              "fullTitle": "Login C166: Login With Valid UserId & Password",
              "timedOut": null,
              "duration": 18799,
              "state": "passed",
              "speed": "slow",
              "pass": true,
              "fail": false,
              "pending": false,
              "context": null,
              "code": "Login.ValidLogin();",
              "err": {},
              "uuid": "2eba3e5e-e22d-4fcf-a40f-63bd05475de1",
              "parentUUID": "5abe2d52-1108-430d-8d6d-403cd31eaef4",
              "isHook": false,
              "skipped": false
            }
          ],
          "suites": [],
          "passes": [
            "2eba3e5e-e22d-4fcf-a40f-63bd05475de1"
          ],
          "failures": [],
          "pending": [],
          "skipped": [],
          "duration": 18799,
          "root": false,
          "rootEmpty": false,
          "_timeout": 2000
        }
      ],
      "passes": [],
      "failures": [],
      "pending": [],
      "skipped": [],
      "duration": 0,
      "root": true,
      "rootEmpty": true,
      "_timeout": 2000
    }
  ],
  "meta": {
    "mocha": {
      "version": "7.0.1"
    },
    "mochawesome": {
      "options": {
        "quiet": false,
        "reportFilename": "mochawesome",
        "saveHtml": false,
        "saveJson": true,
        "consoleReporter": "spec",
        "useInlineDiffs": false,
        "code": true
      },
      "version": "7.1.3"
    },
    "marge": {
      "options": {
        "overwrite": false,
        "html": false,
        "json": true,
        "reportDir": "cypress/reports/html/.jsons"
      },
      "version": "6.2.0"
    }
  }
}