{
  "stats": {
    "suites": 1,
    "tests": 4,
    "passes": 4,
    "pending": 0,
    "failures": 0,
    "start": "2024-01-31T13:59:45.180Z",
    "end": "2024-01-31T14:00:57.937Z",
    "duration": 72757,
    "testsRegistered": 4,
    "passPercent": 100,
    "pendingPercent": 0,
    "other": 0,
    "hasOther": false,
    "skipped": 0,
    "hasSkipped": false
  },
  "results": [
    {
      "uuid": "d19eeadb-2b49-41e0-9c84-23cf4060909e",
      "title": "",
      "fullFile": "cypress\\e2e\\GroupsAndContacts\\All_Contacts.cy.js",
      "file": "cypress\\e2e\\GroupsAndContacts\\All_Contacts.cy.js",
      "beforeHooks": [],
      "afterHooks": [],
      "tests": [],
      "suites": [
        {
          "uuid": "bebe9810-5771-496f-b2d8-6eb5f90e576e",
          "title": "Groups And Contacts",
          "fullFile": "",
          "file": "",
          "beforeHooks": [],
          "afterHooks": [],
          "tests": [
            {
              "title": "C165: All Contacts",
              "fullTitle": "Groups And Contacts C165: All Contacts",
              "timedOut": null,
              "duration": 13489,
              "state": "passed",
              "speed": "slow",
              "pass": true,
              "fail": false,
              "pending": false,
              "context": null,
              "code": "Login.ValidLogin();\nGroupsAndContact.OpenGroups();\nGroupsAndContact.OpenAllContacts();",
              "err": {},
              "uuid": "2eeea4c4-c84f-442e-bef5-ca8e05d25332",
              "parentUUID": "bebe9810-5771-496f-b2d8-6eb5f90e576e",
              "isHook": false,
              "skipped": false
            },
            {
              "title": "Filter Contacts",
              "fullTitle": "Groups And Contacts Filter Contacts",
              "timedOut": null,
              "duration": 18849,
              "state": "passed",
              "speed": "slow",
              "pass": true,
              "fail": false,
              "pending": false,
              "context": null,
              "code": "Login.ValidLogin();\nGroupsAndContact.OpenGroups();\nGroupsAndContact.AllContacts();\nGroupsAndContact.FilterGroup();",
              "err": {},
              "uuid": "423ff4b7-3907-487a-9bd4-719373972658",
              "parentUUID": "bebe9810-5771-496f-b2d8-6eb5f90e576e",
              "isHook": false,
              "skipped": false
            },
            {
              "title": "Search Contacts",
              "fullTitle": "Groups And Contacts Search Contacts",
              "timedOut": null,
              "duration": 14386,
              "state": "passed",
              "speed": "slow",
              "pass": true,
              "fail": false,
              "pending": false,
              "context": null,
              "code": "Login.ValidLogin();\nGroupsAndContact.OpenGroups();\nGroupsAndContact.AllContacts();\nGroupsAndContact.SearchContact();",
              "err": {},
              "uuid": "ae38e3d4-74af-43ff-bb9c-26ead1d52fff",
              "parentUUID": "bebe9810-5771-496f-b2d8-6eb5f90e576e",
              "isHook": false,
              "skipped": false
            },
            {
              "title": "Toggle Contact / Delete Icon",
              "fullTitle": "Groups And Contacts Toggle Contact / Delete Icon",
              "timedOut": null,
              "duration": 24869,
              "state": "passed",
              "speed": "slow",
              "pass": true,
              "fail": false,
              "pending": false,
              "context": null,
              "code": "Login.ValidLogin();\nGroupsAndContact.OpenGroups();\nGroupsAndContact.AllContacts();\nGroupsAndContact.ToggleContact();\nGroupsAndContact.DeleteIcon();",
              "err": {},
              "uuid": "510e020a-5011-4302-b4f2-9922f0742320",
              "parentUUID": "bebe9810-5771-496f-b2d8-6eb5f90e576e",
              "isHook": false,
              "skipped": false
            }
          ],
          "suites": [],
          "passes": [
            "2eeea4c4-c84f-442e-bef5-ca8e05d25332",
            "423ff4b7-3907-487a-9bd4-719373972658",
            "ae38e3d4-74af-43ff-bb9c-26ead1d52fff",
            "510e020a-5011-4302-b4f2-9922f0742320"
          ],
          "failures": [],
          "pending": [],
          "skipped": [],
          "duration": 71593,
          "root": false,
          "rootEmpty": false,
          "_timeout": 2000
        }
      ],
      "passes": [],
      "failures": [],
      "pending": [],
      "skipped": [],
      "duration": 0,
      "root": true,
      "rootEmpty": true,
      "_timeout": 2000
    }
  ],
  "meta": {
    "mocha": {
      "version": "7.0.1"
    },
    "mochawesome": {
      "options": {
        "quiet": false,
        "reportFilename": "mochawesome",
        "saveHtml": false,
        "saveJson": true,
        "consoleReporter": "spec",
        "useInlineDiffs": false,
        "code": true
      },
      "version": "7.1.3"
    },
    "marge": {
      "options": {
        "overwrite": false,
        "html": false,
        "json": true,
        "reportDir": "cypress\\reports\\html\\.jsons"
      },
      "version": "6.2.0"
    }
  }
}