{
  "stats": {
    "suites": 1,
    "tests": 1,
    "passes": 1,
    "pending": 0,
    "failures": 0,
    "start": "2023-12-29T13:16:32.573Z",
    "end": "2023-12-29T13:16:53.034Z",
    "duration": 20461,
    "testsRegistered": 1,
    "passPercent": 100,
    "pendingPercent": 0,
    "other": 0,
    "hasOther": false,
    "skipped": 0,
    "hasSkipped": false
  },
  "results": [
    {
      "uuid": "9be6d6bd-fc1a-46f7-8f98-d0593e3a9282",
      "title": "",
      "fullFile": "cypress/e2e/TextKeywords/TextKeywords.cy.js",
      "file": "cypress/e2e/TextKeywords/TextKeywords.cy.js",
      "beforeHooks": [],
      "afterHooks": [],
      "tests": [],
      "suites": [
        {
          "uuid": "5794f520-8ccd-45de-8f6c-98dfba0f8c7d",
          "title": "Text Keywords",
          "fullFile": "",
          "file": "",
          "beforeHooks": [],
          "afterHooks": [],
          "tests": [
            {
              "title": "C154: Text Keywords",
              "fullTitle": "Text Keywords C154: Text Keywords",
              "timedOut": null,
              "duration": 19524,
              "state": "passed",
              "speed": "slow",
              "pass": true,
              "fail": false,
              "pending": false,
              "context": "{\n  \"title\": \"cypress-mochawesome-reporter-videos-passed\",\n  \"value\": \"cypress/e2e/TextKeywords/TextKeywords.cy.js\"\n}",
              "code": "Login.ValidLogin();\nTextKeyword.OpenTextKeywords();",
              "err": {},
              "uuid": "777a4f5a-bb2f-4737-83b8-192a8aaf12c1",
              "parentUUID": "5794f520-8ccd-45de-8f6c-98dfba0f8c7d",
              "isHook": false,
              "skipped": false
            }
          ],
          "suites": [],
          "passes": [
            "777a4f5a-bb2f-4737-83b8-192a8aaf12c1"
          ],
          "failures": [],
          "pending": [],
          "skipped": [],
          "duration": 19524,
          "root": false,
          "rootEmpty": false,
          "_timeout": 2000
        }
      ],
      "passes": [],
      "failures": [],
      "pending": [],
      "skipped": [],
      "duration": 0,
      "root": true,
      "rootEmpty": true,
      "_timeout": 2000
    }
  ],
  "meta": {
    "mocha": {
      "version": "7.0.1"
    },
    "mochawesome": {
      "options": {
        "quiet": false,
        "reportFilename": "mochawesome",
        "saveHtml": false,
        "saveJson": true,
        "consoleReporter": "spec",
        "useInlineDiffs": false,
        "code": true
      },
      "version": "7.1.3"
    },
    "marge": {
      "options": {
        "overwrite": false,
        "html": false,
        "json": true,
        "reportDir": "cypress/reports/html/.jsons"
      },
      "version": "6.2.0"
    }
  }
}