{
  "stats": {
    "suites": 1,
    "tests": 1,
    "passes": 1,
    "pending": 0,
    "failures": 0,
    "start": "2023-12-29T18:16:34.650Z",
    "end": "2023-12-29T18:16:43.735Z",
    "duration": 9085,
    "testsRegistered": 1,
    "passPercent": 100,
    "pendingPercent": 0,
    "other": 0,
    "hasOther": false,
    "skipped": 0,
    "hasSkipped": false
  },
  "results": [
    {
      "uuid": "0d33f3d9-4fcb-4e26-8813-49bc6651c255",
      "title": "",
      "fullFile": "cypress/e2e/ForgotUserId/Forgot_User_Id.cy.js",
      "file": "cypress/e2e/ForgotUserId/Forgot_User_Id.cy.js",
      "beforeHooks": [],
      "afterHooks": [],
      "tests": [],
      "suites": [
        {
          "uuid": "1f9383d2-5774-40e6-9b2d-791f7e9388c1",
          "title": "Login",
          "fullFile": "",
          "file": "",
          "beforeHooks": [],
          "afterHooks": [],
          "tests": [
            {
              "title": "C163: Forgot UserId",
              "fullTitle": "Login C163: Forgot UserId",
              "timedOut": null,
              "duration": 9037,
              "state": "passed",
              "speed": "medium",
              "pass": true,
              "fail": false,
              "pending": false,
              "context": null,
              "code": "Login.ForgotUserId();",
              "err": {},
              "uuid": "cee59c33-3726-4c7a-9340-fb07e847ef9b",
              "parentUUID": "1f9383d2-5774-40e6-9b2d-791f7e9388c1",
              "isHook": false,
              "skipped": false
            }
          ],
          "suites": [],
          "passes": [
            "cee59c33-3726-4c7a-9340-fb07e847ef9b"
          ],
          "failures": [],
          "pending": [],
          "skipped": [],
          "duration": 9037,
          "root": false,
          "rootEmpty": false,
          "_timeout": 2000
        }
      ],
      "passes": [],
      "failures": [],
      "pending": [],
      "skipped": [],
      "duration": 0,
      "root": true,
      "rootEmpty": true,
      "_timeout": 2000
    }
  ],
  "meta": {
    "mocha": {
      "version": "7.0.1"
    },
    "mochawesome": {
      "options": {
        "quiet": false,
        "reportFilename": "mochawesome",
        "saveHtml": false,
        "saveJson": true,
        "consoleReporter": "spec",
        "useInlineDiffs": false,
        "code": true
      },
      "version": "7.1.3"
    },
    "marge": {
      "options": {
        "overwrite": false,
        "html": false,
        "json": true,
        "reportDir": "cypress/reports/html/.jsons"
      },
      "version": "6.2.0"
    }
  }
}