{
  "stats": {
    "suites": 1,
    "tests": 8,
    "passes": 8,
    "pending": 0,
    "failures": 0,
    "start": "2024-01-31T09:53:50.494Z",
    "end": "2024-01-31T09:56:32.516Z",
    "duration": 162022,
    "testsRegistered": 8,
    "passPercent": 100,
    "pendingPercent": 0,
    "other": 0,
    "hasOther": false,
    "skipped": 0,
    "hasSkipped": false
  },
  "results": [
    {
      "uuid": "142a240b-c9da-4ebf-9dee-7b6c0639684c",
      "title": "",
      "fullFile": "cypress\\e2e\\Settings\\Settings.cy.js",
      "file": "cypress\\e2e\\Settings\\Settings.cy.js",
      "beforeHooks": [],
      "afterHooks": [],
      "tests": [],
      "suites": [
        {
          "uuid": "d9021385-0597-460e-a706-b8a701e5e64c",
          "title": "Settings",
          "fullFile": "",
          "file": "",
          "beforeHooks": [],
          "afterHooks": [],
          "tests": [
            {
              "title": "Profile Icon",
              "fullTitle": "Settings Profile Icon",
              "timedOut": null,
              "duration": 25339,
              "state": "passed",
              "speed": "slow",
              "pass": true,
              "fail": false,
              "pending": false,
              "context": null,
              "code": "Login.ValidLogin();\nSetting.OpenProfileIcon();",
              "err": {},
              "uuid": "7ba98ce4-7dff-416d-b019-ff31898acdc2",
              "parentUUID": "d9021385-0597-460e-a706-b8a701e5e64c",
              "isHook": false,
              "skipped": false
            },
            {
              "title": "Profile Settings",
              "fullTitle": "Settings Profile Settings",
              "timedOut": null,
              "duration": 27890,
              "state": "passed",
              "speed": "slow",
              "pass": true,
              "fail": false,
              "pending": false,
              "context": null,
              "code": "Login.OpenDashboard();\nSetting.OpenProfileSettings();",
              "err": {},
              "uuid": "eed8bcd0-ff21-444d-b000-a2fc4cb82838",
              "parentUUID": "d9021385-0597-460e-a706-b8a701e5e64c",
              "isHook": false,
              "skipped": false
            },
            {
              "title": "Billing And Plans Settings",
              "fullTitle": "Settings Billing And Plans Settings",
              "timedOut": null,
              "duration": 17103,
              "state": "passed",
              "speed": "slow",
              "pass": true,
              "fail": false,
              "pending": false,
              "context": null,
              "code": "Login.OpenDashboard();\nSetting.OpenBilling();",
              "err": {},
              "uuid": "c9f503b1-b87a-4f11-9ac2-8379e3ff2fed",
              "parentUUID": "d9021385-0597-460e-a706-b8a701e5e64c",
              "isHook": false,
              "skipped": false
            },
            {
              "title": "Call-In Settings",
              "fullTitle": "Settings Call-In Settings",
              "timedOut": null,
              "duration": 19355,
              "state": "passed",
              "speed": "slow",
              "pass": true,
              "fail": false,
              "pending": false,
              "context": null,
              "code": "Login.OpenDashboard();\nSetting.OpenCallIn();",
              "err": {},
              "uuid": "4d414559-f59c-4295-86d8-e6ca19fb3022",
              "parentUUID": "d9021385-0597-460e-a706-b8a701e5e64c",
              "isHook": false,
              "skipped": false
            },
            {
              "title": "System Settings",
              "fullTitle": "Settings System Settings",
              "timedOut": null,
              "duration": 15683,
              "state": "passed",
              "speed": "slow",
              "pass": true,
              "fail": false,
              "pending": false,
              "context": null,
              "code": "Login.OpenDashboard();\nSetting.OpenSystemSettings();",
              "err": {},
              "uuid": "a0b7edbf-fad5-46fe-9dae-3073b15a3454",
              "parentUUID": "d9021385-0597-460e-a706-b8a701e5e64c",
              "isHook": false,
              "skipped": false
            },
            {
              "title": "Password/Login",
              "fullTitle": "Settings Password/Login",
              "timedOut": null,
              "duration": 23209,
              "state": "passed",
              "speed": "slow",
              "pass": true,
              "fail": false,
              "pending": false,
              "context": null,
              "code": "Login.OpenDashboard();\nSetting.OpenPasswords();\nSetting.EnterPassword();",
              "err": {},
              "uuid": "b3fe7a47-5121-4d17-83ee-294a1d29fabd",
              "parentUUID": "d9021385-0597-460e-a706-b8a701e5e64c",
              "isHook": false,
              "skipped": false
            },
            {
              "title": "Account Managers",
              "fullTitle": "Settings Account Managers",
              "timedOut": null,
              "duration": 15002,
              "state": "passed",
              "speed": "slow",
              "pass": true,
              "fail": false,
              "pending": false,
              "context": null,
              "code": "Login.OpenDashboard();\nSetting.OpenAccountManagers();",
              "err": {},
              "uuid": "511e7db2-35e3-4b9e-909f-96b88be85133",
              "parentUUID": "d9021385-0597-460e-a706-b8a701e5e64c",
              "isHook": false,
              "skipped": false
            },
            {
              "title": "Logout",
              "fullTitle": "Settings Logout",
              "timedOut": null,
              "duration": 15248,
              "state": "passed",
              "speed": "slow",
              "pass": true,
              "fail": false,
              "pending": false,
              "context": null,
              "code": "Login.OpenDashboard();\nSetting.LogOut();",
              "err": {},
              "uuid": "3a897272-30c8-463a-a072-3831075bb181",
              "parentUUID": "d9021385-0597-460e-a706-b8a701e5e64c",
              "isHook": false,
              "skipped": false
            }
          ],
          "suites": [],
          "passes": [
            "7ba98ce4-7dff-416d-b019-ff31898acdc2",
            "eed8bcd0-ff21-444d-b000-a2fc4cb82838",
            "c9f503b1-b87a-4f11-9ac2-8379e3ff2fed",
            "4d414559-f59c-4295-86d8-e6ca19fb3022",
            "a0b7edbf-fad5-46fe-9dae-3073b15a3454",
            "b3fe7a47-5121-4d17-83ee-294a1d29fabd",
            "511e7db2-35e3-4b9e-909f-96b88be85133",
            "3a897272-30c8-463a-a072-3831075bb181"
          ],
          "failures": [],
          "pending": [],
          "skipped": [],
          "duration": 158829,
          "root": false,
          "rootEmpty": false,
          "_timeout": 2000
        }
      ],
      "passes": [],
      "failures": [],
      "pending": [],
      "skipped": [],
      "duration": 0,
      "root": true,
      "rootEmpty": true,
      "_timeout": 2000
    }
  ],
  "meta": {
    "mocha": {
      "version": "7.0.1"
    },
    "mochawesome": {
      "options": {
        "quiet": false,
        "reportFilename": "mochawesome",
        "saveHtml": false,
        "saveJson": true,
        "consoleReporter": "spec",
        "useInlineDiffs": false,
        "code": true
      },
      "version": "7.1.3"
    },
    "marge": {
      "options": {
        "overwrite": false,
        "html": false,
        "json": true,
        "reportDir": "cypress\\reports\\html\\.jsons"
      },
      "version": "6.2.0"
    }
  }
}