{
  "stats": {
    "suites": 1,
    "tests": 1,
    "passes": 1,
    "pending": 0,
    "failures": 0,
    "start": "2023-12-29T20:46:52.532Z",
    "end": "2023-12-29T20:47:33.821Z",
    "duration": 41289,
    "testsRegistered": 1,
    "passPercent": 100,
    "pendingPercent": 0,
    "other": 0,
    "hasOther": false,
    "skipped": 0,
    "hasSkipped": false
  },
  "results": [
    {
      "uuid": "1e4ac7f1-728d-4687-8d5c-5ea10c0b1ba0",
      "title": "",
      "fullFile": "cypress/e2e/TextKeywords/CreateKeyword.cy.js",
      "file": "cypress/e2e/TextKeywords/CreateKeyword.cy.js",
      "beforeHooks": [],
      "afterHooks": [],
      "tests": [],
      "suites": [
        {
          "uuid": "6272c1a7-20db-49ae-b8b0-d1c0bf1ea488",
          "title": "Text Keywords",
          "fullFile": "",
          "file": "",
          "beforeHooks": [],
          "afterHooks": [],
          "tests": [
            {
              "title": "C153: Create Keyword",
              "fullTitle": "Text Keywords C153: Create Keyword",
              "timedOut": null,
              "duration": 32514,
              "state": "passed",
              "speed": "slow",
              "pass": true,
              "fail": false,
              "pending": false,
              "context": null,
              "code": "Login.ValidLogin();\nTextKeyword.OpenTextKeywords();\nTextKeyword.CreateKeyword();\nTextKeyword.EnterKeywordDetails();\nTextKeyword.SaveKeyword();",
              "err": {},
              "uuid": "c7a0c26f-d8e2-46ac-aa70-777dda479c2e",
              "parentUUID": "6272c1a7-20db-49ae-b8b0-d1c0bf1ea488",
              "isHook": false,
              "skipped": false
            }
          ],
          "suites": [],
          "passes": [
            "c7a0c26f-d8e2-46ac-aa70-777dda479c2e"
          ],
          "failures": [],
          "pending": [],
          "skipped": [],
          "duration": 32514,
          "root": false,
          "rootEmpty": false,
          "_timeout": 2000
        }
      ],
      "passes": [],
      "failures": [],
      "pending": [],
      "skipped": [],
      "duration": 0,
      "root": true,
      "rootEmpty": true,
      "_timeout": 2000
    }
  ],
  "meta": {
    "mocha": {
      "version": "7.0.1"
    },
    "mochawesome": {
      "options": {
        "quiet": false,
        "reportFilename": "mochawesome",
        "saveHtml": false,
        "saveJson": true,
        "consoleReporter": "spec",
        "useInlineDiffs": false,
        "code": true
      },
      "version": "7.1.3"
    },
    "marge": {
      "options": {
        "overwrite": false,
        "html": false,
        "json": true,
        "reportDir": "cypress/reports/html/.jsons"
      },
      "version": "6.2.0"
    }
  }
}