{
  "stats": {
    "suites": 1,
    "tests": 1,
    "passes": 1,
    "pending": 0,
    "failures": 0,
    "start": "2023-12-29T22:02:05.087Z",
    "end": "2023-12-29T22:02:29.851Z",
    "duration": 24764,
    "testsRegistered": 1,
    "passPercent": 100,
    "pendingPercent": 0,
    "other": 0,
    "hasOther": false,
    "skipped": 0,
    "hasSkipped": false
  },
  "results": [
    {
      "uuid": "07715bd8-0d69-4636-96a3-eeb6e7688342",
      "title": "",
      "fullFile": "cypress/e2e/RewardCenter/UpgradeUnlimited.cy.js",
      "file": "cypress/e2e/RewardCenter/UpgradeUnlimited.cy.js",
      "beforeHooks": [],
      "afterHooks": [],
      "tests": [],
      "suites": [
        {
          "uuid": "659269e1-258c-4779-b0d7-419a12f22629",
          "title": "Reward Center",
          "fullFile": "",
          "file": "",
          "beforeHooks": [],
          "afterHooks": [],
          "tests": [
            {
              "title": "C150: Upgrade Unlimited",
              "fullTitle": "Reward Center C150: Upgrade Unlimited",
              "timedOut": null,
              "duration": 24750,
              "state": "passed",
              "speed": "slow",
              "pass": true,
              "fail": false,
              "pending": false,
              "context": null,
              "code": "Login.ValidLogin();\nRewards.OpenRewardCenter();\nRewards.OpenUpgradeUnlimited();\nRewards.SelectContacts();\nRewards.CreditPricing();\n// Rewards.UpgradePremium();",
              "err": {},
              "uuid": "f3f60fbc-c129-461a-95b9-9424bf7025c6",
              "parentUUID": "659269e1-258c-4779-b0d7-419a12f22629",
              "isHook": false,
              "skipped": false
            }
          ],
          "suites": [],
          "passes": [
            "f3f60fbc-c129-461a-95b9-9424bf7025c6"
          ],
          "failures": [],
          "pending": [],
          "skipped": [],
          "duration": 24750,
          "root": false,
          "rootEmpty": false,
          "_timeout": 2000
        }
      ],
      "passes": [],
      "failures": [],
      "pending": [],
      "skipped": [],
      "duration": 0,
      "root": true,
      "rootEmpty": true,
      "_timeout": 2000
    }
  ],
  "meta": {
    "mocha": {
      "version": "7.0.1"
    },
    "mochawesome": {
      "options": {
        "quiet": false,
        "reportFilename": "mochawesome",
        "saveHtml": false,
        "saveJson": true,
        "consoleReporter": "spec",
        "useInlineDiffs": false,
        "code": true
      },
      "version": "7.1.3"
    },
    "marge": {
      "options": {
        "overwrite": false,
        "html": false,
        "json": true,
        "reportDir": "cypress/reports/html/.jsons"
      },
      "version": "6.2.0"
    }
  }
}