{
  "stats": {
    "suites": 1,
    "tests": 1,
    "passes": 1,
    "pending": 0,
    "failures": 0,
    "start": "2024-01-31T13:57:14.505Z",
    "end": "2024-01-31T13:57:23.414Z",
    "duration": 8909,
    "testsRegistered": 1,
    "passPercent": 100,
    "pendingPercent": 0,
    "other": 0,
    "hasOther": false,
    "skipped": 0,
    "hasSkipped": false
  },
  "results": [
    {
      "uuid": "347bf360-392c-430e-864f-ed77b8153356",
      "title": "",
      "fullFile": "cypress\\e2e\\Footer\\TermsOfService.cy.js",
      "file": "cypress\\e2e\\Footer\\TermsOfService.cy.js",
      "beforeHooks": [],
      "afterHooks": [],
      "tests": [],
      "suites": [
        {
          "uuid": "99107d00-1f18-482a-b0fb-b73f9f90eec2",
          "title": "Footer",
          "fullFile": "",
          "file": "",
          "beforeHooks": [],
          "afterHooks": [],
          "tests": [
            {
              "title": "Terms of service",
              "fullTitle": "Footer Terms of service",
              "timedOut": null,
              "duration": 8852,
              "state": "passed",
              "speed": "medium",
              "pass": true,
              "fail": false,
              "pending": false,
              "context": null,
              "code": "Login.ValidLogin();\nFooter.OpenTermsOfService();",
              "err": {},
              "uuid": "e8d70347-8bff-4d0d-8078-62cb43c3203c",
              "parentUUID": "99107d00-1f18-482a-b0fb-b73f9f90eec2",
              "isHook": false,
              "skipped": false
            }
          ],
          "suites": [],
          "passes": [
            "e8d70347-8bff-4d0d-8078-62cb43c3203c"
          ],
          "failures": [],
          "pending": [],
          "skipped": [],
          "duration": 8852,
          "root": false,
          "rootEmpty": false,
          "_timeout": 2000
        }
      ],
      "passes": [],
      "failures": [],
      "pending": [],
      "skipped": [],
      "duration": 0,
      "root": true,
      "rootEmpty": true,
      "_timeout": 2000
    }
  ],
  "meta": {
    "mocha": {
      "version": "7.0.1"
    },
    "mochawesome": {
      "options": {
        "quiet": false,
        "reportFilename": "mochawesome",
        "saveHtml": false,
        "saveJson": true,
        "consoleReporter": "spec",
        "useInlineDiffs": false,
        "code": true
      },
      "version": "7.1.3"
    },
    "marge": {
      "options": {
        "overwrite": false,
        "html": false,
        "json": true,
        "reportDir": "cypress\\reports\\html\\.jsons"
      },
      "version": "6.2.0"
    }
  }
}