{
  "stats": {
    "suites": 1,
    "tests": 1,
    "passes": 1,
    "pending": 0,
    "failures": 0,
    "start": "2024-01-31T08:52:43.799Z",
    "end": "2024-01-31T08:53:03.312Z",
    "duration": 19513,
    "testsRegistered": 1,
    "passPercent": 100,
    "pendingPercent": 0,
    "other": 0,
    "hasOther": false,
    "skipped": 0,
    "hasSkipped": false
  },
  "results": [
    {
      "uuid": "e38736a7-28a8-42f6-b8c9-c5786cf2c7cc",
      "title": "",
      "fullFile": "cypress\\e2e\\CustomPhoneNumber\\Discount.cy.js",
      "file": "cypress\\e2e\\CustomPhoneNumber\\Discount.cy.js",
      "beforeHooks": [],
      "afterHooks": [],
      "tests": [],
      "suites": [
        {
          "uuid": "f5d4be79-5d2b-47d7-9e1c-ebcffdd630c3",
          "title": "Custom Phone Number",
          "fullFile": "",
          "file": "",
          "beforeHooks": [],
          "afterHooks": [],
          "tests": [
            {
              "title": "Discounts",
              "fullTitle": "Custom Phone Number Discounts",
              "timedOut": null,
              "duration": 19404,
              "state": "passed",
              "speed": "slow",
              "pass": true,
              "fail": false,
              "pending": false,
              "context": null,
              "code": "Login.ValidLogin();\nCustomNumber.OpenCustomNumbers();\nCustomNumber.AddNewPhoneNumber();\nCustomNumber.SelectPreferredNumber();\nCustomNumber.SelectDiscounts();",
              "err": {},
              "uuid": "15b17f60-6888-400c-b2be-74cbabcef86a",
              "parentUUID": "f5d4be79-5d2b-47d7-9e1c-ebcffdd630c3",
              "isHook": false,
              "skipped": false
            }
          ],
          "suites": [],
          "passes": [
            "15b17f60-6888-400c-b2be-74cbabcef86a"
          ],
          "failures": [],
          "pending": [],
          "skipped": [],
          "duration": 19404,
          "root": false,
          "rootEmpty": false,
          "_timeout": 2000
        }
      ],
      "passes": [],
      "failures": [],
      "pending": [],
      "skipped": [],
      "duration": 0,
      "root": true,
      "rootEmpty": true,
      "_timeout": 2000
    }
  ],
  "meta": {
    "mocha": {
      "version": "7.0.1"
    },
    "mochawesome": {
      "options": {
        "quiet": false,
        "reportFilename": "mochawesome",
        "saveHtml": false,
        "saveJson": true,
        "consoleReporter": "spec",
        "useInlineDiffs": false,
        "code": true
      },
      "version": "7.1.3"
    },
    "marge": {
      "options": {
        "overwrite": false,
        "html": false,
        "json": true,
        "reportDir": "cypress\\reports\\html\\.jsons"
      },
      "version": "6.2.0"
    }
  }
}