{
  "stats": {
    "suites": 1,
    "tests": 1,
    "passes": 1,
    "pending": 0,
    "failures": 0,
    "start": "2024-01-31T15:26:25.266Z",
    "end": "2024-01-31T15:26:39.553Z",
    "duration": 14287,
    "testsRegistered": 1,
    "passPercent": 100,
    "pendingPercent": 0,
    "other": 0,
    "hasOther": false,
    "skipped": 0,
    "hasSkipped": false
  },
  "results": [
    {
      "uuid": "deb33708-3a28-40d1-a371-303397bbdbe3",
      "title": "",
      "fullFile": "cypress\\e2e\\Footer\\TermsOfService.cy.js",
      "file": "cypress\\e2e\\Footer\\TermsOfService.cy.js",
      "beforeHooks": [],
      "afterHooks": [],
      "tests": [],
      "suites": [
        {
          "uuid": "0d1dfe40-008c-4580-a268-7c12482ad72d",
          "title": "Footer",
          "fullFile": "",
          "file": "",
          "beforeHooks": [],
          "afterHooks": [],
          "tests": [
            {
              "title": "Terms of service",
              "fullTitle": "Footer Terms of service",
              "timedOut": null,
              "duration": 9240,
              "state": "passed",
              "speed": "medium",
              "pass": true,
              "fail": false,
              "pending": false,
              "context": null,
              "code": "Login.ValidLogin();\nFooter.OpenTermsOfService();",
              "err": {},
              "uuid": "22f3937c-76d3-4858-92bf-4a77820f6390",
              "parentUUID": "0d1dfe40-008c-4580-a268-7c12482ad72d",
              "isHook": false,
              "skipped": false
            }
          ],
          "suites": [],
          "passes": [
            "22f3937c-76d3-4858-92bf-4a77820f6390"
          ],
          "failures": [],
          "pending": [],
          "skipped": [],
          "duration": 9240,
          "root": false,
          "rootEmpty": false,
          "_timeout": 2000
        }
      ],
      "passes": [],
      "failures": [],
      "pending": [],
      "skipped": [],
      "duration": 0,
      "root": true,
      "rootEmpty": true,
      "_timeout": 2000
    }
  ],
  "meta": {
    "mocha": {
      "version": "7.0.1"
    },
    "mochawesome": {
      "options": {
        "quiet": false,
        "reportFilename": "mochawesome",
        "saveHtml": false,
        "saveJson": true,
        "consoleReporter": "spec",
        "useInlineDiffs": false,
        "code": true
      },
      "version": "7.1.3"
    },
    "marge": {
      "options": {
        "overwrite": false,
        "html": false,
        "json": true,
        "reportDir": "cypress\\reports\\html\\.jsons"
      },
      "version": "6.2.0"
    }
  }
}