{
  "stats": {
    "suites": 1,
    "tests": 4,
    "passes": 1,
    "pending": 0,
    "failures": 3,
    "start": "2024-01-31T13:50:54.033Z",
    "end": "2024-01-31T13:51:39.844Z",
    "duration": 45811,
    "testsRegistered": 4,
    "passPercent": 25,
    "pendingPercent": 0,
    "other": 0,
    "hasOther": false,
    "skipped": 0,
    "hasSkipped": false
  },
  "results": [
    {
      "uuid": "a8e0c63e-ac41-4de9-8b90-2af8db8f5330",
      "title": "",
      "fullFile": "cypress\\e2e\\AccountOverview\\AccountOverview.cy.js",
      "file": "cypress\\e2e\\AccountOverview\\AccountOverview.cy.js",
      "beforeHooks": [],
      "afterHooks": [],
      "tests": [],
      "suites": [
        {
          "uuid": "5e5bbe78-a37f-47c3-8448-471c858ae708",
          "title": "Account Overview",
          "fullFile": "",
          "file": "",
          "beforeHooks": [],
          "afterHooks": [],
          "tests": [
            {
              "title": "Open Premium Plan",
              "fullTitle": "Account Overview Open Premium Plan",
              "timedOut": null,
              "duration": 19009,
              "state": "passed",
              "speed": "slow",
              "pass": true,
              "fail": false,
              "pending": false,
              "context": null,
              "code": "Login.ValidLogin();\nOverview.OpenPremiumPlan();",
              "err": {},
              "uuid": "1073b379-f2be-4137-a95b-a30ce777dd66",
              "parentUUID": "5e5bbe78-a37f-47c3-8448-471c858ae708",
              "isHook": false,
              "skipped": false
            },
            {
              "title": "Open My Profile",
              "fullTitle": "Account Overview Open My Profile",
              "timedOut": null,
              "duration": 10937,
              "state": "failed",
              "speed": null,
              "pass": false,
              "fail": true,
              "pending": false,
              "context": "{\n  \"title\": \"cypress-mochawesome-reporter-screenshots\",\n  \"value\": [\n    [\n      \"\\\\AccountOverview\\\\AccountOverview.cy.js\\\\Account Overview -- Open My Profile (failed).png\"\n    ]\n  ]\n}",
              "code": "Login.OpenDashboard();\nOverview.OpenMyProfile();",
              "err": {
                "message": "AssertionError: Timed out retrying after 4000ms: Expected to find element: `.link`, but never found it.",
                "estack": "AssertionError: Timed out retrying after 4000ms: Expected to find element: `.link`, but never found it.\n    at AccountOverview.OpenMyProfile (webpack://calling-post-automation/./cypress/ClassFiles/AccountOverview/AccountOverview.js:15:7)\n    at Context.eval (webpack://calling-post-automation/./cypress/e2e/AccountOverview/AccountOverview.cy.js:51:15)",
                "diff": null
              },
              "uuid": "9f33ca71-a8dd-4aa9-948a-fdf282a2eea1",
              "parentUUID": "5e5bbe78-a37f-47c3-8448-471c858ae708",
              "isHook": false,
              "skipped": false
            },
            {
              "title": "Open My Setting",
              "fullTitle": "Account Overview Open My Setting",
              "timedOut": null,
              "duration": 8044,
              "state": "failed",
              "speed": null,
              "pass": false,
              "fail": true,
              "pending": false,
              "context": "{\n  \"title\": \"cypress-mochawesome-reporter-screenshots\",\n  \"value\": [\n    [\n      \"\\\\AccountOverview\\\\AccountOverview.cy.js\\\\Account Overview -- Open My Setting (failed).png\"\n    ]\n  ]\n}",
              "code": "Login.OpenDashboard();\nOverview.OpenMySettings();",
              "err": {
                "message": "AssertionError: Timed out retrying after 4000ms: Expected to find element: `.link`, but never found it.",
                "estack": "AssertionError: Timed out retrying after 4000ms: Expected to find element: `.link`, but never found it.\n    at AccountOverview.OpenMySettings (webpack://calling-post-automation/./cypress/ClassFiles/AccountOverview/AccountOverview.js:22:7)\n    at Context.eval (webpack://calling-post-automation/./cypress/e2e/AccountOverview/AccountOverview.cy.js:65:15)",
                "diff": null
              },
              "uuid": "83270688-0692-4be2-b2e0-f315f9a55add",
              "parentUUID": "5e5bbe78-a37f-47c3-8448-471c858ae708",
              "isHook": false,
              "skipped": false
            },
            {
              "title": "Open My Billing",
              "fullTitle": "Account Overview Open My Billing",
              "timedOut": null,
              "duration": 7461,
              "state": "failed",
              "speed": null,
              "pass": false,
              "fail": true,
              "pending": false,
              "context": "{\n  \"title\": \"cypress-mochawesome-reporter-screenshots\",\n  \"value\": [\n    [\n      \"\\\\AccountOverview\\\\AccountOverview.cy.js\\\\Account Overview -- Open My Billing (failed).png\"\n    ]\n  ]\n}",
              "code": "Login.OpenDashboard();\nOverview.OpenMyBilling();",
              "err": {
                "message": "AssertionError: Timed out retrying after 4000ms: Expected to find element: `.link`, but never found it.",
                "estack": "AssertionError: Timed out retrying after 4000ms: Expected to find element: `.link`, but never found it.\n    at AccountOverview.OpenMyBilling (webpack://calling-post-automation/./cypress/ClassFiles/AccountOverview/AccountOverview.js:29:7)\n    at Context.eval (webpack://calling-post-automation/./cypress/e2e/AccountOverview/AccountOverview.cy.js:79:15)",
                "diff": null
              },
              "uuid": "94496a30-2218-474b-b66e-13f5475604fc",
              "parentUUID": "5e5bbe78-a37f-47c3-8448-471c858ae708",
              "isHook": false,
              "skipped": false
            }
          ],
          "suites": [],
          "passes": [
            "1073b379-f2be-4137-a95b-a30ce777dd66"
          ],
          "failures": [
            "9f33ca71-a8dd-4aa9-948a-fdf282a2eea1",
            "83270688-0692-4be2-b2e0-f315f9a55add",
            "94496a30-2218-474b-b66e-13f5475604fc"
          ],
          "pending": [],
          "skipped": [],
          "duration": 45451,
          "root": false,
          "rootEmpty": false,
          "_timeout": 2000
        }
      ],
      "passes": [],
      "failures": [],
      "pending": [],
      "skipped": [],
      "duration": 0,
      "root": true,
      "rootEmpty": true,
      "_timeout": 2000
    }
  ],
  "meta": {
    "mocha": {
      "version": "7.0.1"
    },
    "mochawesome": {
      "options": {
        "quiet": false,
        "reportFilename": "mochawesome",
        "saveHtml": false,
        "saveJson": true,
        "consoleReporter": "spec",
        "useInlineDiffs": false,
        "code": true
      },
      "version": "7.1.3"
    },
    "marge": {
      "options": {
        "overwrite": false,
        "html": false,
        "json": true,
        "reportDir": "cypress\\reports\\html\\.jsons"
      },
      "version": "6.2.0"
    }
  }
}