{
  "stats": {
    "suites": 1,
    "tests": 1,
    "passes": 1,
    "pending": 0,
    "failures": 0,
    "start": "2023-12-29T14:22:36.211Z",
    "end": "2023-12-29T14:23:04.495Z",
    "duration": 28284,
    "testsRegistered": 1,
    "passPercent": 100,
    "pendingPercent": 0,
    "other": 0,
    "hasOther": false,
    "skipped": 0,
    "hasSkipped": false
  },
  "results": [
    {
      "uuid": "a590ffa2-8e99-426e-a445-820874045d5c",
      "title": "",
      "fullFile": "cypress/e2e/RewardCenter/ReferEmail.cy.js",
      "file": "cypress/e2e/RewardCenter/ReferEmail.cy.js",
      "beforeHooks": [],
      "afterHooks": [],
      "tests": [],
      "suites": [
        {
          "uuid": "41215bff-f448-4751-9249-2425050da797",
          "title": "Reward Center",
          "fullFile": "",
          "file": "",
          "beforeHooks": [],
          "afterHooks": [],
          "tests": [
            {
              "title": "C149: Refer Email",
              "fullTitle": "Reward Center C149: Refer Email",
              "timedOut": null,
              "duration": 28229,
              "state": "passed",
              "speed": "slow",
              "pass": true,
              "fail": false,
              "pending": false,
              "context": null,
              "code": "Login.ValidLogin();\nRewards.OpenRewardCenter();\nRewards.OpenReferFriend();\nRewards.EnterEmail();\nRewards.SendEmail();",
              "err": {},
              "uuid": "960f6dba-6886-4272-a260-3315e663db20",
              "parentUUID": "41215bff-f448-4751-9249-2425050da797",
              "isHook": false,
              "skipped": false
            }
          ],
          "suites": [],
          "passes": [
            "960f6dba-6886-4272-a260-3315e663db20"
          ],
          "failures": [],
          "pending": [],
          "skipped": [],
          "duration": 28229,
          "root": false,
          "rootEmpty": false,
          "_timeout": 2000
        }
      ],
      "passes": [],
      "failures": [],
      "pending": [],
      "skipped": [],
      "duration": 0,
      "root": true,
      "rootEmpty": true,
      "_timeout": 2000
    }
  ],
  "meta": {
    "mocha": {
      "version": "7.0.1"
    },
    "mochawesome": {
      "options": {
        "quiet": false,
        "reportFilename": "mochawesome",
        "saveHtml": false,
        "saveJson": true,
        "consoleReporter": "spec",
        "useInlineDiffs": false,
        "code": true
      },
      "version": "7.1.3"
    },
    "marge": {
      "options": {
        "overwrite": false,
        "html": false,
        "json": true,
        "reportDir": "cypress/reports/html/.jsons"
      },
      "version": "6.2.0"
    }
  }
}