{
  "stats": {
    "suites": 1,
    "tests": 1,
    "passes": 1,
    "pending": 0,
    "failures": 0,
    "start": "2024-01-31T08:51:57.551Z",
    "end": "2024-01-31T08:52:10.828Z",
    "duration": 13277,
    "testsRegistered": 1,
    "passPercent": 100,
    "pendingPercent": 0,
    "other": 0,
    "hasOther": false,
    "skipped": 0,
    "hasSkipped": false
  },
  "results": [
    {
      "uuid": "547f7001-4228-4377-8ce5-55399ee4f552",
      "title": "",
      "fullFile": "cypress\\e2e\\CreateAccount\\CreateAccount.cy.js",
      "file": "cypress\\e2e\\CreateAccount\\CreateAccount.cy.js",
      "beforeHooks": [],
      "afterHooks": [],
      "tests": [],
      "suites": [
        {
          "uuid": "1b25c542-dda7-4966-b390-615bbfd86c79",
          "title": "Registration",
          "fullFile": "",
          "file": "",
          "beforeHooks": [],
          "afterHooks": [],
          "tests": [
            {
              "title": "C156: Create Free Account",
              "fullTitle": "Registration C156: Create Free Account",
              "timedOut": null,
              "duration": 13155,
              "state": "passed",
              "speed": "slow",
              "pass": true,
              "fail": false,
              "pending": false,
              "context": null,
              "code": "Registration.OpenRegistration();\nRegistration.AddPhoneNumber();\nRegistration.AddPin();\nRegistration.AddEmail();\nRegistration.AddName();\nRegistration.SelectOrganization();\nRegistration.OpenPlans();",
              "err": {},
              "uuid": "2794f23a-b966-41f1-8704-3c447dad7cbf",
              "parentUUID": "1b25c542-dda7-4966-b390-615bbfd86c79",
              "isHook": false,
              "skipped": false
            }
          ],
          "suites": [],
          "passes": [
            "2794f23a-b966-41f1-8704-3c447dad7cbf"
          ],
          "failures": [],
          "pending": [],
          "skipped": [],
          "duration": 13155,
          "root": false,
          "rootEmpty": false,
          "_timeout": 2000
        }
      ],
      "passes": [],
      "failures": [],
      "pending": [],
      "skipped": [],
      "duration": 0,
      "root": true,
      "rootEmpty": true,
      "_timeout": 2000
    }
  ],
  "meta": {
    "mocha": {
      "version": "7.0.1"
    },
    "mochawesome": {
      "options": {
        "quiet": false,
        "reportFilename": "mochawesome",
        "saveHtml": false,
        "saveJson": true,
        "consoleReporter": "spec",
        "useInlineDiffs": false,
        "code": true
      },
      "version": "7.1.3"
    },
    "marge": {
      "options": {
        "overwrite": false,
        "html": false,
        "json": true,
        "reportDir": "cypress\\reports\\html\\.jsons"
      },
      "version": "6.2.0"
    }
  }
}