{
  "stats": {
    "suites": 1,
    "tests": 1,
    "passes": 1,
    "pending": 0,
    "failures": 0,
    "start": "2023-12-29T14:24:33.380Z",
    "end": "2023-12-29T14:24:59.369Z",
    "duration": 25989,
    "testsRegistered": 1,
    "passPercent": 100,
    "pendingPercent": 0,
    "other": 0,
    "hasOther": false,
    "skipped": 0,
    "hasSkipped": false
  },
  "results": [
    {
      "uuid": "165c1bb4-1df8-4b4b-b1f4-c78dcec5d02e",
      "title": "",
      "fullFile": "cypress/e2e/StatusAndResults/FilterMessage.cy.js",
      "file": "cypress/e2e/StatusAndResults/FilterMessage.cy.js",
      "beforeHooks": [],
      "afterHooks": [],
      "tests": [],
      "suites": [
        {
          "uuid": "23348ebe-902b-4965-af39-0ee586d53414",
          "title": "Status And Result",
          "fullFile": "",
          "file": "",
          "beforeHooks": [],
          "afterHooks": [],
          "tests": [
            {
              "title": "C173: Filter Message",
              "fullTitle": "Status And Result C173: Filter Message",
              "timedOut": null,
              "duration": 25945,
              "state": "passed",
              "speed": "slow",
              "pass": true,
              "fail": false,
              "pending": false,
              "context": null,
              "code": "Login.ValidLogin();\nStatusAndResult.OpenStatusAndResult();\nStatusAndResult.FilterMessage();",
              "err": {},
              "uuid": "d43d571a-b367-4002-8856-37f5ee8cbc0f",
              "parentUUID": "23348ebe-902b-4965-af39-0ee586d53414",
              "isHook": false,
              "skipped": false
            }
          ],
          "suites": [],
          "passes": [
            "d43d571a-b367-4002-8856-37f5ee8cbc0f"
          ],
          "failures": [],
          "pending": [],
          "skipped": [],
          "duration": 25945,
          "root": false,
          "rootEmpty": false,
          "_timeout": 2000
        }
      ],
      "passes": [],
      "failures": [],
      "pending": [],
      "skipped": [],
      "duration": 0,
      "root": true,
      "rootEmpty": true,
      "_timeout": 2000
    }
  ],
  "meta": {
    "mocha": {
      "version": "7.0.1"
    },
    "mochawesome": {
      "options": {
        "quiet": false,
        "reportFilename": "mochawesome",
        "saveHtml": false,
        "saveJson": true,
        "consoleReporter": "spec",
        "useInlineDiffs": false,
        "code": true
      },
      "version": "7.1.3"
    },
    "marge": {
      "options": {
        "overwrite": false,
        "html": false,
        "json": true,
        "reportDir": "cypress/reports/html/.jsons"
      },
      "version": "6.2.0"
    }
  }
}