{
  "stats": {
    "suites": 1,
    "tests": 1,
    "passes": 1,
    "pending": 0,
    "failures": 0,
    "start": "2024-01-31T09:25:19.246Z",
    "end": "2024-01-31T09:25:46.600Z",
    "duration": 27354,
    "testsRegistered": 1,
    "passPercent": 100,
    "pendingPercent": 0,
    "other": 0,
    "hasOther": false,
    "skipped": 0,
    "hasSkipped": false
  },
  "results": [
    {
      "uuid": "899b4ff7-b6f0-4bcf-884e-f8438e01a1a0",
      "title": "",
      "fullFile": "cypress\\e2e\\MessageLibrary\\AddCallerId.cy.js",
      "file": "cypress\\e2e\\MessageLibrary\\AddCallerId.cy.js",
      "beforeHooks": [],
      "afterHooks": [],
      "tests": [],
      "suites": [
        {
          "uuid": "6352baee-7236-47d2-bdad-7c35662b8fd1",
          "title": "Message Library",
          "fullFile": "",
          "file": "",
          "beforeHooks": [],
          "afterHooks": [],
          "tests": [
            {
              "title": "Add Caller Id",
              "fullTitle": "Message Library Add Caller Id",
              "timedOut": null,
              "duration": 27093,
              "state": "passed",
              "speed": "slow",
              "pass": true,
              "fail": false,
              "pending": false,
              "context": null,
              "code": "Login.ValidLogin();\nTextMessage.OpenMessageLibrary();\nTextMessage.AddCallerId();",
              "err": {},
              "uuid": "9122f691-71c6-4b19-9d34-ab6643eeb74f",
              "parentUUID": "6352baee-7236-47d2-bdad-7c35662b8fd1",
              "isHook": false,
              "skipped": false
            }
          ],
          "suites": [],
          "passes": [
            "9122f691-71c6-4b19-9d34-ab6643eeb74f"
          ],
          "failures": [],
          "pending": [],
          "skipped": [],
          "duration": 27093,
          "root": false,
          "rootEmpty": false,
          "_timeout": 2000
        }
      ],
      "passes": [],
      "failures": [],
      "pending": [],
      "skipped": [],
      "duration": 0,
      "root": true,
      "rootEmpty": true,
      "_timeout": 2000
    }
  ],
  "meta": {
    "mocha": {
      "version": "7.0.1"
    },
    "mochawesome": {
      "options": {
        "quiet": false,
        "reportFilename": "mochawesome",
        "saveHtml": false,
        "saveJson": true,
        "consoleReporter": "spec",
        "useInlineDiffs": false,
        "code": true
      },
      "version": "7.1.3"
    },
    "marge": {
      "options": {
        "overwrite": false,
        "html": false,
        "json": true,
        "reportDir": "cypress\\reports\\html\\.jsons"
      },
      "version": "6.2.0"
    }
  }
}