{
  "stats": {
    "suites": 1,
    "tests": 3,
    "passes": 2,
    "pending": 0,
    "failures": 1,
    "start": "2024-01-31T15:37:19.310Z",
    "end": "2024-01-31T15:38:58.242Z",
    "duration": 98932,
    "testsRegistered": 3,
    "passPercent": 66.66666666666666,
    "pendingPercent": 0,
    "other": 0,
    "hasOther": false,
    "skipped": 0,
    "hasSkipped": false
  },
  "results": [
    {
      "uuid": "cc43f031-790e-40ea-805e-d71a180d06cf",
      "title": "",
      "fullFile": "cypress\\e2e\\AutoReminders\\Create_Edit_Delete_Reminder.cy.js",
      "file": "cypress\\e2e\\AutoReminders\\Create_Edit_Delete_Reminder.cy.js",
      "beforeHooks": [],
      "afterHooks": [],
      "tests": [],
      "suites": [
        {
          "uuid": "848eb599-d3ad-4d89-af31-efe918cb22a5",
          "title": "Auto Reminders",
          "fullFile": "",
          "file": "",
          "beforeHooks": [],
          "afterHooks": [],
          "tests": [
            {
              "title": "Create New Reminder",
              "fullTitle": "Auto Reminders Create New Reminder",
              "timedOut": null,
              "duration": 32242,
              "state": "passed",
              "speed": "slow",
              "pass": true,
              "fail": false,
              "pending": false,
              "context": null,
              "code": "Login.ValidLogin();\nReminder.OpenAutoReminders();\nReminder.OpenCreateReminder();\nReminder.EnterReminderDetails();\nReminder.SaveReminder();",
              "err": {},
              "uuid": "6eea14c4-1284-47df-967d-f0e130e05891",
              "parentUUID": "848eb599-d3ad-4d89-af31-efe918cb22a5",
              "isHook": false,
              "skipped": false
            },
            {
              "title": "Edit Reminder",
              "fullTitle": "Auto Reminders Edit Reminder",
              "timedOut": null,
              "duration": 39007,
              "state": "passed",
              "speed": "slow",
              "pass": true,
              "fail": false,
              "pending": false,
              "context": null,
              "code": "Login.ValidLogin();\nLogin.OpenDashboard();\nReminder.OpenAutoReminders();\nReminder.EditReminder();\nReminder.SaveReminder();",
              "err": {},
              "uuid": "4b4e1fc9-92bc-4525-bb9f-c51d70f2294f",
              "parentUUID": "848eb599-d3ad-4d89-af31-efe918cb22a5",
              "isHook": false,
              "skipped": false
            },
            {
              "title": "Delete Reminder",
              "fullTitle": "Auto Reminders Delete Reminder",
              "timedOut": null,
              "duration": 21604,
              "state": "failed",
              "speed": null,
              "pass": false,
              "fail": true,
              "pending": false,
              "context": "{\n  \"title\": \"cypress-mochawesome-reporter-screenshots\",\n  \"value\": [\n    [\n      \"\\\\AutoReminders\\\\Create_Edit_Delete_Reminder.cy.js\\\\Auto Reminders -- Delete Reminder (failed).png\"\n    ]\n  ]\n}",
              "code": "Login.ValidLogin();\nLogin.OpenDashboard();\nReminder.OpenAutoReminders();\nReminder.DeleteReminder();",
              "err": {
                "message": "CypressError: Timed out retrying after 4050ms: `cy.children()` failed because the page updated as a result of this command, but you tried to continue the command chain. The subject is no longer attached to the DOM, and Cypress cannot requery the page after commands such as `cy.children()`.\n\nCommon situations why this happens:\n  - Your JS framework re-rendered asynchronously\n  - Your app code reacted to an event firing and removed the element\n\nYou can typically solve this by breaking up a chain. For example, rewrite:\n\n> `cy.get('button').click().should('have.class', 'active')`\n\nto\n\n> `cy.get('button').as('btn').click()`\n> `cy.get('@btn').should('have.class', 'active')`\n\nhttps://on.cypress.io/element-has-detached-from-dom",
                "estack": "CypressError: Timed out retrying after 4050ms: `cy.children()` failed because the page updated as a result of this command, but you tried to continue the command chain. The subject is no longer attached to the DOM, and Cypress cannot requery the page after commands such as `cy.children()`.\n\nCommon situations why this happens:\n  - Your JS framework re-rendered asynchronously\n  - Your app code reacted to an event firing and removed the element\n\nYou can typically solve this by breaking up a chain. For example, rewrite:\n\n> `cy.get('button').click().should('have.class', 'active')`\n\nto\n\n> `cy.get('button').as('btn').click()`\n> `cy.get('@btn').should('have.class', 'active')`\n\nhttps://on.cypress.io/element-has-detached-from-dom\n    at isAttached (https://apps.callingpost.com/__cypress/runner/cypress_runner.js:145156:58)\n    at validateType (https://apps.callingpost.com/__cypress/runner/cypress_runner.js:145026:9)\n    at Object.isType (https://apps.callingpost.com/__cypress/runner/cypress_runner.js:145061:7)\n    at Array.<anonymous> (https://apps.callingpost.com/__cypress/runner/cypress_runner.js:135373:24)\n    at $Cy.getSubjectFromChain (https://apps.callingpost.com/__cypress/runner/cypress_runner.js:138765:34)\n    at _actionability__WEBPACK_IMPORTED_MODULE_6__.default.verify.subjectFn (https://apps.callingpost.com/__cypress/runner/cypress_runner.js:111635:51)\n    at retryActionability (https://apps.callingpost.com/__cypress/runner/cypress_runner.js:112338:27)\n    at tryCatcher (https://apps.callingpost.com/__cypress/runner/cypress_runner.js:1807:23)\n    at Promise.attempt.Promise.try (https://apps.callingpost.com/__cypress/runner/cypress_runner.js:4315:29)\n    at whenStable (https://apps.callingpost.com/__cypress/runner/cypress_runner.js:143892:68)\n    at <unknown> (https://apps.callingpost.com/__cypress/runner/cypress_runner.js:143833:14)\n    at tryCatcher (https://apps.callingpost.com/__cypress/runner/cypress_runner.js:1807:23)\n    at Promise._settlePromiseFromHandler (https://apps.callingpost.com/__cypress/runner/cypress_runner.js:1519:31)\n    at Promise._settlePromise (https://apps.callingpost.com/__cypress/runner/cypress_runner.js:1576:18)\n    at Promise._settlePromise0 (https://apps.callingpost.com/__cypress/runner/cypress_runner.js:1621:10)\n    at Promise._settlePromises (https://apps.callingpost.com/__cypress/runner/cypress_runner.js:1701:18)\n    at Promise._fulfill (https://apps.callingpost.com/__cypress/runner/cypress_runner.js:1645:18)\n    at <unknown> (https://apps.callingpost.com/__cypress/runner/cypress_runner.js:5450:46)\nFrom Your Spec Code:\n    at Context.eval (webpack://calling-post-automation/./cypress/ClassFiles/AutoReminders/Create_New_Reminder.js:86:13)",
                "diff": null
              },
              "uuid": "3f4311ef-e16c-4bf5-8f57-aac57457af26",
              "parentUUID": "848eb599-d3ad-4d89-af31-efe918cb22a5",
              "isHook": false,
              "skipped": false
            }
          ],
          "suites": [],
          "passes": [
            "6eea14c4-1284-47df-967d-f0e130e05891",
            "4b4e1fc9-92bc-4525-bb9f-c51d70f2294f"
          ],
          "failures": [
            "3f4311ef-e16c-4bf5-8f57-aac57457af26"
          ],
          "pending": [],
          "skipped": [],
          "duration": 92853,
          "root": false,
          "rootEmpty": false,
          "_timeout": 2000
        }
      ],
      "passes": [],
      "failures": [],
      "pending": [],
      "skipped": [],
      "duration": 0,
      "root": true,
      "rootEmpty": true,
      "_timeout": 2000
    }
  ],
  "meta": {
    "mocha": {
      "version": "7.0.1"
    },
    "mochawesome": {
      "options": {
        "quiet": false,
        "reportFilename": "mochawesome",
        "saveHtml": false,
        "saveJson": true,
        "consoleReporter": "spec",
        "useInlineDiffs": false,
        "code": true
      },
      "version": "7.1.3"
    },
    "marge": {
      "options": {
        "overwrite": false,
        "html": false,
        "json": true,
        "reportDir": "cypress\\reports\\html\\.jsons"
      },
      "version": "6.2.0"
    }
  }
}