{
  "stats": {
    "suites": 1,
    "tests": 1,
    "passes": 1,
    "pending": 0,
    "failures": 0,
    "start": "2024-01-31T08:57:23.103Z",
    "end": "2024-01-31T08:57:45.911Z",
    "duration": 22808,
    "testsRegistered": 1,
    "passPercent": 100,
    "pendingPercent": 0,
    "other": 0,
    "hasOther": false,
    "skipped": 0,
    "hasSkipped": false
  },
  "results": [
    {
      "uuid": "23c18418-779f-403d-810f-005e0dc45d81",
      "title": "",
      "fullFile": "cypress\\e2e\\GroupsAndContacts\\AddContactManually.cy.js",
      "file": "cypress\\e2e\\GroupsAndContacts\\AddContactManually.cy.js",
      "beforeHooks": [],
      "afterHooks": [],
      "tests": [],
      "suites": [
        {
          "uuid": "f0cfb652-80e6-482a-aa94-feccc042d3c3",
          "title": "Groups And Contacts",
          "fullFile": "",
          "file": "",
          "beforeHooks": [],
          "afterHooks": [],
          "tests": [
            {
              "title": "Add Contacts Manually",
              "fullTitle": "Groups And Contacts Add Contacts Manually",
              "timedOut": null,
              "duration": 22697,
              "state": "passed",
              "speed": "slow",
              "pass": true,
              "fail": false,
              "pending": false,
              "context": null,
              "code": "Login.ValidLogin();\nGroupsAndContact.OpenGroups();\nGroupsAndContact.AddContactManually();",
              "err": {},
              "uuid": "0f7eb04b-c3a8-47d7-8c08-215517299768",
              "parentUUID": "f0cfb652-80e6-482a-aa94-feccc042d3c3",
              "isHook": false,
              "skipped": false
            }
          ],
          "suites": [],
          "passes": [
            "0f7eb04b-c3a8-47d7-8c08-215517299768"
          ],
          "failures": [],
          "pending": [],
          "skipped": [],
          "duration": 22697,
          "root": false,
          "rootEmpty": false,
          "_timeout": 2000
        }
      ],
      "passes": [],
      "failures": [],
      "pending": [],
      "skipped": [],
      "duration": 0,
      "root": true,
      "rootEmpty": true,
      "_timeout": 2000
    }
  ],
  "meta": {
    "mocha": {
      "version": "7.0.1"
    },
    "mochawesome": {
      "options": {
        "quiet": false,
        "reportFilename": "mochawesome",
        "saveHtml": false,
        "saveJson": true,
        "consoleReporter": "spec",
        "useInlineDiffs": false,
        "code": true
      },
      "version": "7.1.3"
    },
    "marge": {
      "options": {
        "overwrite": false,
        "html": false,
        "json": true,
        "reportDir": "cypress\\reports\\html\\.jsons"
      },
      "version": "6.2.0"
    }
  }
}