{
  "stats": {
    "suites": 1,
    "tests": 1,
    "passes": 1,
    "pending": 0,
    "failures": 0,
    "start": "2023-12-29T22:04:55.116Z",
    "end": "2023-12-29T22:05:18.067Z",
    "duration": 22951,
    "testsRegistered": 1,
    "passPercent": 100,
    "pendingPercent": 0,
    "other": 0,
    "hasOther": false,
    "skipped": 0,
    "hasSkipped": false
  },
  "results": [
    {
      "uuid": "14c44d5f-a6c7-477b-a3ec-0d2302ac963a",
      "title": "",
      "fullFile": "cypress/e2e/StatusAndResults/StatusAndResults.cy.js",
      "file": "cypress/e2e/StatusAndResults/StatusAndResults.cy.js",
      "beforeHooks": [],
      "afterHooks": [],
      "tests": [],
      "suites": [
        {
          "uuid": "7a01ac48-fa24-4d0f-b406-194032997be1",
          "title": "Status And Result",
          "fullFile": "",
          "file": "",
          "beforeHooks": [],
          "afterHooks": [],
          "tests": [
            {
              "title": "C176: Status And Result",
              "fullTitle": "Status And Result C176: Status And Result",
              "timedOut": null,
              "duration": 22933,
              "state": "passed",
              "speed": "slow",
              "pass": true,
              "fail": false,
              "pending": false,
              "context": null,
              "code": "Login.ValidLogin();\nStatusAndResult.OpenStatusAndResult();",
              "err": {},
              "uuid": "b75ea493-40b9-4cd1-a4db-2773e8907c34",
              "parentUUID": "7a01ac48-fa24-4d0f-b406-194032997be1",
              "isHook": false,
              "skipped": false
            }
          ],
          "suites": [],
          "passes": [
            "b75ea493-40b9-4cd1-a4db-2773e8907c34"
          ],
          "failures": [],
          "pending": [],
          "skipped": [],
          "duration": 22933,
          "root": false,
          "rootEmpty": false,
          "_timeout": 2000
        }
      ],
      "passes": [],
      "failures": [],
      "pending": [],
      "skipped": [],
      "duration": 0,
      "root": true,
      "rootEmpty": true,
      "_timeout": 2000
    }
  ],
  "meta": {
    "mocha": {
      "version": "7.0.1"
    },
    "mochawesome": {
      "options": {
        "quiet": false,
        "reportFilename": "mochawesome",
        "saveHtml": false,
        "saveJson": true,
        "consoleReporter": "spec",
        "useInlineDiffs": false,
        "code": true
      },
      "version": "7.1.3"
    },
    "marge": {
      "options": {
        "overwrite": false,
        "html": false,
        "json": true,
        "reportDir": "cypress/reports/html/.jsons"
      },
      "version": "6.2.0"
    }
  }
}