{
  "stats": {
    "suites": 1,
    "tests": 1,
    "passes": 1,
    "pending": 0,
    "failures": 0,
    "start": "2023-12-29T14:13:45.738Z",
    "end": "2023-12-29T14:14:16.535Z",
    "duration": 30797,
    "testsRegistered": 1,
    "passPercent": 100,
    "pendingPercent": 0,
    "other": 0,
    "hasOther": false,
    "skipped": 0,
    "hasSkipped": false
  },
  "results": [
    {
      "uuid": "c20f0fac-ad9a-4f18-aab2-c16bf3fa0dbf",
      "title": "",
      "fullFile": "cypress/e2e/CreateAccount/CreateAccount.cy.js",
      "file": "cypress/e2e/CreateAccount/CreateAccount.cy.js",
      "beforeHooks": [],
      "afterHooks": [],
      "tests": [],
      "suites": [
        {
          "uuid": "d6370d20-9422-46cd-b1ef-d280da506fca",
          "title": "Registration",
          "fullFile": "",
          "file": "",
          "beforeHooks": [],
          "afterHooks": [],
          "tests": [
            {
              "title": "C156: Create Free Account",
              "fullTitle": "Registration C156: Create Free Account",
              "timedOut": null,
              "duration": 30752,
              "state": "passed",
              "speed": "slow",
              "pass": true,
              "fail": false,
              "pending": false,
              "context": null,
              "code": "Registration.OpenRegistration();\nRegistration.AddPhoneNumber();\nRegistration.AddPin();\nRegistration.AddEmail();\nRegistration.AddName();\nRegistration.SelectOrganization();\nRegistration.OpenPlans();",
              "err": {},
              "uuid": "9b855f08-962c-4378-b950-db019529a25b",
              "parentUUID": "d6370d20-9422-46cd-b1ef-d280da506fca",
              "isHook": false,
              "skipped": false
            }
          ],
          "suites": [],
          "passes": [
            "9b855f08-962c-4378-b950-db019529a25b"
          ],
          "failures": [],
          "pending": [],
          "skipped": [],
          "duration": 30752,
          "root": false,
          "rootEmpty": false,
          "_timeout": 2000
        }
      ],
      "passes": [],
      "failures": [],
      "pending": [],
      "skipped": [],
      "duration": 0,
      "root": true,
      "rootEmpty": true,
      "_timeout": 2000
    }
  ],
  "meta": {
    "mocha": {
      "version": "7.0.1"
    },
    "mochawesome": {
      "options": {
        "quiet": false,
        "reportFilename": "mochawesome",
        "saveHtml": false,
        "saveJson": true,
        "consoleReporter": "spec",
        "useInlineDiffs": false,
        "code": true
      },
      "version": "7.1.3"
    },
    "marge": {
      "options": {
        "overwrite": false,
        "html": false,
        "json": true,
        "reportDir": "cypress/reports/html/.jsons"
      },
      "version": "6.2.0"
    }
  }
}