{
  "stats": {
    "suites": 1,
    "tests": 1,
    "passes": 1,
    "pending": 0,
    "failures": 0,
    "start": "2023-12-29T13:58:45.135Z",
    "end": "2023-12-29T13:59:25.606Z",
    "duration": 40471,
    "testsRegistered": 1,
    "passPercent": 100,
    "pendingPercent": 0,
    "other": 0,
    "hasOther": false,
    "skipped": 0,
    "hasSkipped": false
  },
  "results": [
    {
      "uuid": "663b5334-4aa5-469d-b408-cd3ce3da143e",
      "title": "",
      "fullFile": "cypress/e2e/AutoReminders/Create_New_Reminder.cy.js",
      "file": "cypress/e2e/AutoReminders/Create_New_Reminder.cy.js",
      "beforeHooks": [],
      "afterHooks": [],
      "tests": [],
      "suites": [
        {
          "uuid": "3e893f7b-4e65-4aef-b322-b41cfef8c7d6",
          "title": "Auto Reminders",
          "fullFile": "",
          "file": "",
          "beforeHooks": [],
          "afterHooks": [],
          "tests": [
            {
              "title": "C155: Create New Reminder",
              "fullTitle": "Auto Reminders C155: Create New Reminder",
              "timedOut": null,
              "duration": 39547,
              "state": "passed",
              "speed": "slow",
              "pass": true,
              "fail": false,
              "pending": false,
              "context": null,
              "code": "Login.ValidLogin();\nReminder.OpenAutoReminders();\nReminder.OpenCreateReminder();\nReminder.EnterReminderDetails();\nReminder.SaveReminder();",
              "err": {},
              "uuid": "810e1e1a-455a-4cd7-bce6-3b24ef0667d8",
              "parentUUID": "3e893f7b-4e65-4aef-b322-b41cfef8c7d6",
              "isHook": false,
              "skipped": false
            }
          ],
          "suites": [],
          "passes": [
            "810e1e1a-455a-4cd7-bce6-3b24ef0667d8"
          ],
          "failures": [],
          "pending": [],
          "skipped": [],
          "duration": 39547,
          "root": false,
          "rootEmpty": false,
          "_timeout": 2000
        }
      ],
      "passes": [],
      "failures": [],
      "pending": [],
      "skipped": [],
      "duration": 0,
      "root": true,
      "rootEmpty": true,
      "_timeout": 2000
    }
  ],
  "meta": {
    "mocha": {
      "version": "7.0.1"
    },
    "mochawesome": {
      "options": {
        "quiet": false,
        "reportFilename": "mochawesome",
        "saveHtml": false,
        "saveJson": true,
        "consoleReporter": "spec",
        "useInlineDiffs": false,
        "code": true
      },
      "version": "7.1.3"
    },
    "marge": {
      "options": {
        "overwrite": false,
        "html": false,
        "json": true,
        "reportDir": "cypress/reports/html/.jsons"
      },
      "version": "6.2.0"
    }
  }
}