{
  "stats": {
    "suites": 1,
    "tests": 1,
    "passes": 1,
    "pending": 0,
    "failures": 0,
    "start": "2023-12-29T13:52:39.577Z",
    "end": "2023-12-29T13:53:21.470Z",
    "duration": 41893,
    "testsRegistered": 1,
    "passPercent": 100,
    "pendingPercent": 0,
    "other": 0,
    "hasOther": false,
    "skipped": 0,
    "hasSkipped": false
  },
  "results": [
    {
      "uuid": "a272f2b6-a5d5-4ee8-8537-c8ea3ded635b",
      "title": "",
      "fullFile": "cypress/e2e/TextKeywords/CreateKeyword.cy.js",
      "file": "cypress/e2e/TextKeywords/CreateKeyword.cy.js",
      "beforeHooks": [],
      "afterHooks": [],
      "tests": [],
      "suites": [
        {
          "uuid": "5de7786e-f721-449c-b568-f916185e175d",
          "title": "Text Keywords",
          "fullFile": "",
          "file": "",
          "beforeHooks": [],
          "afterHooks": [],
          "tests": [
            {
              "title": "C153: Create Keyword",
              "fullTitle": "Text Keywords C153: Create Keyword",
              "timedOut": null,
              "duration": 32253,
              "state": "passed",
              "speed": "slow",
              "pass": true,
              "fail": false,
              "pending": false,
              "context": null,
              "code": "Login.ValidLogin();\nTextKeyword.OpenTextKeywords();\nTextKeyword.CreateKeyword();\nTextKeyword.EnterKeywordDetails();\nTextKeyword.SaveKeyword();",
              "err": {},
              "uuid": "d44bf7bc-ad9d-4868-87f0-f119c34aa602",
              "parentUUID": "5de7786e-f721-449c-b568-f916185e175d",
              "isHook": false,
              "skipped": false
            }
          ],
          "suites": [],
          "passes": [
            "d44bf7bc-ad9d-4868-87f0-f119c34aa602"
          ],
          "failures": [],
          "pending": [],
          "skipped": [],
          "duration": 32253,
          "root": false,
          "rootEmpty": false,
          "_timeout": 2000
        }
      ],
      "passes": [],
      "failures": [],
      "pending": [],
      "skipped": [],
      "duration": 0,
      "root": true,
      "rootEmpty": true,
      "_timeout": 2000
    }
  ],
  "meta": {
    "mocha": {
      "version": "7.0.1"
    },
    "mochawesome": {
      "options": {
        "quiet": false,
        "reportFilename": "mochawesome",
        "saveHtml": false,
        "saveJson": true,
        "consoleReporter": "spec",
        "useInlineDiffs": false,
        "code": true
      },
      "version": "7.1.3"
    },
    "marge": {
      "options": {
        "overwrite": false,
        "html": false,
        "json": true,
        "reportDir": "cypress/reports/html/.jsons"
      },
      "version": "6.2.0"
    }
  }
}