{
  "stats": {
    "suites": 1,
    "tests": 1,
    "passes": 1,
    "pending": 0,
    "failures": 0,
    "start": "2023-12-29T21:54:35.287Z",
    "end": "2023-12-29T21:55:06.968Z",
    "duration": 31681,
    "testsRegistered": 1,
    "passPercent": 100,
    "pendingPercent": 0,
    "other": 0,
    "hasOther": false,
    "skipped": 0,
    "hasSkipped": false
  },
  "results": [
    {
      "uuid": "466586e2-176c-4fa6-a5a7-64653522b80e",
      "title": "",
      "fullFile": "cypress/e2e/GroupsAndContacts/Add_New_Group.cy.js",
      "file": "cypress/e2e/GroupsAndContacts/Add_New_Group.cy.js",
      "beforeHooks": [],
      "afterHooks": [],
      "tests": [],
      "suites": [
        {
          "uuid": "4e174d9d-2456-4fce-9879-44a5fa0840ac",
          "title": "Groups And Contacts",
          "fullFile": "",
          "file": "",
          "beforeHooks": [],
          "afterHooks": [],
          "tests": [
            {
              "title": "C164: Add New Group",
              "fullTitle": "Groups And Contacts C164: Add New Group",
              "timedOut": null,
              "duration": 31634,
              "state": "passed",
              "speed": "slow",
              "pass": true,
              "fail": false,
              "pending": false,
              "context": null,
              "code": "Login.ValidLogin();\nGroupsAndContact.OpenGroups();\nGroupsAndContact.CreateGroup();",
              "err": {},
              "uuid": "6c762250-eecb-48a0-89c3-f289af566484",
              "parentUUID": "4e174d9d-2456-4fce-9879-44a5fa0840ac",
              "isHook": false,
              "skipped": false
            }
          ],
          "suites": [],
          "passes": [
            "6c762250-eecb-48a0-89c3-f289af566484"
          ],
          "failures": [],
          "pending": [],
          "skipped": [],
          "duration": 31634,
          "root": false,
          "rootEmpty": false,
          "_timeout": 2000
        }
      ],
      "passes": [],
      "failures": [],
      "pending": [],
      "skipped": [],
      "duration": 0,
      "root": true,
      "rootEmpty": true,
      "_timeout": 2000
    }
  ],
  "meta": {
    "mocha": {
      "version": "7.0.1"
    },
    "mochawesome": {
      "options": {
        "quiet": false,
        "reportFilename": "mochawesome",
        "saveHtml": false,
        "saveJson": true,
        "consoleReporter": "spec",
        "useInlineDiffs": false,
        "code": true
      },
      "version": "7.1.3"
    },
    "marge": {
      "options": {
        "overwrite": false,
        "html": false,
        "json": true,
        "reportDir": "cypress/reports/html/.jsons"
      },
      "version": "6.2.0"
    }
  }
}