{
  "stats": {
    "suites": 1,
    "tests": 1,
    "passes": 1,
    "pending": 0,
    "failures": 0,
    "start": "2023-12-29T13:14:03.966Z",
    "end": "2023-12-29T13:14:28.504Z",
    "duration": 24538,
    "testsRegistered": 1,
    "passPercent": 100,
    "pendingPercent": 0,
    "other": 0,
    "hasOther": false,
    "skipped": 0,
    "hasSkipped": false
  },
  "results": [
    {
      "uuid": "89d788de-2cb0-47f8-9095-8532c62eb006",
      "title": "",
      "fullFile": "cypress/e2e/StatusAndResults/RefreshMessage.cy.js",
      "file": "cypress/e2e/StatusAndResults/RefreshMessage.cy.js",
      "beforeHooks": [],
      "afterHooks": [],
      "tests": [],
      "suites": [
        {
          "uuid": "603ea88a-7b47-40f3-a7b1-08f9e9155d94",
          "title": "Status And Result",
          "fullFile": "",
          "file": "",
          "beforeHooks": [],
          "afterHooks": [],
          "tests": [
            {
              "title": "Refresh Message",
              "fullTitle": "Status And Result Refresh Message",
              "timedOut": null,
              "duration": 23637,
              "state": "passed",
              "speed": "slow",
              "pass": true,
              "fail": false,
              "pending": false,
              "context": "{\n  \"title\": \"cypress-mochawesome-reporter-videos-passed\",\n  \"value\": \"cypress/e2e/StatusAndResults/RefreshMessage.cy.js\"\n}",
              "code": "Login.ValidLogin();\nStatusAndResult.OpenStatusAndResult();\nStatusAndResult.RefreshMessage();",
              "err": {},
              "uuid": "b5d93028-548f-4c33-8ec6-d88dc8decaa5",
              "parentUUID": "603ea88a-7b47-40f3-a7b1-08f9e9155d94",
              "isHook": false,
              "skipped": false
            }
          ],
          "suites": [],
          "passes": [
            "b5d93028-548f-4c33-8ec6-d88dc8decaa5"
          ],
          "failures": [],
          "pending": [],
          "skipped": [],
          "duration": 23637,
          "root": false,
          "rootEmpty": false,
          "_timeout": 2000
        }
      ],
      "passes": [],
      "failures": [],
      "pending": [],
      "skipped": [],
      "duration": 0,
      "root": true,
      "rootEmpty": true,
      "_timeout": 2000
    }
  ],
  "meta": {
    "mocha": {
      "version": "7.0.1"
    },
    "mochawesome": {
      "options": {
        "quiet": false,
        "reportFilename": "mochawesome",
        "saveHtml": false,
        "saveJson": true,
        "consoleReporter": "spec",
        "useInlineDiffs": false,
        "code": true
      },
      "version": "7.1.3"
    },
    "marge": {
      "options": {
        "overwrite": false,
        "html": false,
        "json": true,
        "reportDir": "cypress/reports/html/.jsons"
      },
      "version": "6.2.0"
    }
  }
}