{
  "stats": {
    "suites": 1,
    "tests": 1,
    "passes": 1,
    "pending": 0,
    "failures": 0,
    "start": "2023-12-29T21:55:58.795Z",
    "end": "2023-12-29T21:56:45.311Z",
    "duration": 46516,
    "testsRegistered": 1,
    "passPercent": 100,
    "pendingPercent": 0,
    "other": 0,
    "hasOther": false,
    "skipped": 0,
    "hasSkipped": false
  },
  "results": [
    {
      "uuid": "f2ba3aff-4a2d-47d1-819b-c6430ec24264",
      "title": "",
      "fullFile": "cypress/e2e/MessageLibrary/Create_Email_Message.cy.js",
      "file": "cypress/e2e/MessageLibrary/Create_Email_Message.cy.js",
      "beforeHooks": [],
      "afterHooks": [],
      "tests": [],
      "suites": [
        {
          "uuid": "59bfb4dd-ce2c-4e78-b7eb-bfd87ca54e60",
          "title": "Message Library",
          "fullFile": "",
          "file": "",
          "beforeHooks": [],
          "afterHooks": [],
          "tests": [
            {
              "title": "C167: Create Email Message",
              "fullTitle": "Message Library C167: Create Email Message",
              "timedOut": null,
              "duration": 46464,
              "state": "passed",
              "speed": "slow",
              "pass": true,
              "fail": false,
              "pending": false,
              "context": null,
              "code": "Login.ValidLogin();\nEmailMessage.OpenMessageLibrary();\nEmailMessage.CreateEmailMessage();",
              "err": {},
              "uuid": "a90ad744-683d-4196-91e3-2bb755611aea",
              "parentUUID": "59bfb4dd-ce2c-4e78-b7eb-bfd87ca54e60",
              "isHook": false,
              "skipped": false
            }
          ],
          "suites": [],
          "passes": [
            "a90ad744-683d-4196-91e3-2bb755611aea"
          ],
          "failures": [],
          "pending": [],
          "skipped": [],
          "duration": 46464,
          "root": false,
          "rootEmpty": false,
          "_timeout": 2000
        }
      ],
      "passes": [],
      "failures": [],
      "pending": [],
      "skipped": [],
      "duration": 0,
      "root": true,
      "rootEmpty": true,
      "_timeout": 2000
    }
  ],
  "meta": {
    "mocha": {
      "version": "7.0.1"
    },
    "mochawesome": {
      "options": {
        "quiet": false,
        "reportFilename": "mochawesome",
        "saveHtml": false,
        "saveJson": true,
        "consoleReporter": "spec",
        "useInlineDiffs": false,
        "code": true
      },
      "version": "7.1.3"
    },
    "marge": {
      "options": {
        "overwrite": false,
        "html": false,
        "json": true,
        "reportDir": "cypress/reports/html/.jsons"
      },
      "version": "6.2.0"
    }
  }
}