{
  "stats": {
    "suites": 1,
    "tests": 1,
    "passes": 1,
    "pending": 0,
    "failures": 0,
    "start": "2023-12-29T13:02:54.022Z",
    "end": "2023-12-29T13:03:24.370Z",
    "duration": 30348,
    "testsRegistered": 1,
    "passPercent": 100,
    "pendingPercent": 0,
    "other": 0,
    "hasOther": false,
    "skipped": 0,
    "hasSkipped": false
  },
  "results": [
    {
      "uuid": "489adda6-4099-4d0b-bd6a-2c600e50f445",
      "title": "",
      "fullFile": "cypress/e2e/GroupsAndContacts/Add_New_Group.cy.js",
      "file": "cypress/e2e/GroupsAndContacts/Add_New_Group.cy.js",
      "beforeHooks": [],
      "afterHooks": [],
      "tests": [],
      "suites": [
        {
          "uuid": "9ac9515e-c910-413a-8ef6-cac272d615c5",
          "title": "Groups And Contacts",
          "fullFile": "",
          "file": "",
          "beforeHooks": [],
          "afterHooks": [],
          "tests": [
            {
              "title": "Add New Group",
              "fullTitle": "Groups And Contacts Add New Group",
              "timedOut": null,
              "duration": 29355,
              "state": "passed",
              "speed": "slow",
              "pass": true,
              "fail": false,
              "pending": false,
              "context": "{\n  \"title\": \"cypress-mochawesome-reporter-videos-passed\",\n  \"value\": \"cypress/e2e/GroupsAndContacts/Add_New_Group.cy.js\"\n}",
              "code": "Login.ValidLogin();\nGroupsAndContact.OpenGroups();\nGroupsAndContact.CreateGroup();",
              "err": {},
              "uuid": "afac859c-a4fa-418c-813a-0363179f39b1",
              "parentUUID": "9ac9515e-c910-413a-8ef6-cac272d615c5",
              "isHook": false,
              "skipped": false
            }
          ],
          "suites": [],
          "passes": [
            "afac859c-a4fa-418c-813a-0363179f39b1"
          ],
          "failures": [],
          "pending": [],
          "skipped": [],
          "duration": 29355,
          "root": false,
          "rootEmpty": false,
          "_timeout": 2000
        }
      ],
      "passes": [],
      "failures": [],
      "pending": [],
      "skipped": [],
      "duration": 0,
      "root": true,
      "rootEmpty": true,
      "_timeout": 2000
    }
  ],
  "meta": {
    "mocha": {
      "version": "7.0.1"
    },
    "mochawesome": {
      "options": {
        "quiet": false,
        "reportFilename": "mochawesome",
        "saveHtml": false,
        "saveJson": true,
        "consoleReporter": "spec",
        "useInlineDiffs": false,
        "code": true
      },
      "version": "7.1.3"
    },
    "marge": {
      "options": {
        "overwrite": false,
        "html": false,
        "json": true,
        "reportDir": "cypress/reports/html/.jsons"
      },
      "version": "6.2.0"
    }
  }
}